2018-04-16 12:14:05-main--INFO -com.ctaf.accelerators.TestEngine:Starting browser : chrome
2018-04-16 12:14:26-main--INFO -com.ctaf.accelerators.TestEngine:Current Test : TC_02_f_RTDomExtra1Adult1ChildCC
2018-04-16 12:16:59-main--INFO -com.ctaf.accelerators.TestEngine:Starting browser : chrome
2018-04-16 12:17:15-main--INFO -com.ctaf.accelerators.TestEngine:Current Test : TC_02_f_RTDomExtra1Adult1ChildCC
2018-04-16 12:19:14-main--INFO -com.ctaf.accelerators.TestEngine: Able to get TscreenShot
2018-04-16 12:21:31-main--INFO -com.ctaf.accelerators.TestEngine:Starting browser : chrome
2018-04-16 12:21:45-main--INFO -com.ctaf.accelerators.TestEngine:Current Test : TC_02_f_RTDomExtra1Adult1ChildCC
2018-04-16 12:25:31-main--INFO -com.ctaf.accelerators.TestEngine:Starting browser : chrome
2018-04-16 12:25:46-main--INFO -com.ctaf.accelerators.TestEngine:Current Test : TC_02_f_RTDomExtra1Adult1ChildCC
2018-04-16 12:30:00-main--INFO -com.ctaf.accelerators.TestEngine:Starting browser : chrome
2018-04-16 12:30:16-main--INFO -com.ctaf.accelerators.TestEngine:Current Test : TC_02_f_RTDomExtra1Adult1ChildCC
2018-04-16 12:41:51-main--INFO -com.ctaf.accelerators.TestEngine:Starting browser : chrome
2018-04-16 12:42:05-main--INFO -com.ctaf.accelerators.TestEngine:Current Test : TC_11_RTIntlMultiPaxEconomyPartCodeShare
2018-04-16 12:45:48-main--INFO -com.ctaf.accelerators.TestEngine:Starting browser : chrome
2018-04-16 12:46:04-main--INFO -com.ctaf.accelerators.TestEngine:Current Test : TC_11_RTIntlMultiPaxEconomyPartCodeShare
2018-04-16 12:56:11-main--INFO -com.ctaf.accelerators.TestEngine:Starting browser : chrome
2018-04-16 12:56:27-main--INFO -com.ctaf.accelerators.TestEngine:Current Test : TC_11_RTIntlMultiPaxEconomyPartCodeShare
2018-04-16 12:58:57-main--INFO -com.ctaf.accelerators.TestEngine:Starting browser : chrome
2018-04-16 12:59:12-main--INFO -com.ctaf.accelerators.TestEngine:Current Test : TC_11_RTIntlMultiPaxEconomyPartCodeShare
2018-04-16 13:05:16-main--INFO -com.ctaf.accelerators.TestEngine:Starting browser : chrome
2018-04-16 13:05:31-main--INFO -com.ctaf.accelerators.TestEngine:Current Test : TC_11_RTIntlMultiPaxEconomyPartCodeShare
2018-04-16 13:15:43-main--INFO -com.ctaf.accelerators.TestEngine:Starting browser : chrome
2018-04-16 13:15:58-main--INFO -com.ctaf.accelerators.TestEngine:Current Test : TC_12_PayWithCreditShell
2018-04-16 13:19:46-main--INFO -com.ctaf.accelerators.TestEngine: Able to get TscreenShot
2018-04-16 13:29:29-main--INFO -com.ctaf.accelerators.TestEngine:Starting browser : chrome
2018-04-16 13:29:43-main--INFO -com.ctaf.accelerators.TestEngine:Current Test : TC_12_PayWithCreditShell
2018-04-16 13:31:56-main--INFO -com.ctaf.accelerators.TestEngine:Starting browser : chrome
2018-04-16 13:32:09-main--INFO -com.ctaf.accelerators.TestEngine:Current Test : TC_12_PayWithCreditShell
2018-04-16 13:40:15-main--INFO -com.ctaf.accelerators.TestEngine:Starting browser : chrome
2018-04-16 13:40:31-main--INFO -com.ctaf.accelerators.TestEngine:Current Test : TC_12_PayWithCreditShell
2018-04-16 13:44:18-main--INFO -com.ctaf.accelerators.TestEngine: Able to get TscreenShot
2018-04-16 13:47:16-main--INFO -com.ctaf.accelerators.TestEngine:Starting browser : chrome
2018-04-16 13:47:29-main--INFO -com.ctaf.accelerators.TestEngine:Current Test : TC_12_PayWithCreditShell
2018-04-16 14:01:15-main--INFO -com.ctaf.accelerators.TestEngine:Starting browser : chrome
2018-04-16 14:01:29-main--INFO -com.ctaf.accelerators.TestEngine:Current Test : TC_15_EmpLoginOnewayOneAdultStaffStandByChangFlightCancel
2018-04-16 14:05:06-main--INFO -com.ctaf.accelerators.TestEngine: Able to get TscreenShot
2018-04-16 15:14:19-main--INFO -com.ctaf.accelerators.TestEngine:Starting browser : chrome
2018-04-16 15:14:35-main--INFO -com.ctaf.accelerators.TestEngine:Current Test : TC_15_EmpLoginOnewayOneAdultStaffStandByChangFlightCancel
2018-04-16 15:17:51-main--INFO -com.ctaf.accelerators.TestEngine: Able to get TscreenShot
2018-04-16 15:26:49-main--INFO -com.ctaf.accelerators.TestEngine:Starting browser : chrome
2018-04-16 15:27:08-main--INFO -com.ctaf.accelerators.TestEngine:Current Test : TC_15_EmpLoginOnewayOneAdultStaffStandByChangFlightCancel
2018-04-16 15:30:04-main--INFO -com.ctaf.accelerators.TestEngine: Able to get TscreenShot
2018-04-16 15:30:04-main--INFO -com.ctaf.accelerators.TestEngine: Able to get TscreenShot
2018-04-16 15:32:28-main--INFO -com.ctaf.accelerators.TestEngine:Starting browser : chrome
2018-04-16 15:32:44-main--INFO -com.ctaf.accelerators.TestEngine:Current Test : TC_15_EmpLoginOnewayOneAdultStaffStandByChangFlightCancel
2018-04-16 15:43:23-main--INFO -com.ctaf.accelerators.TestEngine:Starting browser : chrome
2018-04-16 15:43:40-main--INFO -com.ctaf.accelerators.TestEngine:Current Test : TC_17_RTChangeflightCheckIN
2018-04-16 15:44:30-main--INFO -com.ctaf.accelerators.TestEngine: Able to get TscreenShot
2018-04-16 15:46:14-main--INFO -com.ctaf.accelerators.TestEngine:Starting browser : chrome
2018-04-16 15:46:26-main--INFO -com.ctaf.accelerators.TestEngine:Current Test : TC_16_EmpLoginStaffConfmedChangeDateCheckIn
2018-04-16 15:49:53-main--INFO -com.ctaf.accelerators.TestEngine: Able to get TscreenShot
2018-04-16 16:10:04-main--INFO -com.ctaf.accelerators.TestEngine:Starting browser : chrome
2018-04-16 16:10:19-main--INFO -com.ctaf.accelerators.TestEngine:Current Test : TC_16_EmpLoginStaffConfmedChangeDateCheckIn
2018-04-16 16:15:38-main--INFO -com.ctaf.accelerators.TestEngine: Able to get TscreenShot
2018-04-16 16:26:30-main--INFO -com.ctaf.accelerators.TestEngine:Starting browser : chrome
2018-04-16 16:26:44-main--INFO -com.ctaf.accelerators.TestEngine:Current Test : TC_16_EmpLoginStaffConfmedChangeDateCheckIn
2018-04-16 16:45:50-main--INFO -com.ctaf.accelerators.TestEngine:Starting browser : chrome
2018-04-16 16:46:21-main--INFO -com.ctaf.accelerators.TestEngine:Current Test : TC_16_EmpLoginStaffConfmedChangeDateCheckIn
2018-04-16 16:50:08-main--INFO -com.ctaf.accelerators.TestEngine: Able to get TscreenShot
2018-04-16 16:53:02-main--INFO -com.ctaf.accelerators.TestEngine:Starting browser : chrome
2018-04-16 16:53:17-main--INFO -com.ctaf.accelerators.TestEngine:Current Test : TC_16_EmpLoginStaffConfmedChangeDateCheckIn
2018-04-16 17:05:24-main--INFO -com.ctaf.accelerators.TestEngine:Starting browser : chrome
2018-04-16 17:05:39-main--INFO -com.ctaf.accelerators.TestEngine:Current Test : TC_16_EmpLoginStaffConfmedChangeDateCheckIn
2018-04-16 17:13:02-main--INFO -com.ctaf.accelerators.TestEngine:Starting browser : chrome
2018-04-16 17:13:31-main--INFO -com.ctaf.accelerators.TestEngine:Current Test : TC_16_EmpLoginStaffConfmedChangeDateCheckIn
2018-04-16 17:14:36-main--INFO -com.ctaf.accelerators.TestEngine:Starting browser : chrome
2018-04-16 17:14:51-main--INFO -com.ctaf.accelerators.TestEngine:Current Test : TC_16_EmpLoginStaffConfmedChangeDateCheckIn
2018-04-16 17:18:16-main--INFO -com.ctaf.accelerators.TestEngine: Able to get TscreenShot
2018-04-16 17:19:12-main--INFO -com.ctaf.accelerators.TestEngine:Starting browser : chrome
2018-04-16 17:19:26-main--INFO -com.ctaf.accelerators.TestEngine:Current Test : TC_16_EmpLoginStaffConfmedChangeDateCheckIn
2018-04-16 17:21:39-main--INFO -com.ctaf.accelerators.TestEngine: Able to get TscreenShot
2018-04-16 17:23:23-main--INFO -com.ctaf.accelerators.TestEngine:Starting browser : chrome
2018-04-16 17:23:36-main--INFO -com.ctaf.accelerators.TestEngine:Current Test : TC_16_EmpLoginStaffConfmedChangeDateCheckIn
2018-04-16 17:26:22-main--INFO -com.ctaf.accelerators.TestEngine:Starting browser : chrome
2018-04-16 17:26:39-main--INFO -com.ctaf.accelerators.TestEngine:Current Test : TC_16_EmpLoginStaffConfmedChangeDateCheckIn
2018-04-16 17:30:19-main--INFO -com.ctaf.accelerators.TestEngine: Able to get TscreenShot
2018-04-16 17:35:38-main--INFO -com.ctaf.accelerators.TestEngine:Starting browser : chrome
2018-04-16 17:35:55-main--INFO -com.ctaf.accelerators.TestEngine:Current Test : TC_16_EmpLoginStaffConfmedChangeDateCheckIn
2018-04-16 17:36:35-main--INFO -com.ctaf.accelerators.TestEngine:Starting browser : chrome
2018-04-16 17:36:56-main--INFO -com.ctaf.accelerators.TestEngine:Current Test : TC_16_EmpLoginStaffConfmedChangeDateCheckIn
2018-04-16 17:44:50-main--INFO -com.ctaf.accelerators.TestEngine:Starting browser : chrome
2018-04-16 17:45:08-main--INFO -com.ctaf.accelerators.TestEngine:Current Test : TC_16_EmpLoginStaffConfmedChangeDateCheckIn
2018-04-16 17:49:10-main--INFO -com.ctaf.accelerators.TestEngine: Able to get TscreenShot
2018-04-16 18:25:59-main--INFO -com.ctaf.accelerators.TestEngine:Starting browser : chrome
2018-04-16 18:26:22-main--INFO -com.ctaf.accelerators.TestEngine:Current Test : TC_23_oneWayDomesticOneAdultCheckInAR
2018-04-16 18:30:11-main--INFO -com.ctaf.accelerators.TestEngine: Able to get TscreenShot
2018-04-16 18:34:55-main--INFO -com.ctaf.accelerators.TestEngine:Starting browser : chrome
2018-04-16 18:35:09-main--INFO -com.ctaf.accelerators.TestEngine:Current Test : TC_23_oneWayDomesticOneAdultCheckInAR
2018-04-16 18:39:21-main--INFO -com.ctaf.accelerators.TestEngine: Able to get TscreenShot
2018-04-16 18:40:14-main--INFO -com.ctaf.accelerators.TestEngine:Starting browser : chrome
2018-04-16 18:40:28-main--INFO -com.ctaf.accelerators.TestEngine:Current Test : TC_23_oneWayDomesticOneAdultCheckInAR
2018-04-16 18:52:28-main--INFO -com.ctaf.accelerators.TestEngine:Starting browser : chrome
2018-04-16 18:52:43-main--INFO -com.ctaf.accelerators.TestEngine:Current Test : TC_23_oneWayDomesticOneAdultCheckInAR
2018-04-16 18:59:35-main--INFO -com.ctaf.accelerators.TestEngine: Able to get TscreenShot
2018-04-16 19:21:36-main--INFO -com.ctaf.accelerators.TestEngine:Starting browser : chrome
2018-04-16 19:21:53-main--INFO -com.ctaf.accelerators.TestEngine:Current Test : TC_23_oneWayDomesticOneAdultCheckInAR
2018-04-16 19:30:46-main--INFO -com.ctaf.accelerators.TestEngine:Starting browser : chrome
2018-04-16 19:31:11-main--INFO -com.ctaf.accelerators.TestEngine:Current Test : TC_23_oneWayDomesticOneAdultCheckInAR
2018-04-16 19:44:28-main--INFO -com.ctaf.accelerators.TestEngine:Starting browser : chrome
2018-04-16 19:44:44-main--INFO -com.ctaf.accelerators.TestEngine:Current Test : TC_17_RTChangeflightCheckIN
2018-04-16 19:51:58-main--INFO -com.ctaf.accelerators.TestEngine: Able to get TscreenShot
2018-04-16 20:05:08-main--INFO -com.ctaf.accelerators.TestEngine:Starting browser : chrome
2018-04-16 20:05:22-main--INFO -com.ctaf.accelerators.TestEngine:Current Test : TC_17_RTChangeflightCheckIN
2018-04-16 20:19:14-main--INFO -com.ctaf.accelerators.TestEngine: Able to get TscreenShot
2018-04-16 20:21:25-main--INFO -com.ctaf.accelerators.TestEngine:Starting browser : chrome
2018-04-16 20:21:41-main--INFO -com.ctaf.accelerators.TestEngine:Current Test : TC_17_RTChangeflightCheckIN
2018-04-16 20:31:40-main--INFO -com.ctaf.accelerators.TestEngine:Starting browser : chrome
2018-04-16 20:31:55-main--INFO -com.ctaf.accelerators.TestEngine:Current Test : TC_17_RTChangeflightCheckIN
2018-04-16 20:41:06-main--INFO -com.ctaf.accelerators.TestEngine:Starting browser : chrome
2018-04-16 20:41:24-main--INFO -com.ctaf.accelerators.TestEngine:Current Test : TC_17_RTChangeflightCheckIN
2018-04-16 21:02:17-main--INFO -com.ctaf.accelerators.TestEngine:Starting browser : chrome
2018-04-16 21:02:37-main--INFO -com.ctaf.accelerators.TestEngine:Current Test : TC_17_RTChangeflightCheckIN
2018-04-16 21:18:12-main--INFO -com.ctaf.accelerators.TestEngine:Starting browser : chrome
2018-04-16 21:18:34-main--INFO -com.ctaf.accelerators.TestEngine:Current Test : TC_17_RTChangeflightCheckIN
2018-04-16 21:28:44-main--INFO -com.ctaf.accelerators.TestEngine:Starting browser : chrome
2018-04-16 21:29:16-main--INFO -com.ctaf.accelerators.TestEngine:Current Test : TC_17_RTChangeflightCheckIN
2018-04-16 21:38:12-main--INFO -com.ctaf.accelerators.TestEngine:Starting browser : chrome
2018-04-16 21:38:30-main--INFO -com.ctaf.accelerators.TestEngine:Current Test : TC_24_anonymousRtDomestic4AdultBusinessAR
2018-04-16 21:40:36-main--INFO -com.ctaf.accelerators.TestEngine: Able to get TscreenShot
2018-04-16 21:40:36-main--INFO -com.ctaf.accelerators.TestEngine: Able to get TscreenShot
2018-04-16 21:47:49-main--INFO -com.ctaf.accelerators.TestEngine:Starting browser : chrome
2018-04-16 21:48:08-main--INFO -com.ctaf.accelerators.TestEngine:Current Test : TC_26_anonymousRtDomestic4AdultBusinessTR
2018-04-16 21:50:13-main--INFO -com.ctaf.accelerators.TestEngine: Able to get TscreenShot
2018-04-16 21:50:14-main--INFO -com.ctaf.accelerators.TestEngine: Able to get TscreenShot
2018-04-16 21:54:41-main--INFO -com.ctaf.accelerators.TestEngine:Starting browser : chrome
2018-04-16 21:54:58-main--INFO -com.ctaf.accelerators.TestEngine:Current Test : TC_26_anonymousRtDomestic4AdultBusinessTR
2018-04-16 21:57:03-main--INFO -com.ctaf.accelerators.TestEngine: Able to get TscreenShot
2018-04-16 21:57:03-main--INFO -com.ctaf.accelerators.TestEngine: Able to get TscreenShot
2018-04-16 22:07:44-main--INFO -com.ctaf.accelerators.TestEngine:Starting browser : chrome
2018-04-16 22:07:59-main--INFO -com.ctaf.accelerators.TestEngine:Current Test : TC_26_anonymousRtDomestic4AdultBusinessTR
2018-04-16 22:13:14-main--INFO -com.ctaf.accelerators.TestEngine:Starting browser : chrome
2018-04-16 22:13:30-main--INFO -com.ctaf.accelerators.TestEngine:Current Test : TC_26_anonymousRtDomestic4AdultBusinessTR
2018-04-16 22:19:15-main--INFO -com.ctaf.accelerators.TestEngine: Able to get TscreenShot
2018-04-16 22:19:15-main--INFO -com.ctaf.accelerators.TestEngine: Able to get TscreenShot
2018-04-16 22:20:37-main--INFO -com.ctaf.accelerators.TestEngine:Starting browser : chrome
2018-04-16 22:20:51-main--INFO -com.ctaf.accelerators.TestEngine:Current Test : TC_26_anonymousRtDomestic4AdultBusinessTR
2018-04-16 22:22:36-main--INFO -com.ctaf.accelerators.TestEngine: Able to get TscreenShot
2018-04-16 22:22:36-main--INFO -com.ctaf.accelerators.TestEngine: Able to get TscreenShot
2018-04-16 22:22:47-main--INFO -com.ctaf.accelerators.TestEngine:Starting browser : chrome
2018-04-16 22:23:01-main--INFO -com.ctaf.accelerators.TestEngine:Current Test : TC_26_anonymousRtDomestic4AdultBusinessTR
2018-04-16 22:32:40-main--INFO -com.ctaf.accelerators.TestEngine:Starting browser : chrome
2018-04-16 22:32:53-main--INFO -com.ctaf.accelerators.TestEngine:Current Test : TC_24_anonymousRtDomestic4AdultBusinessAR
2018-04-16 22:37:13-main--INFO -com.ctaf.accelerators.TestEngine: Able to get TscreenShot
2018-04-16 22:40:05-main--INFO -com.ctaf.accelerators.TestEngine:Starting browser : chrome
2018-04-16 22:40:19-main--INFO -com.ctaf.accelerators.TestEngine:Current Test : TC_24_anonymousRtDomestic4AdultBusinessAR
