2018-04-30 12:09:33-main--INFO -com.ctaf.accelerators.TestEngine:Starting browser : chrome
2018-04-30 12:09:52-main--INFO -com.ctaf.accelerators.TestEngine:Current Test : TC01_a_memberRegistration
2018-04-30 12:11:02-main--INFO -com.ctaf.accelerators.TestEngine: Able to get TscreenShot
2018-04-30 12:11:45-main--INFO -com.ctaf.accelerators.TestEngine:Current Test : TC_01_d_verifyRegistrationFailureWithExistingMailID
2018-04-30 12:13:00-main--INFO -com.ctaf.accelerators.TestEngine:Current Test : TC_01_e_VerifyAccLockOn10IncorrectPswdEntries
2018-04-30 12:15:38-main--INFO -com.ctaf.accelerators.TestEngine:Current Test : TC_01_f_VerifyAlertChildRegistrationNBooking
2018-04-30 12:16:08-main--INFO -com.ctaf.accelerators.TestEngine: Able to get TscreenShot
2018-04-30 12:16:21-main--INFO -com.ctaf.accelerators.TestEngine:Current Test : TC_02_a_oneWayDomSimple1AdultCC
2018-04-30 12:21:25-main--INFO -com.ctaf.accelerators.TestEngine:Current Test : TC_02_b_oneWayDomBusiness1AdultCC
2018-04-30 12:25:50-main--INFO -com.ctaf.accelerators.TestEngine:Current Test : TC_02_c_RTDomSimple1AdultCC
2018-04-30 12:30:49-main--INFO -com.ctaf.accelerators.TestEngine:Current Test : TC_02d_RTDomBusiness1AdultCC
2018-04-30 12:35:34-main--INFO -com.ctaf.accelerators.TestEngine:Current Test : TC_02_f_RTDomExtra1Adult1ChildCC
2018-04-30 12:36:20-main--INFO -com.ctaf.accelerators.TestEngine: Unable to get TscreenShot
2018-04-30 12:36:34-main--INFO -com.ctaf.accelerators.TestEngine:Current Test : TC_02_g_oneWayDomesticSimpleSADAD
2018-04-30 12:40:13-main--INFO -com.ctaf.accelerators.TestEngine:Current Test : TC03a_oneWayDomesticChangeDate
2018-04-30 12:42:22-main--INFO -com.ctaf.accelerators.TestEngine: Able to get TscreenShot
2018-04-30 12:42:36-main--INFO -com.ctaf.accelerators.TestEngine:Current Test : TC03b_oneWayIntlChangeDate
2018-04-30 12:45:06-main--INFO -com.ctaf.accelerators.TestEngine: Able to get TscreenShot
2018-04-30 12:45:19-main--INFO -com.ctaf.accelerators.TestEngine:Current Test : TC04a_oneWaySimpleDomOneAdultCheckin
2018-04-30 12:48:04-main--INFO -com.ctaf.accelerators.TestEngine: Able to get TscreenShot
2018-04-30 12:48:19-main--INFO -com.ctaf.accelerators.TestEngine:Current Test : TC04b_RtIntlOneAdultCheckinFail
2018-04-30 12:50:51-main--INFO -com.ctaf.accelerators.TestEngine: Able to get TscreenShot
2018-04-30 12:51:06-main--INFO -com.ctaf.accelerators.TestEngine:Current Test : TC04c_oneWaySimpleIntlMutiPaxCheckinFail
2018-04-30 12:54:21-main--INFO -com.ctaf.accelerators.TestEngine: Able to get TscreenShot
2018-04-30 12:54:36-main--INFO -com.ctaf.accelerators.TestEngine:Current Test : TC04d_oneWayExtraIntlMutiPaxCheckinFail
2018-04-30 12:55:22-main--INFO -com.ctaf.accelerators.TestEngine: Unable to get TscreenShot
2018-04-30 12:55:37-main--INFO -com.ctaf.accelerators.TestEngine:Current Test : TC04e_oneWayBusinessIntlMutiPaxCheckinFail
2018-04-30 12:59:02-main--INFO -com.ctaf.accelerators.TestEngine: Able to get TscreenShot
2018-04-30 12:59:18-main--INFO -com.ctaf.accelerators.TestEngine:Current Test : TC_06_oneWay2InternationalEco
2018-04-30 13:04:23-main--INFO -com.ctaf.accelerators.TestEngine:Current Test : TC_07_RTDom4adultBusinessCC
2018-04-30 13:10:06-main--INFO -com.ctaf.accelerators.TestEngine: Able to get TscreenShot
2018-04-30 13:10:23-main--INFO -com.ctaf.accelerators.TestEngine:Current Test : TC_08_RTInt1adult1Child1infantBus
2018-04-30 13:15:11-main--INFO -com.ctaf.accelerators.TestEngine:Current Test : TC_10_OwIntlMultiPaxEconomyCordshareBookingMMB
2018-04-30 13:17:06-main--INFO -com.ctaf.accelerators.TestEngine: Able to get TscreenShot
2018-04-30 13:17:06-main--INFO -com.ctaf.accelerators.TestEngine: Able to get TscreenShot
2018-04-30 13:17:22-main--INFO -com.ctaf.accelerators.TestEngine:Current Test : TC_11_RTIntlMultiPaxEconomyPartCodeShare
2018-04-30 13:18:41-main--INFO -com.ctaf.accelerators.TestEngine:Current Test : TC_12_PayWithCreditShell
2018-04-30 13:19:27-main--INFO -com.ctaf.accelerators.TestEngine: Unable to get TscreenShot
2018-04-30 13:19:43-main--INFO -com.ctaf.accelerators.TestEngine:Current Test : TC_13_onewayDomesticwithUSdollars
2018-04-30 13:22:21-main--INFO -com.ctaf.accelerators.TestEngine:Current Test : TC_14_oneWayDomesticwithEuro
2018-04-30 13:26:37-main--INFO -com.ctaf.accelerators.TestEngine:Current Test : TC_15_EmpLoginOnewayOneAdultStaffStandByChangFlightCancel
2018-04-30 13:27:24-main--INFO -com.ctaf.accelerators.TestEngine: Unable to get TscreenShot
2018-04-30 13:27:40-main--INFO -com.ctaf.accelerators.TestEngine:Current Test : TC_16_EmpLoginStaffConfmedChangeDateCheckIn
2018-04-30 13:28:28-main--INFO -com.ctaf.accelerators.TestEngine: Unable to get TscreenShot
2018-04-30 13:28:41-main--INFO -com.ctaf.accelerators.TestEngine:Current Test : TC_17_RTChangeflightCheckIN
2018-04-30 13:34:27-main--INFO -com.ctaf.accelerators.TestEngine: Able to get TscreenShot
2018-04-30 13:34:41-main--INFO -com.ctaf.accelerators.TestEngine:Current Test : TC_18_corporateLoginRToneAdultCancelFlight
2018-04-30 13:35:28-main--INFO -com.ctaf.accelerators.TestEngine: Unable to get TscreenShot
2018-04-30 13:35:41-main--INFO -com.ctaf.accelerators.TestEngine:Current Test : TC_19_agencyLoginRToneAdultoneChild
2018-04-30 13:36:29-main--INFO -com.ctaf.accelerators.TestEngine: Unable to get TscreenShot
2018-04-30 13:36:42-main--INFO -com.ctaf.accelerators.TestEngine:Current Test : TC_23_oneWayDomesticOneAdultCheckInAR
2018-04-30 13:38:07-main--INFO -com.ctaf.accelerators.TestEngine: Able to get TscreenShot
2018-04-30 13:38:25-main--INFO -com.ctaf.accelerators.TestEngine:Current Test : TC_24_anonymousRtDomestic4AdultBusinessAR
2018-04-30 13:39:40-main--INFO -com.ctaf.accelerators.TestEngine:Current Test : TC_25_anonymousOneWayDomesticOneAdultCheckInTR
2018-04-30 13:40:51-main--INFO -com.ctaf.accelerators.TestEngine: Able to get TscreenShot
2018-04-30 13:41:04-main--INFO -com.ctaf.accelerators.TestEngine:Current Test : TC_26_anonymousRtDomestic4AdultBusinessTR
2018-04-30 13:42:39-main--INFO -com.ctaf.accelerators.TestEngine: Able to get TscreenShot
2018-04-30 13:42:57-main--INFO -com.ctaf.accelerators.TestEngine:Current Test : TC_27a_redemptionBookingwithBronzeMember
2018-04-30 13:43:43-main--INFO -com.ctaf.accelerators.TestEngine: Unable to get TscreenShot
2018-04-30 13:43:58-main--INFO -com.ctaf.accelerators.TestEngine:Current Test : TC27b_BookingwithinsufficientBronzepoints
2018-04-30 13:44:58-main--INFO -com.ctaf.accelerators.TestEngine:Current Test : TC_28_redemptionBookingwithSilverMember
2018-04-30 13:45:44-main--INFO -com.ctaf.accelerators.TestEngine: Unable to get TscreenShot
2018-04-30 13:46:01-main--INFO -com.ctaf.accelerators.TestEngine:Current Test : TC_29_redemptionBookingwithGoldMember
2018-04-30 13:46:16-main--INFO -com.ctaf.accelerators.TestEngine:Current Test : TC_30_redemptionBookingwithPlatinumMember
2018-04-30 13:47:02-main--INFO -com.ctaf.accelerators.TestEngine: Unable to get TscreenShot
2018-04-30 13:47:18-main--INFO -com.ctaf.accelerators.TestEngine:Current Test : TC_31_anonymousVerifingBoardingPassVlues
2018-04-30 13:49:57-main--INFO -com.ctaf.accelerators.TestEngine: Able to get TscreenShot
2018-04-30 13:50:10-main--INFO -com.ctaf.accelerators.TestEngine:Current Test : TC_32_anonymousReissueTheTicketWithHigherFare
2018-04-30 13:51:48-main--INFO -com.ctaf.accelerators.TestEngine: Able to get TscreenShot
2018-04-30 13:51:48-main--INFO -com.ctaf.accelerators.TestEngine: Able to get TscreenShot
2018-04-30 13:52:03-main--INFO -com.ctaf.accelerators.TestEngine:Current Test : TC_33_anonymousRevalidateTheTicketWithSameFare
2018-04-30 13:54:43-main--INFO -com.ctaf.accelerators.TestEngine:Current Test : TC_34_BaggageValidation
2018-04-30 13:56:58-main--INFO -com.ctaf.accelerators.TestEngine:Current Test : TC_35_AnonymousOneWayDomesticEconomy_MMB_ModifyExtrasSeat
2018-04-30 14:04:42-main--INFO -com.ctaf.accelerators.TestEngine: Able to get TscreenShot
2018-04-30 14:05:21-main--INFO -com.ctaf.accelerators.TestEngine:Current Test : TC_35_b_AnonymousOwIntlEconomy_MMB_ModifyExtrasSeat
2018-04-30 14:12:54-main--INFO -com.ctaf.accelerators.TestEngine: Able to get TscreenShot
2018-04-30 14:13:14-main--INFO -com.ctaf.accelerators.TestEngine:Current Test : TC_36_EmpLoginOnewayOneAdultStaffStandByModifyEXtras
2018-04-30 14:14:01-main--INFO -com.ctaf.accelerators.TestEngine: Unable to get TscreenShot
2018-04-30 14:14:15-main--INFO -com.ctaf.accelerators.TestEngine:Current Test : TC_37_EmpLoginStaffConfirmedModifyExtras
2018-04-30 14:15:02-main--INFO -com.ctaf.accelerators.TestEngine: Unable to get TscreenShot
2018-04-30 14:15:17-main--INFO -com.ctaf.accelerators.TestEngine:Current Test : TC_38_corporateLoginRoundTripModifyExtras
2018-04-30 14:16:04-main--INFO -com.ctaf.accelerators.TestEngine: Unable to get TscreenShot
2018-04-30 14:16:21-main--INFO -com.ctaf.accelerators.TestEngine:Current Test : TC_39_agencyLoginRondTripModifyExtras
2018-04-30 14:17:08-main--INFO -com.ctaf.accelerators.TestEngine: Unable to get TscreenShot
2018-04-30 14:17:25-main--INFO -com.ctaf.accelerators.TestEngine:Current Test : TC_45_oneWayDomCancelverifyMMB
2018-04-30 14:24:03-main--INFO -com.ctaf.accelerators.TestEngine:Current Test : TC_46_RTDomfullCancelVerifyMMB
2018-04-30 14:30:50-main--INFO -com.ctaf.accelerators.TestEngine:Current Test : TC_47_RTDomCancelDepartingleg
2018-04-30 14:37:09-main--INFO -com.ctaf.accelerators.TestEngine:Current Test : TC_48_RTDomCancelReturningleg
2018-04-30 14:43:08-main--INFO -com.ctaf.accelerators.TestEngine:Current Test : TC_49_RTIntlCancelDepartingleg
2018-04-30 14:49:17-main--INFO -com.ctaf.accelerators.TestEngine:Current Test : TC_50_RTIntlCancelReturningleg
2018-04-30 14:55:29-main--INFO -com.ctaf.accelerators.TestEngine:Current Test : TC_51_RTIntlfullCancelVerifyMMB
2018-04-30 15:02:52-main--INFO -com.ctaf.accelerators.TestEngine:Current Test : TC_52_oneWayDomMMBChangeDateCancel
2018-04-30 15:11:39-main--INFO -com.ctaf.accelerators.TestEngine:Current Test : TC_53_oneWayDomMMBChangeDateCheckIn
2018-04-30 15:21:45-main--INFO -com.ctaf.accelerators.TestEngine:Current Test : TC_54_RtDOMBookingCheckinNaSmiles
2018-04-30 15:22:31-main--INFO -com.ctaf.accelerators.TestEngine: Unable to get TscreenShot
2018-04-30 15:22:46-main--INFO -com.ctaf.accelerators.TestEngine:Current Test : TC_55_oneWayDomesticBusOneAdultAmexBookingAR
2018-04-30 15:23:32-main--INFO -com.ctaf.accelerators.TestEngine: Unable to get TscreenShot
2018-04-30 15:23:46-main--INFO -com.ctaf.accelerators.TestEngine:Current Test : TC_56_RTDomBothLegMMBChangedateSeatsExtrasBaggageLounge
2018-04-30 15:33:05-main--INFO -com.ctaf.accelerators.TestEngine:Current Test : TC_57_RTDomDepartingLegMMBChangedateSeatsExtrasBaggageLounge
2018-04-30 15:38:36-main--INFO -com.ctaf.accelerators.TestEngine: Able to get TscreenShot
2018-04-30 15:38:52-main--INFO -com.ctaf.accelerators.TestEngine:Current Test : TC_58_RTDomReturningLegMMBChangedateSeatsExtrasBaggageLounge
2018-04-30 15:44:22-main--INFO -com.ctaf.accelerators.TestEngine: Able to get TscreenShot
2018-04-30 15:45:02-main--INFO -com.ctaf.accelerators.TestEngine:Current Test : TC_59_RTIntlReturningLegMMBChangedateSeatsExtrasBaggageLounge
2018-04-30 15:45:48-main--INFO -com.ctaf.accelerators.TestEngine: Unable to get TscreenShot
2018-04-30 15:46:27-main--INFO -com.ctaf.accelerators.TestEngine:Current Test : TC_60_RTIntlBothLegMMBChangedateSeatsExtrasBaggageLounge
2018-04-30 15:46:29-main--INFO -com.ctaf.accelerators.TestEngine: Able to get TscreenShot
2018-04-30 15:47:09-main--INFO -com.ctaf.accelerators.TestEngine:Current Test : TC_61A_VerifyAllowableFriendsBooking2A3C1I
2018-04-30 15:47:31-main--INFO -com.ctaf.accelerators.TestEngine: Able to get TscreenShot
2018-04-30 15:48:10-main--INFO -com.ctaf.accelerators.TestEngine:Current Test : TC_62_VerifyAlertOnExceedingfriendsbookinglimit3A3C
2018-04-30 15:48:32-main--INFO -com.ctaf.accelerators.TestEngine: Able to get TscreenShot
2018-04-30 15:49:11-main--INFO -com.ctaf.accelerators.TestEngine:Current Test : TC_63_VerifyAlertOnExceedingfriendsbookinglimit6Adults
2018-04-30 15:49:33-main--INFO -com.ctaf.accelerators.TestEngine: Able to get TscreenShot
2018-04-30 15:49:47-main--INFO -com.ctaf.accelerators.TestEngine:Current Test : TC_64A_TravelPartnerBooking
2018-04-30 15:50:09-main--INFO -com.ctaf.accelerators.TestEngine: Able to get TscreenShot
2018-04-30 15:50:22-main--INFO -com.ctaf.accelerators.TestEngine:Current Test : TC_65A_DomStandByFriendsBookingFeeVerification
2018-04-30 15:50:44-main--INFO -com.ctaf.accelerators.TestEngine: Able to get TscreenShot
2018-04-30 15:50:59-main--INFO -com.ctaf.accelerators.TestEngine:Current Test : TC_65C_IntlStandByFriendsBookingChargeVerification
2018-04-30 15:51:21-main--INFO -com.ctaf.accelerators.TestEngine: Able to get TscreenShot
2018-04-30 15:51:35-main--INFO -com.ctaf.accelerators.TestEngine:Current Test : TC_65D_IntlStaffCnfmdFriendsBookingChargeVerification
2018-04-30 15:51:57-main--INFO -com.ctaf.accelerators.TestEngine: Able to get TscreenShot
2018-04-30 15:52:10-main--INFO -com.ctaf.accelerators.TestEngine:Current Test : TC_66A_PricelockDomFeeVerificationBooking
2018-04-30 15:54:48-main--INFO -com.ctaf.accelerators.TestEngine: Able to get TscreenShot
2018-04-30 15:54:48-main--INFO -com.ctaf.accelerators.TestEngine: Able to get TscreenShot
2018-04-30 15:55:01-main--INFO -com.ctaf.accelerators.TestEngine:Current Test : TC_67A_PricelockDomFeeVerificationBooking
2018-04-30 15:57:37-main--INFO -com.ctaf.accelerators.TestEngine: Able to get TscreenShot
2018-04-30 15:57:37-main--INFO -com.ctaf.accelerators.TestEngine: Able to get TscreenShot
2018-04-30 17:18:22-main--INFO -com.ctaf.accelerators.TestEngine:Starting browser : chrome
2018-04-30 17:18:36-main--INFO -com.ctaf.accelerators.TestEngine:Current Test : TC03a_oneWayDomesticChangeDate
2018-04-30 17:21:06-main--INFO -com.ctaf.accelerators.TestEngine: Able to get TscreenShot
2018-04-30 17:33:05-main--INFO -com.ctaf.accelerators.TestEngine:Starting browser : chrome
2018-04-30 17:33:19-main--INFO -com.ctaf.accelerators.TestEngine:Current Test : TC03a_oneWayDomesticChangeDate
2018-04-30 17:53:32-main--INFO -com.ctaf.accelerators.TestEngine:Starting browser : chrome
2018-04-30 17:53:47-main--INFO -com.ctaf.accelerators.TestEngine:Current Test : TC03a_oneWayDomesticChangeDate
2018-04-30 18:15:15-main--INFO -com.ctaf.accelerators.TestEngine:Starting browser : chrome
2018-04-30 18:15:28-main--INFO -com.ctaf.accelerators.TestEngine:Current Test : TC03a_oneWayDomesticChangeDate
2018-04-30 18:36:20-main--INFO -com.ctaf.accelerators.TestEngine: Able to get TscreenShot
2018-04-30 18:54:06-main--INFO -com.ctaf.accelerators.TestEngine:Starting browser : chrome
2018-04-30 18:54:20-main--INFO -com.ctaf.accelerators.TestEngine:Current Test : TC03a_oneWayDomesticChangeDate
2018-04-30 19:01:42-main--INFO -com.ctaf.accelerators.TestEngine: Able to get TscreenShot
2018-04-30 19:17:46-main--INFO -com.ctaf.accelerators.TestEngine:Starting browser : chrome
2018-04-30 19:18:25-main--INFO -com.ctaf.accelerators.TestEngine:Current Test : TC03a_oneWayDomesticChangeDate
2018-04-30 19:19:12-main--INFO -com.ctaf.accelerators.TestEngine: Unable to get TscreenShot
2018-04-30 19:19:21-main--INFO -com.ctaf.accelerators.TestEngine:Starting browser : chrome
2018-04-30 19:20:01-main--INFO -com.ctaf.accelerators.TestEngine:Current Test : TC03a_oneWayDomesticChangeDate
