2018-04-11 11:59:55-main--INFO -com.ctaf.accelerators.TestEngine:Starting browser : chrome
2018-04-11 12:00:11-main--INFO -com.ctaf.accelerators.TestEngine:Current Test : TC_02d_RTDomBusiness1AdultCC
2018-04-11 12:00:51-main--INFO -com.ctaf.accelerators.TestEngine: Unable to get TscreenShot
2018-04-11 12:02:38-main--INFO -com.ctaf.accelerators.TestEngine:Starting browser : chrome
2018-04-11 12:02:52-main--INFO -com.ctaf.accelerators.TestEngine:Current Test : TC_02d_RTDomBusiness1AdultCC
2018-04-11 12:06:53-main--INFO -com.ctaf.accelerators.TestEngine:Starting browser : chrome
2018-04-11 12:07:09-main--INFO -com.ctaf.accelerators.TestEngine:Current Test : TC_02d_RTDomBusiness1AdultCC
2018-04-11 12:14:07-main--INFO -com.ctaf.accelerators.TestEngine:Starting browser : chrome
2018-04-11 12:14:21-main--INFO -com.ctaf.accelerators.TestEngine:Current Test : TC03a_oneWayDomesticChangeDate
2018-04-11 12:16:23-main--INFO -com.ctaf.accelerators.TestEngine:Starting browser : chrome
2018-04-11 12:16:38-main--INFO -com.ctaf.accelerators.TestEngine:Current Test : TC_02d_RTDomBusiness1AdultCC
2018-04-11 12:19:26-main--INFO -com.ctaf.accelerators.TestEngine:Starting browser : chrome
2018-04-11 12:19:40-main--INFO -com.ctaf.accelerators.TestEngine:Current Test : TC_02d_RTDomBusiness1AdultCC
2018-04-11 12:23:56-main--INFO -com.ctaf.accelerators.TestEngine:Starting browser : chrome
2018-04-11 12:24:14-main--INFO -com.ctaf.accelerators.TestEngine:Current Test : TC03a_oneWayDomesticChangeDate
2018-04-11 12:24:54-main--INFO -com.ctaf.accelerators.TestEngine: Unable to get TscreenShot
2018-04-11 12:26:27-main--INFO -com.ctaf.accelerators.TestEngine:Starting browser : chrome
2018-04-11 12:26:41-main--INFO -com.ctaf.accelerators.TestEngine:Current Test : TC03a_oneWayDomesticChangeDate
2018-04-11 12:28:57-main--INFO -com.ctaf.accelerators.TestEngine:Starting browser : chrome
2018-04-11 12:29:12-main--INFO -com.ctaf.accelerators.TestEngine:Current Test : TC03a_oneWayDomesticChangeDate
2018-04-11 12:41:06-main--INFO -com.ctaf.accelerators.TestEngine:Starting browser : chrome
2018-04-11 12:41:22-main--INFO -com.ctaf.accelerators.TestEngine:Current Test : TC03b_oneWayIntlChangeDate
2018-04-11 12:51:05-main--INFO -com.ctaf.accelerators.TestEngine:Starting browser : chrome
2018-04-11 12:51:21-main--INFO -com.ctaf.accelerators.TestEngine:Current Test : TC03b_oneWayIntlChangeDate
2018-04-11 13:16:47-main--INFO -com.ctaf.accelerators.TestEngine:Starting browser : chrome
2018-04-11 13:17:10-main--INFO -com.ctaf.accelerators.TestEngine:Current Test : TC_18_corporateLoginRToneAdultCancelFlight
2018-04-11 13:21:40-main--INFO -com.ctaf.accelerators.TestEngine:Starting browser : chrome
2018-04-11 13:21:58-main--INFO -com.ctaf.accelerators.TestEngine:Current Test : TC_18_corporateLoginRToneAdultCancelFlight
2018-04-11 13:32:49-main--INFO -com.ctaf.accelerators.TestEngine:Starting browser : chrome
2018-04-11 13:33:05-main--INFO -com.ctaf.accelerators.TestEngine:Current Test : TC_18_corporateLoginRToneAdultCancelFlight
2018-04-11 13:33:48-main--INFO -com.ctaf.accelerators.TestEngine: Unable to get TscreenShot
2018-04-11 13:34:28-main--INFO -com.ctaf.accelerators.TestEngine:Starting browser : chrome
2018-04-11 13:34:44-main--INFO -com.ctaf.accelerators.TestEngine:Current Test : TC_18_corporateLoginRToneAdultCancelFlight
2018-04-11 13:38:16-main--INFO -com.ctaf.accelerators.TestEngine: Able to get TscreenShot
2018-04-11 14:35:22-main--INFO -com.ctaf.accelerators.TestEngine:Starting browser : chrome
2018-04-11 14:35:37-main--INFO -com.ctaf.accelerators.TestEngine:Current Test : TC_18_corporateLoginRToneAdultCancelFlight
2018-04-11 14:42:28-main--INFO -com.ctaf.accelerators.TestEngine:Starting browser : chrome
2018-04-11 14:42:43-main--INFO -com.ctaf.accelerators.TestEngine:Current Test : TC_18_corporateLoginRToneAdultCancelFlight
2018-04-11 14:50:32-main--INFO -com.ctaf.accelerators.TestEngine:Starting browser : chrome
2018-04-11 14:50:54-main--INFO -com.ctaf.accelerators.TestEngine:Current Test : TC_46_RTDomfullCancelVerifyMMB
2018-04-11 14:59:48-main--INFO -com.ctaf.accelerators.TestEngine:Starting browser : chrome
2018-04-11 15:00:09-main--INFO -com.ctaf.accelerators.TestEngine:Current Test : TC_46_RTDomfullCancelVerifyMMB
2018-04-11 15:08:05-main--INFO -com.ctaf.accelerators.TestEngine:Starting browser : chrome
2018-04-11 15:08:23-main--INFO -com.ctaf.accelerators.TestEngine:Current Test : TC_18_corporateLoginRToneAdultCancelFlight
2018-04-11 15:08:39-main--INFO -com.ctaf.accelerators.TestEngine: Able to get TscreenShot
2018-04-11 15:09:53-main--INFO -com.ctaf.accelerators.TestEngine:Starting browser : chrome
2018-04-11 15:10:08-main--INFO -com.ctaf.accelerators.TestEngine:Current Test : TC_18_corporateLoginRToneAdultCancelFlight
2018-04-11 15:40:25-main--INFO -com.ctaf.accelerators.TestEngine:Starting browser : chrome
2018-04-11 15:40:51-main--INFO -com.ctaf.accelerators.TestEngine:Current Test : TC_23_oneWayDomesticOneAdultCheckInAR
2018-04-11 15:54:23-main--INFO -com.ctaf.accelerators.TestEngine:Starting browser : chrome
2018-04-11 15:54:40-main--INFO -com.ctaf.accelerators.TestEngine:Current Test : TC_02_a_oneWayDomSimple1AdultCC
2018-04-11 15:55:35-main--INFO -com.ctaf.accelerators.TestEngine:Current Test : TC_02_b_oneWayDomBusiness1AdultCC
2018-04-11 15:59:00-main--INFO -com.ctaf.accelerators.TestEngine:Current Test : TC_02_c_RTDomSimple1AdultCC
2018-04-11 16:02:40-main--INFO -com.ctaf.accelerators.TestEngine:Current Test : TC_02d_RTDomBusiness1AdultCC
2018-04-11 16:05:39-main--INFO -com.ctaf.accelerators.TestEngine:Current Test : TC03a_oneWayDomesticChangeDate
2018-04-11 16:08:54-main--INFO -com.ctaf.accelerators.TestEngine: Able to get TscreenShot
2018-04-11 16:09:12-main--INFO -com.ctaf.accelerators.TestEngine:Current Test : TC03b_oneWayIntlChangeDate
2018-04-11 16:12:24-main--INFO -com.ctaf.accelerators.TestEngine: Able to get TscreenShot
2018-04-11 16:12:39-main--INFO -com.ctaf.accelerators.TestEngine:Current Test : TC_18_corporateLoginRToneAdultCancelFlight
2018-04-11 16:13:44-main--INFO -com.ctaf.accelerators.TestEngine: Able to get TscreenShot
2018-04-11 16:13:58-main--INFO -com.ctaf.accelerators.TestEngine:Current Test : TC_19_agencyLoginRToneAdultoneChild
2018-04-11 16:17:12-main--INFO -com.ctaf.accelerators.TestEngine:Current Test : TC_23_oneWayDomesticOneAdultCheckInAR
2018-04-11 16:19:58-main--INFO -com.ctaf.accelerators.TestEngine: Able to get TscreenShot
2018-04-11 16:20:14-main--INFO -com.ctaf.accelerators.TestEngine:Current Test : TC_25_anonymousOneWayDomesticOneAdultCheckInTR
2018-04-11 16:22:42-main--INFO -com.ctaf.accelerators.TestEngine: Able to get TscreenShot
2018-04-11 16:22:57-main--INFO -com.ctaf.accelerators.TestEngine:Current Test : TC_66A_PricelockDomFeeVerificationBooking
2018-04-11 16:24:56-main--INFO -com.ctaf.accelerators.TestEngine:Current Test : TC_67A_PricelockDomFeeVerificationBooking
2018-04-11 17:31:03-main--INFO -com.ctaf.accelerators.TestEngine:Starting browser : chrome
2018-04-11 17:31:42-main--INFO -com.ctaf.accelerators.TestEngine:Current Test : TC03a_oneWayDomesticChangeDate
2018-04-11 17:54:34-main--INFO -com.ctaf.accelerators.TestEngine:Starting browser : chrome
2018-04-11 17:54:51-main--INFO -com.ctaf.accelerators.TestEngine:Current Test : TC03a_oneWayDomesticChangeDate
2018-04-11 17:56:04-main--INFO -com.ctaf.accelerators.TestEngine:Starting browser : chrome
2018-04-11 17:56:20-main--INFO -com.ctaf.accelerators.TestEngine:Current Test : TC03a_oneWayDomesticChangeDate
2018-04-11 18:03:23-main--INFO -com.ctaf.accelerators.TestEngine:Starting browser : chrome
2018-04-11 18:03:37-main--INFO -com.ctaf.accelerators.TestEngine:Current Test : TC03a_oneWayDomesticChangeDate
2018-04-11 18:32:20-main--INFO -com.ctaf.accelerators.TestEngine:Starting browser : chrome
2018-04-11 18:32:47-main--INFO -com.ctaf.accelerators.TestEngine:Current Test : TC03a_oneWayDomesticChangeDate
2018-04-11 18:41:50-main--INFO -com.ctaf.accelerators.TestEngine:Starting browser : chrome
2018-04-11 18:42:50-main--INFO -com.ctaf.accelerators.TestEngine:Current Test : TC03a_oneWayDomesticChangeDate
2018-04-11 18:46:15-main--INFO -com.ctaf.accelerators.TestEngine: Able to get TscreenShot
2018-04-11 18:48:06-main--INFO -com.ctaf.accelerators.TestEngine:Starting browser : chrome
2018-04-11 18:48:20-main--INFO -com.ctaf.accelerators.TestEngine:Current Test : TC03a_oneWayDomesticChangeDate
2018-04-11 18:55:52-main--INFO -com.ctaf.accelerators.TestEngine:Starting browser : chrome
2018-04-11 18:56:10-main--INFO -com.ctaf.accelerators.TestEngine:Current Test : TC03a_oneWayDomesticChangeDate
2018-04-11 19:26:19-main--INFO -com.ctaf.accelerators.TestEngine:Starting browser : chrome
2018-04-11 19:26:37-main--INFO -com.ctaf.accelerators.TestEngine:Current Test : TC03a_oneWayDomesticChangeDate
2018-04-11 19:28:56-main--INFO -com.ctaf.accelerators.TestEngine:Current Test : TC03b_oneWayIntlChangeDate
2018-04-11 19:34:50-main--INFO -com.ctaf.accelerators.TestEngine:Current Test : TC_18_corporateLoginRToneAdultCancelFlight
2018-04-11 19:38:49-main--INFO -com.ctaf.accelerators.TestEngine: Able to get TscreenShot
2018-04-11 19:39:07-main--INFO -com.ctaf.accelerators.TestEngine:Current Test : TC_23_oneWayDomesticOneAdultCheckInAR
2018-04-11 19:42:29-main--INFO -com.ctaf.accelerators.TestEngine: Able to get TscreenShot
2018-04-11 19:42:45-main--INFO -com.ctaf.accelerators.TestEngine:Current Test : TC_25_anonymousOneWayDomesticOneAdultCheckInTR
