2018-07-04 19:36:46-main--INFO -com.ctaf.accelerators.TestEngine:Starting browser : chrome
2018-07-04 19:37:10-main--INFO -com.ctaf.accelerators.TestEngine:Current Test : TC01_a_memberRegistration
2018-07-04 19:37:25-main--INFO -com.ctaf.accelerators.TestEngine: Able to get TscreenShot
2018-07-04 19:37:39-main--INFO -com.ctaf.accelerators.TestEngine:Current Test : TC_01_d_verifyRegistrationFailureWithExistingMailID
2018-07-04 19:38:36-main--INFO -com.ctaf.accelerators.TestEngine:Current Test : TC_01_e_VerifyAccLockOn10IncorrectPswdEntries
2018-07-04 19:40:55-main--INFO -com.ctaf.accelerators.TestEngine:Current Test : TC_01_f_VerifyAlertChildRegistrationNBooking
2018-07-04 19:41:29-main--INFO -com.ctaf.accelerators.TestEngine: Able to get TscreenShot
2018-07-04 19:41:42-main--INFO -com.ctaf.accelerators.TestEngine:Current Test : TC_02_a_oneWayDomSimple1AdultCC
2018-07-04 19:47:01-main--INFO -com.ctaf.accelerators.TestEngine:Current Test : TC_02_b_oneWayDomBusiness1AdultCC
2018-07-04 19:51:52-main--INFO -com.ctaf.accelerators.TestEngine:Current Test : TC_02_c_RTDomSimple1AdultCC
2018-07-04 19:56:53-main--INFO -com.ctaf.accelerators.TestEngine:Current Test : TC_02d_RTDomBusiness1AdultCC
2018-07-04 19:57:03-main--INFO -com.ctaf.accelerators.TestEngine: Able to get TscreenShot
2018-07-04 19:57:16-main--INFO -com.ctaf.accelerators.TestEngine:Current Test : TC_02_f_RTDomExtra1Adult1ChildCC
2018-07-04 19:57:27-main--INFO -com.ctaf.accelerators.TestEngine: Able to get TscreenShot
2018-07-04 19:57:40-main--INFO -com.ctaf.accelerators.TestEngine:Current Test : TC_02_g_oneWayDomesticSimpleSADAD
2018-07-04 19:57:50-main--INFO -com.ctaf.accelerators.TestEngine: Able to get TscreenShot
2018-07-04 19:58:03-main--INFO -com.ctaf.accelerators.TestEngine:Current Test : TC03a_oneWayDomesticChangeDate
2018-07-04 19:58:14-main--INFO -com.ctaf.accelerators.TestEngine: Able to get TscreenShot
2018-07-04 19:58:27-main--INFO -com.ctaf.accelerators.TestEngine:Current Test : TC03b_oneWayIntlChangeDate
2018-07-04 20:05:35-main--INFO -com.ctaf.accelerators.TestEngine: Able to get TscreenShot
2018-07-04 20:05:50-main--INFO -com.ctaf.accelerators.TestEngine:Current Test : TC04a_oneWaySimpleDomOneAdultCheckin
2018-07-04 20:06:00-main--INFO -com.ctaf.accelerators.TestEngine: Able to get TscreenShot
2018-07-04 20:06:13-main--INFO -com.ctaf.accelerators.TestEngine:Current Test : TC04b_RtIntlOneAdultCheckinFail
2018-07-04 20:06:23-main--INFO -com.ctaf.accelerators.TestEngine: Able to get TscreenShot
2018-07-04 20:06:36-main--INFO -com.ctaf.accelerators.TestEngine:Current Test : TC04c_oneWaySimpleIntlMutiPaxCheckinFail
2018-07-04 20:10:19-main--INFO -com.ctaf.accelerators.TestEngine: Able to get TscreenShot
2018-07-04 20:10:33-main--INFO -com.ctaf.accelerators.TestEngine:Current Test : TC04d_oneWayExtraIntlMutiPaxCheckinFail
2018-07-04 20:14:04-main--INFO -com.ctaf.accelerators.TestEngine: Able to get TscreenShot
2018-07-04 20:14:22-main--INFO -com.ctaf.accelerators.TestEngine:Current Test : TC04e_oneWayBusinessIntlMutiPaxCheckinFail
2018-07-04 20:17:58-main--INFO -com.ctaf.accelerators.TestEngine: Able to get TscreenShot
2018-07-04 20:18:10-main--INFO -com.ctaf.accelerators.TestEngine:Current Test : TC_06_oneWay2InternationalEco
2018-07-04 20:18:21-main--INFO -com.ctaf.accelerators.TestEngine: Able to get TscreenShot
2018-07-04 20:18:36-main--INFO -com.ctaf.accelerators.TestEngine:Current Test : TC_07_RTDom4adultBusinessCC
2018-07-04 20:24:45-main--INFO -com.ctaf.accelerators.TestEngine:Current Test : TC_08_RTInt1adult1Child1infantBus
2018-07-04 20:24:55-main--INFO -com.ctaf.accelerators.TestEngine: Able to get TscreenShot
2018-07-04 20:25:07-main--INFO -com.ctaf.accelerators.TestEngine:Current Test : TC_10_OwIntlMultiPaxEconomyCordshareBookingMMB
2018-07-04 20:25:18-main--INFO -com.ctaf.accelerators.TestEngine: Able to get TscreenShot
2018-07-04 20:25:32-main--INFO -com.ctaf.accelerators.TestEngine:Current Test : TC_11_RTIntlMultiPaxEconomyPartCodeShare
2018-07-04 20:26:51-main--INFO -com.ctaf.accelerators.TestEngine:Current Test : TC_12_PayWithCreditShell
2018-07-04 20:27:02-main--INFO -com.ctaf.accelerators.TestEngine: Able to get TscreenShot
2018-07-04 20:27:15-main--INFO -com.ctaf.accelerators.TestEngine:Current Test : TC_13_onewayDomesticwithUSdollars
2018-07-04 20:31:50-main--INFO -com.ctaf.accelerators.TestEngine:Current Test : TC_14_oneWayDomesticwithEuro
2018-07-04 20:36:20-main--INFO -com.ctaf.accelerators.TestEngine:Current Test : TC_15_EmpLoginOnewayOneAdultStaffStandByChangFlightCancel
2018-07-04 20:37:07-main--INFO -com.ctaf.accelerators.TestEngine: Unable to get TscreenShot
2018-07-04 20:37:19-main--INFO -com.ctaf.accelerators.TestEngine:Current Test : TC_16_EmpLoginStaffConfmedChangeDateCheckIn
2018-07-04 20:37:29-main--INFO -com.ctaf.accelerators.TestEngine: Able to get TscreenShot
2018-07-04 20:37:41-main--INFO -com.ctaf.accelerators.TestEngine:Current Test : TC_17_RTChangeflightCheckIN
2018-07-04 20:37:52-main--INFO -com.ctaf.accelerators.TestEngine: Able to get TscreenShot
2018-07-04 20:38:03-main--INFO -com.ctaf.accelerators.TestEngine:Current Test : TC_18_corporateLoginRToneAdultCancelFlight
2018-07-04 20:38:51-main--INFO -com.ctaf.accelerators.TestEngine: Unable to get TscreenShot
2018-07-04 20:39:04-main--INFO -com.ctaf.accelerators.TestEngine:Current Test : TC_19_agencyLoginRToneAdultoneChild
2018-07-04 20:39:52-main--INFO -com.ctaf.accelerators.TestEngine: Unable to get TscreenShot
2018-07-04 20:40:04-main--INFO -com.ctaf.accelerators.TestEngine:Current Test : TC_23_oneWayDomesticOneAdultCheckInAR
2018-07-04 20:40:14-main--INFO -com.ctaf.accelerators.TestEngine: Able to get TscreenShot
2018-07-04 20:40:27-main--INFO -com.ctaf.accelerators.TestEngine:Current Test : TC_24_anonymousRtDomestic4AdultBusinessAR
2018-07-04 20:40:37-main--INFO -com.ctaf.accelerators.TestEngine: Able to get TscreenShot
2018-07-04 20:40:51-main--INFO -com.ctaf.accelerators.TestEngine:Current Test : TC_25_anonymousOneWayDomesticOneAdultCheckInTR
2018-07-04 20:43:12-main--INFO -com.ctaf.accelerators.TestEngine: Able to get TscreenShot
2018-07-04 20:43:24-main--INFO -com.ctaf.accelerators.TestEngine:Current Test : TC_26_anonymousRtDomestic4AdultBusinessTR
2018-07-04 20:43:35-main--INFO -com.ctaf.accelerators.TestEngine: Able to get TscreenShot
2018-07-04 20:43:47-main--INFO -com.ctaf.accelerators.TestEngine:Current Test : TC_27a_redemptionBookingwithBronzeMember
2018-07-04 20:43:57-main--INFO -com.ctaf.accelerators.TestEngine: Able to get TscreenShot
2018-07-04 20:44:10-main--INFO -com.ctaf.accelerators.TestEngine:Current Test : TC27b_BookingwithinsufficientBronzepoints
2018-07-04 20:44:20-main--INFO -com.ctaf.accelerators.TestEngine: Able to get TscreenShot
2018-07-04 20:44:34-main--INFO -com.ctaf.accelerators.TestEngine:Current Test : TC_28_redemptionBookingwithSilverMember
2018-07-04 20:44:44-main--INFO -com.ctaf.accelerators.TestEngine: Able to get TscreenShot
2018-07-04 20:44:57-main--INFO -com.ctaf.accelerators.TestEngine:Current Test : TC_29_redemptionBookingwithGoldMember
2018-07-04 20:45:16-main--INFO -com.ctaf.accelerators.TestEngine:Current Test : TC_30_redemptionBookingwithPlatinumMember
2018-07-04 20:46:02-main--INFO -com.ctaf.accelerators.TestEngine: Unable to get TscreenShot
2018-07-04 20:46:14-main--INFO -com.ctaf.accelerators.TestEngine:Current Test : TC_31_anonymousVerifingBoardingPassVlues
2018-07-04 20:47:08-main--INFO -com.ctaf.accelerators.TestEngine: Able to get TscreenShot
2018-07-04 20:47:21-main--INFO -com.ctaf.accelerators.TestEngine:Current Test : TC_32_anonymousReissueTheTicketWithHigherFare
2018-07-04 20:49:03-main--INFO -com.ctaf.accelerators.TestEngine: Able to get TscreenShot
2018-07-04 20:49:03-main--INFO -com.ctaf.accelerators.TestEngine: Able to get TscreenShot
2018-07-04 20:49:15-main--INFO -com.ctaf.accelerators.TestEngine:Current Test : TC_33_anonymousRevalidateTheTicketWithSameFare
2018-07-04 20:50:24-main--INFO -com.ctaf.accelerators.TestEngine:Current Test : TC_34_BaggageValidation
2018-07-04 20:52:52-main--INFO -com.ctaf.accelerators.TestEngine:Current Test : TC_35_AnonymousOneWayDomesticEconomy_MMB_ModifyExtrasSeat
2018-07-04 21:00:46-main--INFO -com.ctaf.accelerators.TestEngine: Able to get TscreenShot
2018-07-04 21:00:58-main--INFO -com.ctaf.accelerators.TestEngine:Current Test : TC_35_b_AnonymousOwIntlEconomy_MMB_ModifyExtrasSeat
2018-07-04 21:08:57-main--INFO -com.ctaf.accelerators.TestEngine: Able to get TscreenShot
2018-07-04 21:09:11-main--INFO -com.ctaf.accelerators.TestEngine:Current Test : TC_36_EmpLoginOnewayOneAdultStaffStandByModifyEXtras
2018-07-04 21:09:59-main--INFO -com.ctaf.accelerators.TestEngine: Unable to get TscreenShot
2018-07-04 21:10:12-main--INFO -com.ctaf.accelerators.TestEngine:Current Test : TC_37_EmpLoginStaffConfirmedModifyExtras
2018-07-04 21:10:59-main--INFO -com.ctaf.accelerators.TestEngine: Unable to get TscreenShot
2018-07-04 21:11:13-main--INFO -com.ctaf.accelerators.TestEngine:Current Test : TC_38_corporateLoginRoundTripModifyExtras
2018-07-04 21:12:00-main--INFO -com.ctaf.accelerators.TestEngine: Unable to get TscreenShot
2018-07-04 21:12:12-main--INFO -com.ctaf.accelerators.TestEngine:Current Test : TC_39_agencyLoginRondTripModifyExtras
2018-07-04 21:12:23-main--INFO -com.ctaf.accelerators.TestEngine: Able to get TscreenShot
2018-07-04 21:12:36-main--INFO -com.ctaf.accelerators.TestEngine:Current Test : TC_45_oneWayDomCancelverifyMMB
2018-07-04 21:18:33-main--INFO -com.ctaf.accelerators.TestEngine: Able to get TscreenShot
2018-07-04 21:18:46-main--INFO -com.ctaf.accelerators.TestEngine:Current Test : TC_46_RTDomfullCancelVerifyMMB
2018-07-04 21:24:51-main--INFO -com.ctaf.accelerators.TestEngine: Able to get TscreenShot
2018-07-04 21:25:03-main--INFO -com.ctaf.accelerators.TestEngine:Current Test : TC_47_RTDomCancelDepartingleg
2018-07-04 21:25:14-main--INFO -com.ctaf.accelerators.TestEngine: Able to get TscreenShot
2018-07-04 21:25:28-main--INFO -com.ctaf.accelerators.TestEngine:Current Test : TC_48_RTDomCancelReturningleg
2018-07-04 21:30:23-main--INFO -com.ctaf.accelerators.TestEngine: Able to get TscreenShot
2018-07-04 21:30:37-main--INFO -com.ctaf.accelerators.TestEngine:Current Test : TC_49_RTIntlCancelDepartingleg
2018-07-04 21:36:56-main--INFO -com.ctaf.accelerators.TestEngine:Current Test : TC_50_RTIntlCancelReturningleg
2018-07-04 21:43:10-main--INFO -com.ctaf.accelerators.TestEngine:Current Test : TC_51_RTIntlfullCancelVerifyMMB
2018-07-04 21:49:19-main--INFO -com.ctaf.accelerators.TestEngine: Able to get TscreenShot
2018-07-04 21:49:32-main--INFO -com.ctaf.accelerators.TestEngine:Current Test : TC_52_oneWayDomMMBChangeDateCancel
2018-07-04 21:49:42-main--INFO -com.ctaf.accelerators.TestEngine: Able to get TscreenShot
2018-07-04 21:49:55-main--INFO -com.ctaf.accelerators.TestEngine:Current Test : TC_53_oneWayDomMMBChangeDateCheckIn
2018-07-04 21:50:05-main--INFO -com.ctaf.accelerators.TestEngine: Able to get TscreenShot
2018-07-04 21:50:18-main--INFO -com.ctaf.accelerators.TestEngine:Current Test : TC_54_RtDOMBookingCheckinNaSmiles
2018-07-04 21:50:28-main--INFO -com.ctaf.accelerators.TestEngine: Able to get TscreenShot
2018-07-04 22:04:47-main--INFO -com.ctaf.accelerators.TestEngine:Starting browser : chrome
2018-07-04 22:05:01-main--INFO -com.ctaf.accelerators.TestEngine:Current Test : TC01_a_memberRegistration
2018-07-04 22:05:17-main--INFO -com.ctaf.accelerators.TestEngine: Able to get TscreenShot
2018-07-04 22:05:30-main--INFO -com.ctaf.accelerators.TestEngine:Current Test : TC_01_d_verifyRegistrationFailureWithExistingMailID
2018-07-04 22:06:21-main--INFO -com.ctaf.accelerators.TestEngine:Current Test : TC_01_e_VerifyAccLockOn10IncorrectPswdEntries
2018-07-04 22:06:36-main--INFO -com.ctaf.accelerators.TestEngine: Able to get TscreenShot
2018-07-04 22:06:49-main--INFO -com.ctaf.accelerators.TestEngine:Current Test : TC_01_f_VerifyAlertChildRegistrationNBooking
2018-07-04 22:07:04-main--INFO -com.ctaf.accelerators.TestEngine: Able to get TscreenShot
2018-07-04 22:07:15-main--INFO -com.ctaf.accelerators.TestEngine:Current Test : TC_02_a_oneWayDomSimple1AdultCC
2018-07-04 22:07:25-main--INFO -com.ctaf.accelerators.TestEngine: Able to get TscreenShot
2018-07-04 22:07:38-main--INFO -com.ctaf.accelerators.TestEngine:Current Test : TC_02_b_oneWayDomBusiness1AdultCC
2018-07-04 22:07:48-main--INFO -com.ctaf.accelerators.TestEngine: Able to get TscreenShot
2018-07-04 22:08:01-main--INFO -com.ctaf.accelerators.TestEngine:Current Test : TC_02_c_RTDomSimple1AdultCC
2018-07-04 22:08:11-main--INFO -com.ctaf.accelerators.TestEngine: Able to get TscreenShot
2018-07-04 22:08:23-main--INFO -com.ctaf.accelerators.TestEngine:Current Test : TC_02d_RTDomBusiness1AdultCC
2018-07-04 22:08:34-main--INFO -com.ctaf.accelerators.TestEngine: Able to get TscreenShot
2018-07-04 22:08:46-main--INFO -com.ctaf.accelerators.TestEngine:Current Test : TC_02_f_RTDomExtra1Adult1ChildCC
2018-07-04 22:08:56-main--INFO -com.ctaf.accelerators.TestEngine: Able to get TscreenShot
2018-07-04 22:09:09-main--INFO -com.ctaf.accelerators.TestEngine:Current Test : TC_02_g_oneWayDomesticSimpleSADAD
2018-07-04 22:09:19-main--INFO -com.ctaf.accelerators.TestEngine: Able to get TscreenShot
2018-07-04 22:09:31-main--INFO -com.ctaf.accelerators.TestEngine:Current Test : TC03a_oneWayDomesticChangeDate
2018-07-04 22:09:42-main--INFO -com.ctaf.accelerators.TestEngine: Able to get TscreenShot
2018-07-04 22:09:55-main--INFO -com.ctaf.accelerators.TestEngine:Current Test : TC03b_oneWayIntlChangeDate
2018-07-04 22:10:06-main--INFO -com.ctaf.accelerators.TestEngine: Able to get TscreenShot
2018-07-04 22:10:19-main--INFO -com.ctaf.accelerators.TestEngine:Current Test : TC04a_oneWaySimpleDomOneAdultCheckin
2018-07-04 22:10:29-main--INFO -com.ctaf.accelerators.TestEngine: Able to get TscreenShot
2018-07-04 22:10:41-main--INFO -com.ctaf.accelerators.TestEngine:Current Test : TC04b_RtIntlOneAdultCheckinFail
2018-07-04 22:10:51-main--INFO -com.ctaf.accelerators.TestEngine: Able to get TscreenShot
2018-07-04 22:11:04-main--INFO -com.ctaf.accelerators.TestEngine:Current Test : TC04c_oneWaySimpleIntlMutiPaxCheckinFail
2018-07-04 22:11:14-main--INFO -com.ctaf.accelerators.TestEngine: Able to get TscreenShot
2018-07-04 22:11:28-main--INFO -com.ctaf.accelerators.TestEngine:Current Test : TC04d_oneWayExtraIntlMutiPaxCheckinFail
2018-07-04 22:11:38-main--INFO -com.ctaf.accelerators.TestEngine: Able to get TscreenShot
2018-07-04 22:11:53-main--INFO -com.ctaf.accelerators.TestEngine:Current Test : TC04e_oneWayBusinessIntlMutiPaxCheckinFail
