2018-04-17 12:56:49-main--INFO -com.ctaf.accelerators.TestEngine:Starting browser : chrome
2018-04-17 12:57:09-main--INFO -com.ctaf.accelerators.TestEngine:Current Test : TC27b_BookingwithinsufficientBronzepoints
2018-04-17 12:59:58-main--INFO -com.ctaf.accelerators.TestEngine:Starting browser : chrome
2018-04-17 13:00:13-main--INFO -com.ctaf.accelerators.TestEngine:Current Test : TC27b_BookingwithinsufficientBronzepoints
2018-04-17 13:09:04-main--INFO -com.ctaf.accelerators.TestEngine:Starting browser : chrome
2018-04-17 13:09:20-main--INFO -com.ctaf.accelerators.TestEngine:Current Test : TC_25_anonymousOneWayDomesticOneAdultCheckInTR
2018-04-17 13:13:29-main--INFO -com.ctaf.accelerators.TestEngine: Able to get TscreenShot
2018-04-17 13:19:16-main--INFO -com.ctaf.accelerators.TestEngine:Starting browser : chrome
2018-04-17 13:19:31-main--INFO -com.ctaf.accelerators.TestEngine:Current Test : TC_25_anonymousOneWayDomesticOneAdultCheckInTR
2018-04-17 13:23:16-main--INFO -com.ctaf.accelerators.TestEngine: Able to get TscreenShot
2018-04-17 13:23:16-main--INFO -com.ctaf.accelerators.TestEngine: Able to get TscreenShot
2018-04-17 13:24:10-main--INFO -com.ctaf.accelerators.TestEngine:Starting browser : chrome
2018-04-17 13:24:26-main--INFO -com.ctaf.accelerators.TestEngine:Current Test : TC_25_anonymousOneWayDomesticOneAdultCheckInTR
2018-04-17 13:28:30-main--INFO -com.ctaf.accelerators.TestEngine: Able to get TscreenShot
2018-04-17 13:36:16-main--INFO -com.ctaf.accelerators.TestEngine:Starting browser : chrome
2018-04-17 13:36:30-main--INFO -com.ctaf.accelerators.TestEngine:Current Test : TC_25_anonymousOneWayDomesticOneAdultCheckInTR
2018-04-17 13:56:44-main--INFO -com.ctaf.accelerators.TestEngine:Starting browser : chrome
2018-04-17 15:27:54-main--INFO -com.ctaf.accelerators.TestEngine:Starting browser : chrome
2018-04-17 15:28:08-main--INFO -com.ctaf.accelerators.TestEngine:Current Test : TC_31_anonymousVerifingBoardingPassVlues
2018-04-17 15:56:38-main--INFO -com.ctaf.accelerators.TestEngine:Starting browser : chrome
2018-04-17 15:56:52-main--INFO -com.ctaf.accelerators.TestEngine:Current Test : TC_31_anonymousVerifingBoardingPassVlues
2018-04-17 15:57:48-main--INFO -com.ctaf.accelerators.TestEngine:Starting browser : chrome
2018-04-17 15:58:02-main--INFO -com.ctaf.accelerators.TestEngine:Current Test : TC_31_anonymousVerifingBoardingPassVlues
2018-04-17 15:59:26-main--INFO -com.ctaf.accelerators.TestEngine:Starting browser : chrome
2018-04-17 15:59:41-main--INFO -com.ctaf.accelerators.TestEngine:Current Test : TC_31_anonymousVerifingBoardingPassVlues
2018-04-17 16:22:01-main--INFO -com.ctaf.accelerators.TestEngine:Starting browser : chrome
2018-04-17 16:22:14-main--INFO -com.ctaf.accelerators.TestEngine:Current Test : TC_31_anonymousVerifingBoardingPassVlues
2018-04-17 16:28:56-main--INFO -com.ctaf.accelerators.TestEngine: Able to get TscreenShot
2018-04-17 16:35:36-main--INFO -com.ctaf.accelerators.TestEngine:Starting browser : chrome
2018-04-17 16:35:50-main--INFO -com.ctaf.accelerators.TestEngine:Current Test : TC_31_anonymousVerifingBoardingPassVlues
2018-04-17 16:49:00-main--INFO -com.ctaf.accelerators.TestEngine:Starting browser : chrome
2018-04-17 16:49:15-main--INFO -com.ctaf.accelerators.TestEngine:Current Test : TC_34_BaggageValidation
2018-04-17 18:19:49-main--INFO -com.ctaf.accelerators.TestEngine:Starting browser : chrome
2018-04-17 18:20:05-main--INFO -com.ctaf.accelerators.TestEngine:Current Test : TC_39_agencyLoginRondTripModifyExtras
2018-04-17 18:23:40-main--INFO -com.ctaf.accelerators.TestEngine:Starting browser : chrome
2018-04-17 18:23:55-main--INFO -com.ctaf.accelerators.TestEngine:Current Test : TC_39_agencyLoginRondTripModifyExtras
2018-04-17 18:31:45-main--INFO -com.ctaf.accelerators.TestEngine:Starting browser : chrome
2018-04-17 18:31:58-main--INFO -com.ctaf.accelerators.TestEngine:Current Test : TC_02_f_RTDomExtra1Adult1ChildCC
2018-04-17 18:40:35-main--INFO -com.ctaf.accelerators.TestEngine:Starting browser : chrome
2018-04-17 18:40:57-main--INFO -com.ctaf.accelerators.TestEngine:Current Test : TC_02_f_RTDomExtra1Adult1ChildCC
2018-04-17 18:46:12-main--INFO -com.ctaf.accelerators.TestEngine:Starting browser : chrome
2018-04-17 18:46:34-main--INFO -com.ctaf.accelerators.TestEngine:Current Test : TC_39_agencyLoginRondTripModifyExtras
2018-04-17 19:12:23-main--INFO -com.ctaf.accelerators.TestEngine:Starting browser : chrome
2018-04-17 19:12:37-main--INFO -com.ctaf.accelerators.TestEngine:Current Test : TC_39_agencyLoginRondTripModifyExtras
2018-04-17 19:19:16-main--INFO -com.ctaf.accelerators.TestEngine: Able to get TscreenShot
2018-04-17 19:21:27-main--INFO -com.ctaf.accelerators.TestEngine:Starting browser : chrome
2018-04-17 19:21:43-main--INFO -com.ctaf.accelerators.TestEngine:Current Test : TC_39_agencyLoginRondTripModifyExtras
2018-04-17 19:30:32-main--INFO -com.ctaf.accelerators.TestEngine:Starting browser : chrome
2018-04-17 19:30:48-main--INFO -com.ctaf.accelerators.TestEngine:Current Test : TC_39_agencyLoginRondTripModifyExtras
2018-04-17 19:31:24-main--INFO -com.ctaf.accelerators.TestEngine:Starting browser : chrome
2018-04-17 19:31:44-main--INFO -com.ctaf.accelerators.TestEngine:Current Test : TC_39_agencyLoginRondTripModifyExtras
2018-04-17 19:46:24-main--INFO -com.ctaf.accelerators.TestEngine:Starting browser : chrome
2018-04-17 19:46:38-main--INFO -com.ctaf.accelerators.TestEngine:Current Test : TC_39_agencyLoginRondTripModifyExtras
2018-04-17 20:16:52-main--INFO -com.ctaf.accelerators.TestEngine:Starting browser : chrome
2018-04-17 20:17:06-main--INFO -com.ctaf.accelerators.TestEngine:Current Test : TC_39_agencyLoginRondTripModifyExtras
2018-04-17 20:23:40-main--INFO -com.ctaf.accelerators.TestEngine: Able to get TscreenShot
2018-04-17 20:24:19-main--INFO -com.ctaf.accelerators.TestEngine:Starting browser : chrome
2018-04-17 20:24:34-main--INFO -com.ctaf.accelerators.TestEngine:Current Test : TC_39_agencyLoginRondTripModifyExtras
2018-04-17 20:38:28-main--INFO -com.ctaf.accelerators.TestEngine:Starting browser : chrome
2018-04-17 20:38:42-main--INFO -com.ctaf.accelerators.TestEngine:Current Test : TC_39_agencyLoginRondTripModifyExtras
