2018-04-09 13:42:43-main--INFO -com.ctaf.accelerators.TestEngine:Starting browser : chrome
2018-04-09 13:43:13-main--INFO -com.ctaf.accelerators.TestEngine:Current Test : TC_02_a_oneWayDomSimple1AdultCC
2018-04-09 13:44:09-main--INFO -com.ctaf.accelerators.TestEngine: Able to get TscreenShot
2018-04-09 13:44:28-main--INFO -com.ctaf.accelerators.TestEngine:Current Test : TC_02_b_oneWayDomBusiness1AdultCC
2018-04-09 13:46:37-main--INFO -com.ctaf.accelerators.TestEngine:Starting browser : chrome
2018-04-09 13:46:57-main--INFO -com.ctaf.accelerators.TestEngine:Current Test : TC_02_a_oneWayDomSimple1AdultCC
2018-04-09 13:49:33-main--INFO -com.ctaf.accelerators.TestEngine:Starting browser : chrome
2018-04-09 13:49:56-main--INFO -com.ctaf.accelerators.TestEngine:Current Test : TC_02_a_oneWayDomSimple1AdultCC
2018-04-09 13:52:44-main--INFO -com.ctaf.accelerators.TestEngine:Starting browser : chrome
2018-04-09 13:53:11-main--INFO -com.ctaf.accelerators.TestEngine:Current Test : TC_02_a_oneWayDomSimple1AdultCC
2018-04-09 14:05:58-main--INFO -com.ctaf.accelerators.TestEngine:Starting browser : chrome
2018-04-09 14:06:18-main--INFO -com.ctaf.accelerators.TestEngine:Current Test : TC_02_a_oneWayDomSimple1AdultCC
2018-04-09 14:07:13-main--INFO -com.ctaf.accelerators.TestEngine: Able to get TscreenShot
2018-04-09 14:07:30-main--INFO -com.ctaf.accelerators.TestEngine:Current Test : TC_02_b_oneWayDomBusiness1AdultCC
2018-04-09 14:10:38-main--INFO -com.ctaf.accelerators.TestEngine:Current Test : TC_02_c_RTDomSimple1AdultCC
2018-04-09 14:13:50-main--INFO -com.ctaf.accelerators.TestEngine:Current Test : TC_02d_RTDomBusiness1AdultCC
2018-04-09 14:14:39-main--INFO -com.ctaf.accelerators.TestEngine: Able to get TscreenShot
2018-04-09 14:14:53-main--INFO -com.ctaf.accelerators.TestEngine:Current Test : TC03a_oneWayDomesticChangeDate
2018-04-09 14:17:48-main--INFO -com.ctaf.accelerators.TestEngine: Able to get TscreenShot
2018-04-09 14:18:04-main--INFO -com.ctaf.accelerators.TestEngine:Current Test : TC03b_oneWayIntlChangeDate
2018-04-09 14:21:00-main--INFO -com.ctaf.accelerators.TestEngine: Able to get TscreenShot
2018-04-09 14:21:14-main--INFO -com.ctaf.accelerators.TestEngine:Current Test : TC_10_OwIntlMultiPaxEconomyCordshareBookingMMB
2018-04-09 14:21:41-main--INFO -com.ctaf.accelerators.TestEngine: Able to get TscreenShot
2018-04-09 14:21:55-main--INFO -com.ctaf.accelerators.TestEngine:Current Test : TC_11_RTIntlMultiPaxEconomyPartCodeShare
2018-04-09 14:22:54-main--INFO -com.ctaf.accelerators.TestEngine:Current Test : TC_18_corporateLoginRToneAdultCancelFlight
2018-04-09 14:24:01-main--INFO -com.ctaf.accelerators.TestEngine: Able to get TscreenShot
2018-04-09 14:24:23-main--INFO -com.ctaf.accelerators.TestEngine:Current Test : TC_19_agencyLoginRToneAdultoneChild
2018-04-09 14:25:27-main--INFO -com.ctaf.accelerators.TestEngine: Able to get TscreenShot
2018-04-09 14:25:46-main--INFO -com.ctaf.accelerators.TestEngine:Current Test : TC_23_oneWayDomesticOneAdultCheckInAR
2018-04-09 14:26:28-main--INFO -com.ctaf.accelerators.TestEngine: Able to get TscreenShot
2018-04-09 14:26:42-main--INFO -com.ctaf.accelerators.TestEngine:Current Test : TC_25_anonymousOneWayDomesticOneAdultCheckInTR
2018-04-09 14:32:07-main--INFO -com.ctaf.accelerators.TestEngine:Current Test : TC_66A_PricelockDomFeeVerificationBooking
2018-04-09 14:33:10-main--INFO -com.ctaf.accelerators.TestEngine: Able to get TscreenShot
2018-04-09 14:33:11-main--INFO -com.ctaf.accelerators.TestEngine: Able to get TscreenShot
2018-04-09 14:33:26-main--INFO -com.ctaf.accelerators.TestEngine:Current Test : TC_67A_PricelockDomFeeVerificationBooking
2018-04-09 14:34:29-main--INFO -com.ctaf.accelerators.TestEngine: Able to get TscreenShot
2018-04-09 14:34:29-main--INFO -com.ctaf.accelerators.TestEngine: Able to get TscreenShot
2018-04-09 15:46:15-main--INFO -com.ctaf.accelerators.TestEngine:Starting browser : chrome
2018-04-09 15:46:31-main--INFO -com.ctaf.accelerators.TestEngine:Current Test : TC_23_oneWayDomesticOneAdultCheckInAR
2018-04-09 15:51:42-main--INFO -com.ctaf.accelerators.TestEngine:Starting browser : chrome
2018-04-09 15:51:55-main--INFO -com.ctaf.accelerators.TestEngine:Current Test : TC_66A_PricelockDomFeeVerificationBooking
2018-04-09 16:20:43-main--INFO -com.ctaf.accelerators.TestEngine:Starting browser : chrome
2018-04-09 16:20:59-main--INFO -com.ctaf.accelerators.TestEngine:Current Test : TC_66A_PricelockDomFeeVerificationBooking
2018-04-09 16:29:43-main--INFO -com.ctaf.accelerators.TestEngine:Starting browser : chrome
2018-04-09 16:30:00-main--INFO -com.ctaf.accelerators.TestEngine:Current Test : TC_66A_PricelockDomFeeVerificationBooking
2018-04-09 16:42:35-main--INFO -com.ctaf.accelerators.TestEngine:Starting browser : chrome
2018-04-09 16:42:49-main--INFO -com.ctaf.accelerators.TestEngine:Current Test : TC_66A_PricelockDomFeeVerificationBooking
2018-04-09 16:46:21-main--INFO -com.ctaf.accelerators.TestEngine:Starting browser : chrome
2018-04-09 16:46:38-main--INFO -com.ctaf.accelerators.TestEngine:Current Test : TC_02_a_oneWayDomSimple1AdultCC
2018-04-09 16:47:33-main--INFO -com.ctaf.accelerators.TestEngine: Able to get TscreenShot
2018-04-09 16:47:48-main--INFO -com.ctaf.accelerators.TestEngine:Current Test : TC_02_b_oneWayDomBusiness1AdultCC
2018-04-09 16:50:44-main--INFO -com.ctaf.accelerators.TestEngine:Current Test : TC_02_c_RTDomSimple1AdultCC
2018-04-09 16:53:54-main--INFO -com.ctaf.accelerators.TestEngine:Current Test : TC_02d_RTDomBusiness1AdultCC
2018-04-09 16:56:04-main--INFO -com.ctaf.accelerators.TestEngine: Able to get TscreenShot
2018-04-09 16:56:18-main--INFO -com.ctaf.accelerators.TestEngine:Current Test : TC03a_oneWayDomesticChangeDate
2018-04-09 16:59:59-main--INFO -com.ctaf.accelerators.TestEngine: Able to get TscreenShot
2018-04-09 17:00:13-main--INFO -com.ctaf.accelerators.TestEngine:Current Test : TC03b_oneWayIntlChangeDate
2018-04-09 17:00:55-main--INFO -com.ctaf.accelerators.TestEngine: Unable to get TscreenShot
2018-04-09 17:01:11-main--INFO -com.ctaf.accelerators.TestEngine:Current Test : TC_10_OwIntlMultiPaxEconomyCordshareBookingMMB
2018-04-09 17:01:40-main--INFO -com.ctaf.accelerators.TestEngine: Able to get TscreenShot
2018-04-09 17:01:52-main--INFO -com.ctaf.accelerators.TestEngine:Current Test : TC_11_RTIntlMultiPaxEconomyPartCodeShare
2018-04-09 17:02:52-main--INFO -com.ctaf.accelerators.TestEngine:Current Test : TC_18_corporateLoginRToneAdultCancelFlight
2018-04-09 17:03:32-main--INFO -com.ctaf.accelerators.TestEngine: Unable to get TscreenShot
2018-04-09 17:03:45-main--INFO -com.ctaf.accelerators.TestEngine:Current Test : TC_19_agencyLoginRToneAdultoneChild
2018-04-09 17:05:35-main--INFO -com.ctaf.accelerators.TestEngine: Able to get TscreenShot
2018-04-09 17:05:53-main--INFO -com.ctaf.accelerators.TestEngine:Current Test : TC_23_oneWayDomesticOneAdultCheckInAR
2018-04-09 17:08:29-main--INFO -com.ctaf.accelerators.TestEngine: Able to get TscreenShot
2018-04-09 17:08:46-main--INFO -com.ctaf.accelerators.TestEngine:Current Test : TC_25_anonymousOneWayDomesticOneAdultCheckInTR
2018-04-09 17:11:36-main--INFO -com.ctaf.accelerators.TestEngine: Able to get TscreenShot
2018-04-09 17:11:52-main--INFO -com.ctaf.accelerators.TestEngine:Current Test : TC_66A_PricelockDomFeeVerificationBooking
2018-04-09 17:13:41-main--INFO -com.ctaf.accelerators.TestEngine: Able to get TscreenShot
2018-04-09 17:13:41-main--INFO -com.ctaf.accelerators.TestEngine: Able to get TscreenShot
2018-04-09 17:13:57-main--INFO -com.ctaf.accelerators.TestEngine:Current Test : TC_67A_PricelockDomFeeVerificationBooking
2018-04-09 17:15:46-main--INFO -com.ctaf.accelerators.TestEngine: Able to get TscreenShot
2018-04-09 17:15:46-main--INFO -com.ctaf.accelerators.TestEngine: Able to get TscreenShot
2018-04-09 17:34:33-main--INFO -com.ctaf.accelerators.TestEngine:Starting browser : chrome
2018-04-09 17:34:51-main--INFO -com.ctaf.accelerators.TestEngine:Current Test : TC_02_a_oneWayDomSimple1AdultCC
2018-04-09 17:35:48-main--INFO -com.ctaf.accelerators.TestEngine: Able to get TscreenShot
2018-04-09 17:36:36-main--INFO -com.ctaf.accelerators.TestEngine:Starting browser : chrome
2018-04-09 17:36:51-main--INFO -com.ctaf.accelerators.TestEngine:Current Test : TC_02_a_oneWayDomSimple1AdultCC
2018-04-09 17:40:47-main--INFO -com.ctaf.accelerators.TestEngine:Starting browser : chrome
2018-04-09 17:41:04-main--INFO -com.ctaf.accelerators.TestEngine:Current Test : TC_02_a_oneWayDomSimple1AdultCC
2018-04-09 17:59:03-main--INFO -com.ctaf.accelerators.TestEngine:Starting browser : chrome
2018-04-09 17:59:19-main--INFO -com.ctaf.accelerators.TestEngine:Current Test : TC_02_a_oneWayDomSimple1AdultCC
2018-04-09 19:12:00-main--INFO -com.ctaf.accelerators.TestEngine:Starting browser : chrome
2018-04-09 19:12:17-main--INFO -com.ctaf.accelerators.TestEngine:Current Test : TC_02_a_oneWayDomSimple1AdultCC
