2018-03-05 13:04:16-main--INFO -com.ctaf.accelerators.TestEngine:Starting browser : chrome
2018-03-05 13:04:47-main--INFO -com.ctaf.accelerators.TestEngine:Current Test : TC_20_memberRegistration
2018-03-05 15:13:04-main--INFO -com.ctaf.accelerators.TestEngine:Starting browser : chrome
2018-03-05 15:13:27-main--INFO -com.ctaf.accelerators.TestEngine:Current Test : TC_01_d_verifyRegistrationFailureWithExistingMailID
2018-03-05 15:14:42-main--INFO -com.ctaf.accelerators.TestEngine:Current Test : TC_01_e_VerifyAccLockOn10IncorrectPswdEntries
2018-03-05 15:17:17-main--INFO -com.ctaf.accelerators.TestEngine:Current Test : TC_01_f_VerifyAlertChildRegistrationNBooking
2018-03-05 15:21:57-main--INFO -com.ctaf.accelerators.TestEngine: Able to get TscreenShot
2018-03-05 15:22:16-main--INFO -com.ctaf.accelerators.TestEngine:Current Test : TC_02_a_oneWayDomSimple1AdultCC
2018-03-05 15:30:23-main--INFO -com.ctaf.accelerators.TestEngine: Able to get TscreenShot
2018-03-05 15:30:39-main--INFO -com.ctaf.accelerators.TestEngine:Current Test : TC_02_b_oneWayDomBusiness1AdultCC
2018-03-05 15:35:44-main--INFO -com.ctaf.accelerators.TestEngine: Able to get TscreenShot
2018-03-05 15:36:07-main--INFO -com.ctaf.accelerators.TestEngine:Current Test : TC_02_c_RTDomSimple1AdultCC
2018-03-05 15:44:21-main--INFO -com.ctaf.accelerators.TestEngine: Able to get TscreenShot
2018-03-05 15:44:37-main--INFO -com.ctaf.accelerators.TestEngine:Current Test : TC_02d_RTDomBusiness1AdultCC
2018-03-05 15:50:02-main--INFO -com.ctaf.accelerators.TestEngine: Able to get TscreenShot
2018-03-05 15:50:20-main--INFO -com.ctaf.accelerators.TestEngine:Current Test : TC_02e_RTIntlBusiness1AdultCC
2018-03-05 15:50:23-main--INFO -com.ctaf.accelerators.TestEngine: Able to get TscreenShot
2018-03-05 15:50:45-main--INFO -com.ctaf.accelerators.TestEngine:Current Test : TC_02_f_RTDomExtra1Adult1ChildCC
2018-03-05 15:51:24-main--INFO -com.ctaf.accelerators.TestEngine: Unable to get TscreenShot
2018-03-05 15:51:43-main--INFO -com.ctaf.accelerators.TestEngine:Current Test : TC_02_g_oneWayDomesticSimpleSADAD
2018-03-05 15:56:49-main--INFO -com.ctaf.accelerators.TestEngine: Able to get TscreenShot
2018-03-05 15:57:04-main--INFO -com.ctaf.accelerators.TestEngine:Current Test : TC03a_oneWayDomesticChangeDate
2018-03-05 16:00:16-main--INFO -com.ctaf.accelerators.TestEngine: Able to get TscreenShot
2018-03-05 16:00:34-main--INFO -com.ctaf.accelerators.TestEngine:Current Test : TC03b_oneWayIntlChangeDate
2018-03-05 16:05:40-main--INFO -com.ctaf.accelerators.TestEngine: Able to get TscreenShot
2018-03-05 16:05:58-main--INFO -com.ctaf.accelerators.TestEngine:Current Test : TC04a_oneWaySimpleDomOneAdultCheckin
2018-03-05 16:11:23-main--INFO -com.ctaf.accelerators.TestEngine: Able to get TscreenShot
2018-03-05 16:11:42-main--INFO -com.ctaf.accelerators.TestEngine:Current Test : TC04b_RtIntlOneAdultCheckinFail
2018-03-05 16:12:22-main--INFO -com.ctaf.accelerators.TestEngine: Unable to get TscreenShot
2018-03-05 16:12:39-main--INFO -com.ctaf.accelerators.TestEngine:Current Test : TC04c_oneWaySimpleIntlMutiPaxCheckinFail
2018-03-05 16:16:52-main--INFO -com.ctaf.accelerators.TestEngine: Able to get TscreenShot
2018-03-05 16:16:52-main--INFO -com.ctaf.accelerators.TestEngine: Able to get TscreenShot
2018-03-05 16:17:11-main--INFO -com.ctaf.accelerators.TestEngine:Current Test : TC04d_oneWayExtraIntlMutiPaxCheckinFail
2018-03-05 16:23:09-main--INFO -com.ctaf.accelerators.TestEngine: Able to get TscreenShot
2018-03-05 16:23:25-main--INFO -com.ctaf.accelerators.TestEngine:Current Test : TC04e_oneWayBusinessIntlMutiPaxCheckinFail
2018-03-05 16:29:31-main--INFO -com.ctaf.accelerators.TestEngine: Able to get TscreenShot
2018-03-05 16:29:48-main--INFO -com.ctaf.accelerators.TestEngine:Current Test : TC_06_oneWay2InternationalEco
2018-03-05 16:34:01-main--INFO -com.ctaf.accelerators.TestEngine: Able to get TscreenShot
2018-03-05 16:34:01-main--INFO -com.ctaf.accelerators.TestEngine: Able to get TscreenShot
2018-03-05 16:34:17-main--INFO -com.ctaf.accelerators.TestEngine:Current Test : TC_07_RTDom4adultBusinessCC
2018-03-05 16:44:18-main--INFO -com.ctaf.accelerators.TestEngine: Able to get TscreenShot
2018-03-05 16:44:18-main--INFO -com.ctaf.accelerators.TestEngine: Able to get TscreenShot
2018-03-05 16:44:38-main--INFO -com.ctaf.accelerators.TestEngine:Current Test : TC_08_RTInt1adult1Child1infantBus
2018-03-05 16:53:13-main--INFO -com.ctaf.accelerators.TestEngine: Able to get TscreenShot
2018-03-05 16:53:32-main--INFO -com.ctaf.accelerators.TestEngine:Current Test : TC_10_OwMultiSimpleIntlCordshareBookingMMB
2018-03-05 16:55:44-main--INFO -com.ctaf.accelerators.TestEngine: Able to get TscreenShot
2018-03-05 16:56:04-main--INFO -com.ctaf.accelerators.TestEngine:Current Test : TC_11oneAdultoneChildoneInfantPartCodeShare
2018-03-05 16:56:43-main--INFO -com.ctaf.accelerators.TestEngine: Able to get TscreenShot
2018-03-05 16:57:08-main--INFO -com.ctaf.accelerators.TestEngine:Current Test : TC_12_PayWithCreditShell
2018-03-05 16:57:48-main--INFO -com.ctaf.accelerators.TestEngine: Unable to get TscreenShot
2018-03-05 16:58:12-main--INFO -com.ctaf.accelerators.TestEngine:Current Test : TC_13_onewayDomesticwithUSdollars
2018-03-05 16:59:50-main--INFO -com.ctaf.accelerators.TestEngine:Current Test : TC_14_oneWayDomesticwithEuro
2018-03-05 17:07:37-main--INFO -com.ctaf.accelerators.TestEngine: Able to get TscreenShot
2018-03-05 17:07:37-main--INFO -com.ctaf.accelerators.TestEngine: Able to get TscreenShot
2018-03-05 17:07:57-main--INFO -com.ctaf.accelerators.TestEngine:Current Test : TC_15_EmpLoginOnewayOneAdultStaffStandByChangFlightCancel
2018-03-05 17:13:17-main--INFO -com.ctaf.accelerators.TestEngine: Able to get TscreenShot
2018-03-05 17:13:35-main--INFO -com.ctaf.accelerators.TestEngine:Current Test : TC_16_EmpLoginStaffConfmedChangeDateCheckIn
2018-03-05 17:22:46-main--INFO -com.ctaf.accelerators.TestEngine: Able to get TscreenShot
2018-03-05 17:23:09-main--INFO -com.ctaf.accelerators.TestEngine:Current Test : TC_17_RTChangeflightCheckIN
2018-03-05 17:31:24-main--INFO -com.ctaf.accelerators.TestEngine: Able to get TscreenShot
2018-03-05 17:31:42-main--INFO -com.ctaf.accelerators.TestEngine:Current Test : TC_18_corporateLoginRToneAdultCancelFlight
2018-03-05 17:39:04-main--INFO -com.ctaf.accelerators.TestEngine: Able to get TscreenShot
2018-03-05 17:39:04-main--INFO -com.ctaf.accelerators.TestEngine: Able to get TscreenShot
2018-03-05 17:39:24-main--INFO -com.ctaf.accelerators.TestEngine:Current Test : TC_19_agencyLoginRToneAdultoneChild
2018-03-05 17:46:51-main--INFO -com.ctaf.accelerators.TestEngine: Able to get TscreenShot
2018-03-05 17:46:52-main--INFO -com.ctaf.accelerators.TestEngine: Able to get TscreenShot
2018-03-05 17:47:35-main--INFO -com.ctaf.accelerators.TestEngine:Current Test : TC_23_oneWayDomesticOneAdultCheckInAR
2018-03-05 17:51:41-main--INFO -com.ctaf.accelerators.TestEngine: Able to get TscreenShot
2018-03-05 17:51:41-main--INFO -com.ctaf.accelerators.TestEngine: Able to get TscreenShot
2018-03-05 17:52:04-main--INFO -com.ctaf.accelerators.TestEngine:Current Test : TC_24_anonymousRtDomestic4AdultBusinessAR
2018-03-05 18:00:26-main--INFO -com.ctaf.accelerators.TestEngine: Able to get TscreenShot
2018-03-05 18:00:44-main--INFO -com.ctaf.accelerators.TestEngine:Current Test : TC_25_anonymousOneWayDomesticOneAdultCheckInTR
2018-03-05 18:04:56-main--INFO -com.ctaf.accelerators.TestEngine: Able to get TscreenShot
2018-03-05 18:04:56-main--INFO -com.ctaf.accelerators.TestEngine: Able to get TscreenShot
2018-03-05 18:05:18-main--INFO -com.ctaf.accelerators.TestEngine:Current Test : TC_26_anonymousRtDomestic4AdultBusinessTR
2018-03-05 18:13:42-main--INFO -com.ctaf.accelerators.TestEngine: Able to get TscreenShot
2018-03-05 18:13:57-main--INFO -com.ctaf.accelerators.TestEngine:Current Test : TC_27a_redemptionBookingwithBronzeMember
2018-03-05 18:14:37-main--INFO -com.ctaf.accelerators.TestEngine: Unable to get TscreenShot
2018-03-05 18:14:53-main--INFO -com.ctaf.accelerators.TestEngine:Current Test : TC27b_BookingwithinsufficientBronzepoints
2018-03-05 18:15:13-main--INFO -com.ctaf.accelerators.TestEngine:Current Test : TC_28_redemptionBookingwithSilverMember
2018-03-05 18:15:53-main--INFO -com.ctaf.accelerators.TestEngine: Unable to get TscreenShot
2018-03-05 18:16:09-main--INFO -com.ctaf.accelerators.TestEngine:Current Test : TC_29_redemptionBookingwithGoldMember
2018-03-05 18:16:27-main--INFO -com.ctaf.accelerators.TestEngine:Current Test : TC_30_redemptionBookingwithPlatinumMember
2018-03-05 18:16:44-main--INFO -com.ctaf.accelerators.TestEngine:Current Test : TC_31_anonymousVerifingBoardingPassVlues
2018-03-05 18:20:48-main--INFO -com.ctaf.accelerators.TestEngine: Able to get TscreenShot
2018-03-05 18:20:48-main--INFO -com.ctaf.accelerators.TestEngine: Able to get TscreenShot
2018-03-05 18:21:04-main--INFO -com.ctaf.accelerators.TestEngine:Current Test : TC_32_anonymousReissueTheTicketWithHigherFare
2018-03-05 18:25:09-main--INFO -com.ctaf.accelerators.TestEngine: Able to get TscreenShot
2018-03-05 18:25:09-main--INFO -com.ctaf.accelerators.TestEngine: Able to get TscreenShot
2018-03-05 18:25:26-main--INFO -com.ctaf.accelerators.TestEngine:Current Test : TC_33_anonymousRevalidateTheTicketWithSameFare
2018-03-05 18:29:30-main--INFO -com.ctaf.accelerators.TestEngine: Able to get TscreenShot
2018-03-05 18:29:31-main--INFO -com.ctaf.accelerators.TestEngine: Able to get TscreenShot
2018-03-05 18:29:45-main--INFO -com.ctaf.accelerators.TestEngine:Current Test : TC_34_BaggageValidation
2018-03-05 18:34:33-main--INFO -com.ctaf.accelerators.TestEngine: Able to get TscreenShot
2018-03-05 18:34:49-main--INFO -com.ctaf.accelerators.TestEngine:Current Test : TC_35_AnonymousOneWayDomesticEconomy_MMB_ModifyExtrasSeat
2018-03-05 18:38:51-main--INFO -com.ctaf.accelerators.TestEngine: Able to get TscreenShot
2018-03-05 18:38:52-main--INFO -com.ctaf.accelerators.TestEngine: Able to get TscreenShot
2018-03-05 18:39:08-main--INFO -com.ctaf.accelerators.TestEngine:Current Test : TC_35_b_AnonymousOwIntlEconomy_MMB_ModifyExtrasSeat
2018-03-05 18:43:12-main--INFO -com.ctaf.accelerators.TestEngine: Able to get TscreenShot
2018-03-05 18:43:12-main--INFO -com.ctaf.accelerators.TestEngine: Able to get TscreenShot
2018-03-05 18:43:29-main--INFO -com.ctaf.accelerators.TestEngine:Current Test : TC_36_EmpLoginOnewayOneAdultStaffStandByModifyEXtras
2018-03-05 18:49:12-main--INFO -com.ctaf.accelerators.TestEngine: Able to get TscreenShot
2018-03-05 18:49:29-main--INFO -com.ctaf.accelerators.TestEngine:Current Test : TC_37_EmpLoginStaffConfirmedModifyExtras
2018-03-05 18:59:12-main--INFO -com.ctaf.accelerators.TestEngine: Able to get TscreenShot
2018-03-05 18:59:29-main--INFO -com.ctaf.accelerators.TestEngine:Current Test : TC_38_corporateLoginRoundTripModifyExtras
2018-03-05 19:06:41-main--INFO -com.ctaf.accelerators.TestEngine: Able to get TscreenShot
2018-03-05 19:06:41-main--INFO -com.ctaf.accelerators.TestEngine: Able to get TscreenShot
2018-03-05 19:07:00-main--INFO -com.ctaf.accelerators.TestEngine:Current Test : TC_39_agencyLoginRondTripModifyExtras
2018-03-05 19:14:20-main--INFO -com.ctaf.accelerators.TestEngine: Able to get TscreenShot
2018-03-05 19:14:20-main--INFO -com.ctaf.accelerators.TestEngine: Able to get TscreenShot
2018-03-05 19:14:37-main--INFO -com.ctaf.accelerators.TestEngine:Current Test : TC_45_oneWayDomCancelverifyMMB
2018-03-05 19:19:42-main--INFO -com.ctaf.accelerators.TestEngine: Able to get TscreenShot
2018-03-05 19:19:57-main--INFO -com.ctaf.accelerators.TestEngine:Current Test : TC_46_RTDomfullCancelVerifyMMB
2018-03-05 19:28:11-main--INFO -com.ctaf.accelerators.TestEngine: Able to get TscreenShot
2018-03-05 19:28:30-main--INFO -com.ctaf.accelerators.TestEngine:Current Test : TC_47_RTDomCancelDepartingleg
2018-03-05 19:29:10-main--INFO -com.ctaf.accelerators.TestEngine: Unable to get TscreenShot
2018-03-05 19:29:28-main--INFO -com.ctaf.accelerators.TestEngine:Current Test : TC_48_RTDomCancelReturningleg
2018-03-05 19:37:50-main--INFO -com.ctaf.accelerators.TestEngine: Able to get TscreenShot
2018-03-05 19:38:06-main--INFO -com.ctaf.accelerators.TestEngine:Current Test : TC_49_RTIntlCancelDepartingleg
2018-03-05 19:38:46-main--INFO -com.ctaf.accelerators.TestEngine: Unable to get TscreenShot
2018-03-05 19:39:03-main--INFO -com.ctaf.accelerators.TestEngine:Current Test : TC_50_RTIntlCancelReturningleg
2018-03-05 19:47:12-main--INFO -com.ctaf.accelerators.TestEngine: Able to get TscreenShot
2018-03-05 19:47:28-main--INFO -com.ctaf.accelerators.TestEngine:Current Test : TC_51_RTIntlfullCancelVerifyMMB
2018-03-05 19:55:39-main--INFO -com.ctaf.accelerators.TestEngine: Able to get TscreenShot
2018-03-05 19:55:56-main--INFO -com.ctaf.accelerators.TestEngine:Current Test : TC_52_oneWayDomMMBChangeDateCancel
2018-03-05 20:01:18-main--INFO -com.ctaf.accelerators.TestEngine: Able to get TscreenShot
2018-03-05 20:01:37-main--INFO -com.ctaf.accelerators.TestEngine:Current Test : TC_53_oneWayDomMMBChangeDateCheckIn
2018-03-05 20:06:55-main--INFO -com.ctaf.accelerators.TestEngine: Able to get TscreenShot
2018-03-05 20:07:10-main--INFO -com.ctaf.accelerators.TestEngine:Current Test : TC_54_RtDOMBookingCheckinNaSmiles
2018-03-05 20:07:49-main--INFO -com.ctaf.accelerators.TestEngine: Unable to get TscreenShot
2018-03-05 20:08:05-main--INFO -com.ctaf.accelerators.TestEngine:Current Test : TC_55_oneWayDomesticBusOneAdultAmexBookingAR
2018-03-05 20:13:53-main--INFO -com.ctaf.accelerators.TestEngine: Able to get TscreenShot
2018-03-05 20:14:13-main--INFO -com.ctaf.accelerators.TestEngine:Current Test : TC_56_RTDomBothLegMMBChangedateSeatsExtrasBaggageLounge
2018-03-05 20:23:25-main--INFO -com.ctaf.accelerators.TestEngine: Able to get TscreenShot
2018-03-05 20:23:41-main--INFO -com.ctaf.accelerators.TestEngine:Current Test : TC_57_RTDomDepartingLegMMBChangedateSeatsExtrasBaggageLounge
2018-03-05 20:32:56-main--INFO -com.ctaf.accelerators.TestEngine: Able to get TscreenShot
2018-03-05 20:33:12-main--INFO -com.ctaf.accelerators.TestEngine:Current Test : TC_58_RTDomReturningLegMMBChangedateSeatsExtrasBaggageLounge
2018-03-05 20:42:27-main--INFO -com.ctaf.accelerators.TestEngine: Able to get TscreenShot
2018-03-05 20:42:43-main--INFO -com.ctaf.accelerators.TestEngine:Current Test : TC_59_RTIntlReturningLegMMBChangedateSeatsExtrasBaggageLounge
2018-03-05 20:51:56-main--INFO -com.ctaf.accelerators.TestEngine: Able to get TscreenShot
2018-03-05 20:52:18-main--INFO -com.ctaf.accelerators.TestEngine:Current Test : TC_60_RTIntlBothLegMMBChangedateSeatsExtrasBaggageLounge
2018-03-05 20:52:59-main--INFO -com.ctaf.accelerators.TestEngine: Unable to get TscreenShot
2018-03-05 20:53:22-main--INFO -com.ctaf.accelerators.TestEngine:Current Test : TC_61A_VerifyAllowableFriendsBooking2A3C1I
2018-03-05 20:53:45-main--INFO -com.ctaf.accelerators.TestEngine: Able to get TscreenShot
2018-03-05 20:54:07-main--INFO -com.ctaf.accelerators.TestEngine:Current Test : TC_62_VerifyAlertOnExceedingfriendsbookinglimit3A3C
2018-03-05 20:55:19-main--INFO -com.ctaf.accelerators.TestEngine:Current Test : TC_63_VerifyAlertOnExceedingfriendsbookinglimit6Adults
2018-03-05 20:55:30-main--INFO -com.ctaf.accelerators.TestEngine: Able to get TscreenShot
2018-03-05 20:55:54-main--INFO -com.ctaf.accelerators.TestEngine:Current Test : TC_64A_TravelPartnerBooking
2018-03-05 20:59:54-main--INFO -com.ctaf.accelerators.TestEngine: Able to get TscreenShot
2018-03-05 21:00:10-main--INFO -com.ctaf.accelerators.TestEngine:Current Test : TC_65A_DomStandByFriendsBookingFeeVerification
2018-03-05 21:00:34-main--INFO -com.ctaf.accelerators.TestEngine: Able to get TscreenShot
2018-03-05 21:00:52-main--INFO -com.ctaf.accelerators.TestEngine:Current Test : TC_65B_DomStaffCnfmdFriendsBookingFeeVerification
2018-03-05 21:01:14-main--INFO -com.ctaf.accelerators.TestEngine: Able to get TscreenShot
2018-03-05 21:01:30-main--INFO -com.ctaf.accelerators.TestEngine:Current Test : TC_65C_IntlStandByFriendsBookingChargeVerification
2018-03-05 21:01:52-main--INFO -com.ctaf.accelerators.TestEngine: Able to get TscreenShot
2018-03-05 21:02:07-main--INFO -com.ctaf.accelerators.TestEngine:Current Test : TC_65D_IntlStaffCnfmdFriendsBookingChargeVerification
2018-03-05 21:02:31-main--INFO -com.ctaf.accelerators.TestEngine: Able to get TscreenShot
2018-03-05 21:02:48-main--INFO -com.ctaf.accelerators.TestEngine:Current Test : TC_66A_PricelockDomFeeVerificationBooking
2018-03-05 21:06:22-main--INFO -com.ctaf.accelerators.TestEngine: Able to get TscreenShot
2018-03-05 21:06:42-main--INFO -com.ctaf.accelerators.TestEngine:Current Test : TC_67A_PricelockDomFeeVerificationBooking
2018-03-05 21:10:19-main--INFO -com.ctaf.accelerators.TestEngine: Able to get TscreenShot
