2018-07-11 17:32:32-main--INFO -com.ctaf.accelerators.TestEngine:Starting browser : chrome
2018-07-11 17:33:06-main--INFO -com.ctaf.accelerators.TestEngine:Current Test : IBE_PromoTest
2018-07-11 19:11:58-main--INFO -com.ctaf.accelerators.TestEngine:Starting browser : chrome
2018-07-11 19:12:24-main--INFO -com.ctaf.accelerators.TestEngine:Current Test : IBE_PromoTest
2018-07-11 19:12:39-main--INFO -com.ctaf.accelerators.TestEngine: Able to get TscreenShot
2018-07-11 19:18:28-main--INFO -com.ctaf.accelerators.TestEngine:Starting browser : chrome
2018-07-11 19:18:43-main--INFO -com.ctaf.accelerators.TestEngine:Current Test : IBE_PromoTest
2018-07-11 19:19:10-main--INFO -com.ctaf.accelerators.TestEngine: Able to get TscreenShot
2018-07-11 19:24:37-main--INFO -com.ctaf.accelerators.TestEngine:Starting browser : chrome
2018-07-11 19:24:54-main--INFO -com.ctaf.accelerators.TestEngine:Current Test : TC_02_a_oneWayDomSimple1AdultCC
2018-07-11 19:33:20-main--INFO -com.ctaf.accelerators.TestEngine:Starting browser : chrome
2018-07-11 19:33:31-main--INFO -com.ctaf.accelerators.TestEngine:Current Test : IBE_PromoTest
2018-07-11 19:34:01-main--INFO -com.ctaf.accelerators.TestEngine: Able to get TscreenShot
2018-07-11 19:36:50-main--INFO -com.ctaf.accelerators.TestEngine:Starting browser : chrome
2018-07-11 19:37:03-main--INFO -com.ctaf.accelerators.TestEngine:Current Test : IBE_PromoTest
2018-07-11 19:37:26-main--INFO -com.ctaf.accelerators.TestEngine: Able to get TscreenShot
2018-07-11 19:38:58-main--INFO -com.ctaf.accelerators.TestEngine:Starting browser : chrome
2018-07-11 19:39:10-main--INFO -com.ctaf.accelerators.TestEngine:Current Test : IBE_PromoTest
2018-07-11 19:39:33-main--INFO -com.ctaf.accelerators.TestEngine: Able to get TscreenShot
2018-07-11 19:40:40-main--INFO -com.ctaf.accelerators.TestEngine:Starting browser : chrome
2018-07-11 19:40:50-main--INFO -com.ctaf.accelerators.TestEngine:Current Test : TC_02_a_oneWayDomSimple1AdultCC
2018-07-11 19:44:33-main--INFO -com.ctaf.accelerators.TestEngine:Starting browser : chrome
2018-07-11 19:45:01-main--INFO -com.ctaf.accelerators.TestEngine:Current Test : IBE_PromoTest
2018-07-11 19:54:48-main--INFO -com.ctaf.accelerators.TestEngine:Starting browser : chrome
2018-07-11 19:55:03-main--INFO -com.ctaf.accelerators.TestEngine:Current Test : IBE_PromoTest
2018-07-11 20:01:29-main--INFO -com.ctaf.accelerators.TestEngine:Starting browser : chrome
2018-07-11 20:01:42-main--INFO -com.ctaf.accelerators.TestEngine:Current Test : IBE_PromoTest
2018-07-11 20:04:39-main--INFO -com.ctaf.accelerators.TestEngine:Starting browser : chrome
2018-07-11 20:04:59-main--INFO -com.ctaf.accelerators.TestEngine:Current Test : IBE_PromoTest
2018-07-11 20:05:33-main--INFO -com.ctaf.accelerators.TestEngine: Able to get TscreenShot
2018-07-11 20:12:32-main--INFO -com.ctaf.accelerators.TestEngine:Starting browser : chrome
2018-07-11 20:12:47-main--INFO -com.ctaf.accelerators.TestEngine:Current Test : IBE_PromoTest
2018-07-11 20:13:49-main--INFO -com.ctaf.accelerators.TestEngine: Able to get TscreenShot
2018-07-11 20:14:47-main--INFO -com.ctaf.accelerators.TestEngine:Starting browser : chrome
2018-07-11 20:14:59-main--INFO -com.ctaf.accelerators.TestEngine:Current Test : IBE_PromoTest
2018-07-11 20:16:01-main--INFO -com.ctaf.accelerators.TestEngine: Able to get TscreenShot
2018-07-11 20:16:33-main--INFO -com.ctaf.accelerators.TestEngine:Starting browser : chrome
2018-07-11 20:16:45-main--INFO -com.ctaf.accelerators.TestEngine:Current Test : IBE_PromoTest
2018-07-11 20:24:35-main--INFO -com.ctaf.accelerators.TestEngine:Starting browser : chrome
2018-07-11 20:24:50-main--INFO -com.ctaf.accelerators.TestEngine:Current Test : IBE_PromoTest
2018-07-11 20:31:03-main--INFO -com.ctaf.accelerators.TestEngine:Starting browser : chrome
2018-07-11 20:31:17-main--INFO -com.ctaf.accelerators.TestEngine:Current Test : IBE_PromoTest
2018-07-11 20:32:04-main--INFO -com.ctaf.accelerators.TestEngine:Starting browser : chrome
2018-07-11 20:32:17-main--INFO -com.ctaf.accelerators.TestEngine:Current Test : IBE_PromoTest
2018-07-11 20:35:53-main--INFO -com.ctaf.accelerators.TestEngine:Starting browser : chrome
2018-07-11 20:36:05-main--INFO -com.ctaf.accelerators.TestEngine:Current Test : IBE_PromoTest
2018-07-11 20:53:40-main--INFO -com.ctaf.accelerators.TestEngine:Starting browser : chrome
2018-07-11 20:53:53-main--INFO -com.ctaf.accelerators.TestEngine:Current Test : IBE_PromoTest
2018-07-11 21:01:41-main--INFO -com.ctaf.accelerators.TestEngine:Starting browser : chrome
2018-07-11 21:01:54-main--INFO -com.ctaf.accelerators.TestEngine:Current Test : IBE_PromoTest
2018-07-11 21:20:26-main--INFO -com.ctaf.accelerators.TestEngine:Starting browser : chrome
2018-07-11 21:20:39-main--INFO -com.ctaf.accelerators.TestEngine:Current Test : IBE_PromoTest
2018-07-11 21:21:41-main--INFO -com.ctaf.accelerators.TestEngine: Able to get TscreenShot
2018-07-11 21:30:41-main--INFO -com.ctaf.accelerators.TestEngine:Starting browser : chrome
2018-07-11 21:30:55-main--INFO -com.ctaf.accelerators.TestEngine:Current Test : IBE_PromoTest
2018-07-11 21:31:58-main--INFO -com.ctaf.accelerators.TestEngine: Unable to get TscreenShot
2018-07-11 21:32:38-main--INFO -com.ctaf.accelerators.TestEngine:Starting browser : chrome
2018-07-11 21:32:51-main--INFO -com.ctaf.accelerators.TestEngine:Current Test : IBE_PromoTest
2018-07-11 21:35:02-main--INFO -com.ctaf.accelerators.TestEngine:Starting browser : chrome
2018-07-11 21:35:17-main--INFO -com.ctaf.accelerators.TestEngine:Current Test : IBE_PromoTest
2018-07-11 21:36:19-main--INFO -com.ctaf.accelerators.TestEngine: Unable to get TscreenShot
2018-07-11 21:38:34-main--INFO -com.ctaf.accelerators.TestEngine:Starting browser : chrome
2018-07-11 21:38:46-main--INFO -com.ctaf.accelerators.TestEngine:Current Test : IBE_PromoTest
2018-07-11 21:44:00-main--INFO -com.ctaf.accelerators.TestEngine:Starting browser : chrome
2018-07-11 21:44:15-main--INFO -com.ctaf.accelerators.TestEngine:Current Test : IBE_PromoTest
2018-07-11 21:46:32-main--INFO -com.ctaf.accelerators.TestEngine: Able to get TscreenShot
2018-07-11 21:52:35-main--INFO -com.ctaf.accelerators.TestEngine:Starting browser : chrome
2018-07-11 21:52:47-main--INFO -com.ctaf.accelerators.TestEngine:Current Test : IBE_PromoTest
2018-07-11 21:57:03-main--INFO -com.ctaf.accelerators.TestEngine:Starting browser : chrome
2018-07-11 21:57:16-main--INFO -com.ctaf.accelerators.TestEngine:Current Test : IBE_PromoTest
2018-07-11 22:03:50-main--INFO -com.ctaf.accelerators.TestEngine: Able to get TscreenShot
