2018-07-10 18:07:31-main--INFO -com.ctaf.accelerators.TestEngine:Starting browser : chrome
2018-07-10 18:08:13-main--INFO -com.ctaf.accelerators.TestEngine:Current Test : TC_01_oneWayDomesticEconomy_RUH_JED
2018-07-10 18:08:24-main--INFO -com.ctaf.accelerators.TestEngine: Able to get TscreenShot
2018-07-10 18:08:39-main--INFO -com.ctaf.accelerators.TestEngine:Current Test : TC_02_oneWayDomesticEconomy_RUH_DMM
2018-07-10 18:08:50-main--INFO -com.ctaf.accelerators.TestEngine: Able to get TscreenShot
2018-07-10 18:09:04-main--INFO -com.ctaf.accelerators.TestEngine:Current Test : TC_03_oneWayDomesticEconomy_RUH_GIZ
2018-07-10 18:09:14-main--INFO -com.ctaf.accelerators.TestEngine: Able to get TscreenShot
2018-07-10 18:09:28-main--INFO -com.ctaf.accelerators.TestEngine:Current Test : TC_04_oneWayDomesticEconomy_RUH_MED
2018-07-10 18:09:39-main--INFO -com.ctaf.accelerators.TestEngine: Able to get TscreenShot
2018-07-10 18:10:05-main--INFO -com.ctaf.accelerators.TestEngine:Current Test : TC_05_oneWayDomesticEconomy_RUH_TIF
2018-07-10 18:12:50-main--INFO -com.ctaf.accelerators.TestEngine: Able to get TscreenShot
2018-07-10 18:13:05-main--INFO -com.ctaf.accelerators.TestEngine:Current Test : TC_06_oneWayDomesticEconomy_RUH_HAS
2018-07-10 18:15:44-main--INFO -com.ctaf.accelerators.TestEngine: Able to get TscreenShot
2018-07-10 18:15:59-main--INFO -com.ctaf.accelerators.TestEngine:Current Test : TC_07_oneWayDomesticEconomy_RUH_TUU
2018-07-10 18:16:10-main--INFO -com.ctaf.accelerators.TestEngine: Able to get TscreenShot
2018-07-10 18:16:23-main--INFO -com.ctaf.accelerators.TestEngine:Current Test : TC_08_oneWayDomesticEconomy_RUH_URY
2018-07-10 18:16:33-main--INFO -com.ctaf.accelerators.TestEngine: Able to get TscreenShot
2018-07-10 18:16:46-main--INFO -com.ctaf.accelerators.TestEngine:Current Test : TC_09_oneWayDomesticEconomy_RUH_AJF
2018-07-10 18:16:56-main--INFO -com.ctaf.accelerators.TestEngine: Able to get TscreenShot
2018-07-10 18:17:09-main--INFO -com.ctaf.accelerators.TestEngine:Current Test : TC_10_oneWayDomesticEconomy_RUH_ABT
2018-07-10 18:19:48-main--INFO -com.ctaf.accelerators.TestEngine: Able to get TscreenShot
2018-07-10 18:20:02-main--INFO -com.ctaf.accelerators.TestEngine:Current Test : TC_11_roundTripDomesticEconomy_JED_DMM
2018-07-10 18:22:46-main--INFO -com.ctaf.accelerators.TestEngine: Able to get TscreenShot
2018-07-10 18:22:59-main--INFO -com.ctaf.accelerators.TestEngine:Current Test : TC_12_roundTripDomesticEconomy_JED_GIZ
2018-07-10 18:23:10-main--INFO -com.ctaf.accelerators.TestEngine: Able to get TscreenShot
2018-07-10 18:23:22-main--INFO -com.ctaf.accelerators.TestEngine:Current Test : TC_13_roundTripDomesticEconomy_JED_MED
2018-07-10 18:23:33-main--INFO -com.ctaf.accelerators.TestEngine: Able to get TscreenShot
2018-07-10 18:23:45-main--INFO -com.ctaf.accelerators.TestEngine:Current Test : TC_14_roundTripDomesticEconomy_JED_AHB
2018-07-10 18:23:55-main--INFO -com.ctaf.accelerators.TestEngine: Able to get TscreenShot
2018-07-10 18:24:07-main--INFO -com.ctaf.accelerators.TestEngine:Current Test : TC_15_roundTripDomesticEconomy_JED_TUU
2018-07-10 18:24:17-main--INFO -com.ctaf.accelerators.TestEngine: Able to get TscreenShot
2018-07-10 18:24:30-main--INFO -com.ctaf.accelerators.TestEngine:Current Test : TC_16_roundTripDomesticEconomy_JED_ELQ
2018-07-10 18:27:13-main--INFO -com.ctaf.accelerators.TestEngine: Able to get TscreenShot
2018-07-10 18:27:26-main--INFO -com.ctaf.accelerators.TestEngine:Current Test : TC_17_roundTripDomesticEconomy_DMM_TIF
2018-07-10 18:27:36-main--INFO -com.ctaf.accelerators.TestEngine: Able to get TscreenShot
2018-07-10 18:27:49-main--INFO -com.ctaf.accelerators.TestEngine:Current Test : TC_18_roundTripDomesticEconomy_DMM_AHB
2018-07-10 18:30:31-main--INFO -com.ctaf.accelerators.TestEngine: Able to get TscreenShot
2018-07-10 18:30:46-main--INFO -com.ctaf.accelerators.TestEngine:Current Test : TC_19_roundTripDomesticEconomy_DMM_YNB
2018-07-10 18:30:56-main--INFO -com.ctaf.accelerators.TestEngine: Able to get TscreenShot
2018-07-10 18:31:12-main--INFO -com.ctaf.accelerators.TestEngine:Current Test : TC_20_roundTripDomesticEconomy_DMM_MED
2018-07-10 18:33:54-main--INFO -com.ctaf.accelerators.TestEngine: Able to get TscreenShot
2018-07-10 18:34:09-main--INFO -com.ctaf.accelerators.TestEngine:Current Test : TC_21_roundTripDomesticEconomy_DMM_GIZ
2018-07-10 18:34:19-main--INFO -com.ctaf.accelerators.TestEngine: Able to get TscreenShot
2018-07-10 18:34:32-main--INFO -com.ctaf.accelerators.TestEngine:Current Test : TC_23_roundTripDomesticEconomy_DMM_HAS
2018-07-10 18:34:42-main--INFO -com.ctaf.accelerators.TestEngine: Able to get TscreenShot
2018-07-10 18:34:56-main--INFO -com.ctaf.accelerators.TestEngine:Current Test : TC_24_roundTripDomesticEconomy_DMM_TUU
2018-07-10 18:35:07-main--INFO -com.ctaf.accelerators.TestEngine: Able to get TscreenShot
2018-07-10 18:35:19-main--INFO -com.ctaf.accelerators.TestEngine:Current Test : TC_25_roundTripDomesticEconomy_DMM_ABT
2018-07-10 18:35:29-main--INFO -com.ctaf.accelerators.TestEngine: Able to get TscreenShot
2018-07-10 18:35:42-main--INFO -com.ctaf.accelerators.TestEngine:Current Test : TC_26_oneWayDomesticEconomyChangeDate_AHB_ABT
2018-07-10 18:35:52-main--INFO -com.ctaf.accelerators.TestEngine: Able to get TscreenShot
2018-07-10 18:36:06-main--INFO -com.ctaf.accelerators.TestEngine:Current Test : TC_27_oneWayDomesticEconomyCheckIn_AHB_BHH
2018-07-10 18:36:17-main--INFO -com.ctaf.accelerators.TestEngine: Able to get TscreenShot
2018-07-10 18:36:29-main--INFO -com.ctaf.accelerators.TestEngine:Current Test : TC_28_oneWayDomesticEconomy_AHB_WAE
2018-07-10 18:40:34-main--INFO -com.ctaf.accelerators.TestEngine: Able to get TscreenShot
2018-07-10 18:40:47-main--INFO -com.ctaf.accelerators.TestEngine:Current Test : TC_29_oneWayDomesticEconomy_AHB_GIZ
2018-07-10 18:40:58-main--INFO -com.ctaf.accelerators.TestEngine: Able to get TscreenShot
2018-07-10 18:41:11-main--INFO -com.ctaf.accelerators.TestEngine:Current Test : TC_30_oneWayDomesticEconomy_AHB_SHW
2018-07-10 18:43:27-main--INFO -com.ctaf.accelerators.TestEngine: Able to get TscreenShot
2018-07-10 18:43:40-main--INFO -com.ctaf.accelerators.TestEngine:Current Test : TC_31_oneWayDomesticEconomy_JED_DXB
2018-07-10 18:43:50-main--INFO -com.ctaf.accelerators.TestEngine: Able to get TscreenShot
2018-07-10 18:44:05-main--INFO -com.ctaf.accelerators.TestEngine:Current Test : TC_32_oneWayInternationalEconomy_RUH_DXB
2018-07-10 18:46:25-main--INFO -com.ctaf.accelerators.TestEngine: Able to get TscreenShot
2018-07-10 18:46:39-main--INFO -com.ctaf.accelerators.TestEngine:Current Test : TC_33_oneWayInternationalEconomy_RUH_AUH
2018-07-10 18:46:50-main--INFO -com.ctaf.accelerators.TestEngine: Able to get TscreenShot
2018-07-10 18:47:01-main--INFO -com.ctaf.accelerators.TestEngine:Current Test : TC_34_oneWayInternationalEconomy_JED_AUH
2018-07-10 18:47:12-main--INFO -com.ctaf.accelerators.TestEngine: Able to get TscreenShot
2018-07-10 18:47:23-main--INFO -com.ctaf.accelerators.TestEngine:Current Test : TC_35_oneWayInternationalEconomy_JED_KWI
2018-07-10 18:47:33-main--INFO -com.ctaf.accelerators.TestEngine: Able to get TscreenShot
2018-07-10 18:47:47-main--INFO -com.ctaf.accelerators.TestEngine:Current Test : TC_36_oneWayInternationalEconomy_RUH_KWI
2018-07-10 18:47:57-main--INFO -com.ctaf.accelerators.TestEngine: Able to get TscreenShot
2018-07-10 18:48:08-main--INFO -com.ctaf.accelerators.TestEngine:Current Test : TC_37_oneWayInternationalEconomy_MED_KWI
2018-07-10 18:50:27-main--INFO -com.ctaf.accelerators.TestEngine: Able to get TscreenShot
2018-07-10 18:50:43-main--INFO -com.ctaf.accelerators.TestEngine:Current Test : TC_38_oneWayInternationalEconomy_TIF_KWI
2018-07-10 18:50:54-main--INFO -com.ctaf.accelerators.TestEngine: Able to get TscreenShot
2018-07-10 18:51:06-main--INFO -com.ctaf.accelerators.TestEngine:Current Test : TC_39_oneWayInternationalEconomy_JED_ASW
2018-07-10 18:51:17-main--INFO -com.ctaf.accelerators.TestEngine: Able to get TscreenShot
2018-07-10 18:51:31-main--INFO -com.ctaf.accelerators.TestEngine:Current Test : TC_40_oneWayInternationalEconomy_JED_HBE
2018-07-10 18:53:48-main--INFO -com.ctaf.accelerators.TestEngine: Able to get TscreenShot
2018-07-10 18:54:01-main--INFO -com.ctaf.accelerators.TestEngine:Current Test : TC_41_oneWayInternationalEconomy_JED_HMB
2018-07-10 18:56:22-main--INFO -com.ctaf.accelerators.TestEngine: Able to get TscreenShot
2018-07-10 18:56:36-main--INFO -com.ctaf.accelerators.TestEngine:Current Test : TC_42_oneWayInternationalEconomy_RUH_HMB
2018-07-10 18:56:46-main--INFO -com.ctaf.accelerators.TestEngine: Able to get TscreenShot
2018-07-10 18:56:59-main--INFO -com.ctaf.accelerators.TestEngine:Current Test : TC_43_oneWayInternationalEconomy_JED_LXR
2018-07-10 18:57:09-main--INFO -com.ctaf.accelerators.TestEngine: Able to get TscreenShot
2018-07-10 18:57:22-main--INFO -com.ctaf.accelerators.TestEngine:Current Test : TC_44_roundTripInternationalEconomy_JED_SSH
2018-07-10 18:57:33-main--INFO -com.ctaf.accelerators.TestEngine: Able to get TscreenShot
2018-07-10 18:57:45-main--INFO -com.ctaf.accelerators.TestEngine:Current Test : TC_45_roundTripInternationalEconomy_JED_CAI
2018-07-10 18:57:56-main--INFO -com.ctaf.accelerators.TestEngine: Able to get TscreenShot
2018-07-10 18:58:12-main--INFO -com.ctaf.accelerators.TestEngine:Current Test : TC_46_roundTripInternationalEconomy_RUH_CAI
2018-07-10 18:58:22-main--INFO -com.ctaf.accelerators.TestEngine: Able to get TscreenShot
2018-07-10 18:58:36-main--INFO -com.ctaf.accelerators.TestEngine:Current Test : TC_47_roundTripInternationalEconomy_RUH_ATZ
2018-07-10 19:01:36-main--INFO -com.ctaf.accelerators.TestEngine: Able to get TscreenShot
2018-07-10 19:01:50-main--INFO -com.ctaf.accelerators.TestEngine:Current Test : TC_48_roundTripInternationalEconomy_JED_ATZ
2018-07-10 19:02:01-main--INFO -com.ctaf.accelerators.TestEngine: Able to get TscreenShot
2018-07-10 19:02:14-main--INFO -com.ctaf.accelerators.TestEngine:Current Test : TC_49_roundTripInternationalEconomy_JED_AMM
2018-07-10 19:04:48-main--INFO -com.ctaf.accelerators.TestEngine: Able to get TscreenShot
2018-07-10 19:05:02-main--INFO -com.ctaf.accelerators.TestEngine:Current Test : TC_50_roundTripInternationalEconomy_RUH_AMM
2018-07-10 19:07:40-main--INFO -com.ctaf.accelerators.TestEngine: Able to get TscreenShot
2018-07-10 19:07:55-main--INFO -com.ctaf.accelerators.TestEngine:Current Test : TC_62_roundTripDomesticEconomyAddExtra_RUH_AHB
2018-07-10 19:10:55-main--INFO -com.ctaf.accelerators.TestEngine: Able to get TscreenShot
2018-07-10 19:11:07-main--INFO -com.ctaf.accelerators.TestEngine:Current Test : TC_63_oneWayDomesticFlex_RUH_JED
2018-07-10 19:11:18-main--INFO -com.ctaf.accelerators.TestEngine: Able to get TscreenShot
2018-07-10 19:11:30-main--INFO -com.ctaf.accelerators.TestEngine:Current Test : TC_64_oneWayDomesticFlex_RUH_DMM
2018-07-10 19:11:41-main--INFO -com.ctaf.accelerators.TestEngine: Able to get TscreenShot
2018-07-10 19:11:53-main--INFO -com.ctaf.accelerators.TestEngine:Current Test : TC_65_oneWayDomesticFlex_RUH_GIZ
2018-07-10 19:12:04-main--INFO -com.ctaf.accelerators.TestEngine: Able to get TscreenShot
2018-07-10 19:12:54-main--INFO -com.ctaf.accelerators.TestEngine:Current Test : TC_66_oneWayDomesticFex_RUH_MED
2018-07-10 19:13:05-main--INFO -com.ctaf.accelerators.TestEngine: Able to get TscreenShot
2018-07-10 19:13:19-main--INFO -com.ctaf.accelerators.TestEngine:Current Test : TC_67_oneWayDomesticFlex_RUH_TIF
2018-07-10 19:16:01-main--INFO -com.ctaf.accelerators.TestEngine: Able to get TscreenShot
2018-07-10 19:16:15-main--INFO -com.ctaf.accelerators.TestEngine:Current Test : TC_68_oneWayDomesticFlex_RUH_HAS
2018-07-10 19:16:25-main--INFO -com.ctaf.accelerators.TestEngine: Able to get TscreenShot
2018-07-10 19:16:38-main--INFO -com.ctaf.accelerators.TestEngine:Current Test : TC_69_oneWayDomestiFlex_RUH_TUU
2018-07-10 19:16:49-main--INFO -com.ctaf.accelerators.TestEngine: Able to get TscreenShot
2018-07-10 19:17:03-main--INFO -com.ctaf.accelerators.TestEngine:Current Test : TC_70_oneWayDomesticFlex_RUH_URY
2018-07-10 19:17:13-main--INFO -com.ctaf.accelerators.TestEngine: Able to get TscreenShot
2018-07-10 19:17:30-main--INFO -com.ctaf.accelerators.TestEngine:Current Test : TC_71_oneWayDomesticFlex_RUH_AJF
2018-07-10 19:20:09-main--INFO -com.ctaf.accelerators.TestEngine: Able to get TscreenShot
2018-07-10 19:20:23-main--INFO -com.ctaf.accelerators.TestEngine:Current Test : TC_72_oneWayDomesticFlex_RUH_ABT
2018-07-10 19:23:03-main--INFO -com.ctaf.accelerators.TestEngine: Able to get TscreenShot
2018-07-10 19:23:16-main--INFO -com.ctaf.accelerators.TestEngine:Current Test : TC_73_roundTripDomesticFlex_JED_DMM
2018-07-10 19:23:26-main--INFO -com.ctaf.accelerators.TestEngine: Able to get TscreenShot
2018-07-10 19:23:39-main--INFO -com.ctaf.accelerators.TestEngine:Current Test : TC_74_roundTripDomesticFlex_JED_GIZ
2018-07-10 19:23:49-main--INFO -com.ctaf.accelerators.TestEngine: Able to get TscreenShot
2018-07-10 19:24:02-main--INFO -com.ctaf.accelerators.TestEngine:Current Test : TC_75_roundTripDomesticFlex_JED_MED
2018-07-10 19:24:13-main--INFO -com.ctaf.accelerators.TestEngine: Able to get TscreenShot
2018-07-10 19:24:26-main--INFO -com.ctaf.accelerators.TestEngine:Current Test : TC_76_roundTripDomesticFlex_JED_AHB
2018-07-10 19:24:36-main--INFO -com.ctaf.accelerators.TestEngine: Able to get TscreenShot
2018-07-10 19:24:50-main--INFO -com.ctaf.accelerators.TestEngine:Current Test : TC_77_roundTripDomesticFlex_JED_TUU
2018-07-10 19:25:00-main--INFO -com.ctaf.accelerators.TestEngine: Able to get TscreenShot
2018-07-10 19:25:14-main--INFO -com.ctaf.accelerators.TestEngine:Current Test : TC_78_roundTripDomesticFlex_JED_ELQ
2018-07-10 19:27:58-main--INFO -com.ctaf.accelerators.TestEngine: Able to get TscreenShot
2018-07-10 19:28:11-main--INFO -com.ctaf.accelerators.TestEngine:Current Test : TC_79_roundTripDomesticFlex_DMM_TIF
2018-07-10 19:28:21-main--INFO -com.ctaf.accelerators.TestEngine: Able to get TscreenShot
2018-07-10 19:28:33-main--INFO -com.ctaf.accelerators.TestEngine:Current Test : TC_80_roundTripDomesticFlex_DMM_AHB
2018-07-10 19:28:44-main--INFO -com.ctaf.accelerators.TestEngine: Able to get TscreenShot
2018-07-10 19:28:58-main--INFO -com.ctaf.accelerators.TestEngine:Current Test : TC_81_roundTripDomesticFlex_DMM_YNB
2018-07-10 19:31:42-main--INFO -com.ctaf.accelerators.TestEngine: Able to get TscreenShot
2018-07-10 19:31:53-main--INFO -com.ctaf.accelerators.TestEngine:Current Test : TC_82_roundTripDomesticFlex_DMM_MED
2018-07-10 19:32:03-main--INFO -com.ctaf.accelerators.TestEngine: Able to get TscreenShot
2018-07-10 19:32:15-main--INFO -com.ctaf.accelerators.TestEngine:Current Test : TC_83_roundTripDomesticFlex_DMM_GIZ
2018-07-10 19:32:26-main--INFO -com.ctaf.accelerators.TestEngine: Able to get TscreenShot
2018-07-10 19:32:39-main--INFO -com.ctaf.accelerators.TestEngine:Current Test : TC_84_roundTripDomesticFlex_DMM_ELQ
2018-07-10 19:35:21-main--INFO -com.ctaf.accelerators.TestEngine: Able to get TscreenShot
2018-07-10 19:35:36-main--INFO -com.ctaf.accelerators.TestEngine:Current Test : TC_85_roundTripDomesticFlex_DMM_HAS
2018-07-10 19:36:11-main--INFO -com.ctaf.accelerators.TestEngine: Able to get TscreenShot
2018-07-10 19:36:24-main--INFO -com.ctaf.accelerators.TestEngine:Current Test : TC_86_roundTripDomesticFlex_DMM_TUU
2018-07-10 19:36:34-main--INFO -com.ctaf.accelerators.TestEngine: Able to get TscreenShot
2018-07-10 19:36:48-main--INFO -com.ctaf.accelerators.TestEngine:Current Test : TC_87_roundTripDomesticFlex_DMM_ABT
2018-07-10 19:36:59-main--INFO -com.ctaf.accelerators.TestEngine: Able to get TscreenShot
2018-07-10 19:37:11-main--INFO -com.ctaf.accelerators.TestEngine:Current Test : TC_88_oneWayDomesticFlexChangeDate_AHB_ABT
2018-07-10 19:37:21-main--INFO -com.ctaf.accelerators.TestEngine: Able to get TscreenShot
2018-07-10 19:37:34-main--INFO -com.ctaf.accelerators.TestEngine:Current Test : TC_89_oneWayDomesticFlexCheckIn_AHB_BHH
2018-07-10 19:37:45-main--INFO -com.ctaf.accelerators.TestEngine: Able to get TscreenShot
2018-07-10 19:38:00-main--INFO -com.ctaf.accelerators.TestEngine:Current Test : TC_90_oneWayDomesticFlex_AHB_WAE
2018-07-10 19:40:37-main--INFO -com.ctaf.accelerators.TestEngine: Able to get TscreenShot
2018-07-10 19:40:51-main--INFO -com.ctaf.accelerators.TestEngine:Current Test : TC_91_oneWayDomesticFlex_AHB_GIZ
2018-07-10 19:43:10-main--INFO -com.ctaf.accelerators.TestEngine: Able to get TscreenShot
2018-07-10 19:43:23-main--INFO -com.ctaf.accelerators.TestEngine:Current Test : TC_92_oneWayDomesticFlex_AHB_SHW
2018-07-10 19:43:34-main--INFO -com.ctaf.accelerators.TestEngine: Able to get TscreenShot
2018-07-10 19:43:48-main--INFO -com.ctaf.accelerators.TestEngine:Current Test : TC_93_oneWayInternationalFlex_JED_DXB
2018-07-10 19:43:58-main--INFO -com.ctaf.accelerators.TestEngine: Able to get TscreenShot
2018-07-10 19:44:12-main--INFO -com.ctaf.accelerators.TestEngine:Current Test : TC_94_oneWayInternationalFlex_RUH_DXB
2018-07-10 19:46:37-main--INFO -com.ctaf.accelerators.TestEngine: Able to get TscreenShot
2018-07-10 19:46:51-main--INFO -com.ctaf.accelerators.TestEngine:Current Test : TC_95_oneWayInternationalFlex_RUH_AUH
2018-07-10 19:49:09-main--INFO -com.ctaf.accelerators.TestEngine: Able to get TscreenShot
2018-07-10 19:49:24-main--INFO -com.ctaf.accelerators.TestEngine:Current Test : TC_96_oneWayInternationalFlex_JED_AUH
2018-07-10 19:49:34-main--INFO -com.ctaf.accelerators.TestEngine: Able to get TscreenShot
2018-07-10 19:49:47-main--INFO -com.ctaf.accelerators.TestEngine:Current Test : TC_97_oneWayInternationalFlex_JED_KWI
2018-07-10 19:49:57-main--INFO -com.ctaf.accelerators.TestEngine: Able to get TscreenShot
2018-07-10 19:50:12-main--INFO -com.ctaf.accelerators.TestEngine:Current Test : TC_98_oneWayInternationalFlex_RUH_KWI
2018-07-10 19:52:33-main--INFO -com.ctaf.accelerators.TestEngine: Able to get TscreenShot
2018-07-10 19:52:46-main--INFO -com.ctaf.accelerators.TestEngine:Current Test : TC_99_oneWayInternationalFlex_MED_KWI
2018-07-10 19:52:57-main--INFO -com.ctaf.accelerators.TestEngine: Able to get TscreenShot
2018-07-10 19:53:09-main--INFO -com.ctaf.accelerators.TestEngine:Current Test : TC_100_oneWayInternationalFlex_TIF_KWI
2018-07-10 19:55:49-main--INFO -com.ctaf.accelerators.TestEngine: Able to get TscreenShot
2018-07-10 19:56:03-main--INFO -com.ctaf.accelerators.TestEngine:Current Test : TC_101_oneWayInternationalFlex_JED_ASW
2018-07-10 19:56:13-main--INFO -com.ctaf.accelerators.TestEngine: Able to get TscreenShot
2018-07-10 19:56:26-main--INFO -com.ctaf.accelerators.TestEngine:Current Test : TC_102_oneWayInternationalFlex_JED_HBE
2018-07-10 19:56:36-main--INFO -com.ctaf.accelerators.TestEngine: Able to get TscreenShot
2018-07-10 19:56:49-main--INFO -com.ctaf.accelerators.TestEngine:Current Test : TC_103_oneWayInternationalFlex_JED_HMB
2018-07-10 19:59:31-main--INFO -com.ctaf.accelerators.TestEngine: Able to get TscreenShot
2018-07-10 19:59:45-main--INFO -com.ctaf.accelerators.TestEngine:Current Test : TC_104_oneWayInternationalFlex_RUH_HMB
2018-07-10 20:02:29-main--INFO -com.ctaf.accelerators.TestEngine: Able to get TscreenShot
2018-07-10 20:02:42-main--INFO -com.ctaf.accelerators.TestEngine:Current Test : TC_105_oneWayInternationalFlex_JED_LXR
2018-07-10 20:02:52-main--INFO -com.ctaf.accelerators.TestEngine: Able to get TscreenShot
2018-07-10 20:03:05-main--INFO -com.ctaf.accelerators.TestEngine:Current Test : TC_106_roundTripInternationalFlex_JED_SSH
2018-07-10 20:03:16-main--INFO -com.ctaf.accelerators.TestEngine: Able to get TscreenShot
2018-07-10 20:03:29-main--INFO -com.ctaf.accelerators.TestEngine:Current Test : TC_107_roundTripInternationalFlex_JED_CAI
2018-07-10 20:03:40-main--INFO -com.ctaf.accelerators.TestEngine: Able to get TscreenShot
2018-07-10 20:03:52-main--INFO -com.ctaf.accelerators.TestEngine:Current Test : TC_108_roundTripInternationalFlex_RUH_CAI
2018-07-10 20:04:03-main--INFO -com.ctaf.accelerators.TestEngine: Able to get TscreenShot
2018-07-10 20:04:16-main--INFO -com.ctaf.accelerators.TestEngine:Current Test : TC_109_roundTripInternationalFlex_RUH_ATZ
2018-07-10 20:04:26-main--INFO -com.ctaf.accelerators.TestEngine: Able to get TscreenShot
2018-07-10 20:04:39-main--INFO -com.ctaf.accelerators.TestEngine:Current Test : TC_110_roundTripInternationalFlex_JED_ATZ
2018-07-10 20:04:49-main--INFO -com.ctaf.accelerators.TestEngine: Able to get TscreenShot
2018-07-10 20:05:02-main--INFO -com.ctaf.accelerators.TestEngine:Current Test : TC_111_roundTripInternationalFlex_JED_AMM
2018-07-10 20:07:43-main--INFO -com.ctaf.accelerators.TestEngine: Able to get TscreenShot
2018-07-10 20:07:56-main--INFO -com.ctaf.accelerators.TestEngine:Current Test : TC_112_roundTripInternationalFlex_RUH_AMM
2018-07-10 20:08:06-main--INFO -com.ctaf.accelerators.TestEngine: Able to get TscreenShot
2018-07-10 20:08:20-main--INFO -com.ctaf.accelerators.TestEngine:Current Test : TC_124_roundTripDomesticFlexAddExtra_RUH_AHB
2018-07-10 20:11:16-main--INFO -com.ctaf.accelerators.TestEngine: Able to get TscreenShot
