2018-02-07 12:30:54-main--INFO -com.ctaf.accelerators.TestEngine:Starting browser : chrome
2018-02-07 12:31:16-main--INFO -com.ctaf.accelerators.TestEngine:Current Test : TC_02_f_RTDomExtra1Adult1ChildCC
2018-02-07 12:32:18-main--INFO -com.ctaf.accelerators.TestEngine: Able to get TscreenShot
2018-02-07 17:12:14-main--INFO -com.ctaf.accelerators.TestEngine:Starting browser : chrome
2018-02-07 17:12:44-main--INFO -com.ctaf.accelerators.TestEngine:Current Test : TC_61_EmploginAllowableFriendsCount
2018-02-07 17:12:46-main--INFO -com.ctaf.accelerators.TestEngine: Able to get TscreenShot
2018-02-07 17:13:28-main--INFO -com.ctaf.accelerators.TestEngine:Starting browser : chrome
2018-02-07 17:13:47-main--INFO -com.ctaf.accelerators.TestEngine:Current Test : TC_61_EmploginAllowableFriendsCount
2018-02-07 17:15:02-main--INFO -com.ctaf.accelerators.TestEngine: Unable to get TscreenShot
2018-02-07 17:39:27-main--INFO -com.ctaf.accelerators.TestEngine:Starting browser : chrome
2018-02-07 17:39:48-main--INFO -com.ctaf.accelerators.TestEngine:Current Test : TC_61_EmploginAllowableFriendsCount
2018-02-07 17:40:44-main--INFO -com.ctaf.accelerators.TestEngine:Starting browser : chrome
2018-02-07 17:41:03-main--INFO -com.ctaf.accelerators.TestEngine:Current Test : TC_61_EmploginAllowableFriendsCount
2018-02-07 17:41:28-main--INFO -com.ctaf.accelerators.TestEngine: Able to get TscreenShot
2018-02-07 17:43:17-main--INFO -com.ctaf.accelerators.TestEngine:Starting browser : chrome
2018-02-07 17:43:35-main--INFO -com.ctaf.accelerators.TestEngine:Current Test : TC_61_EmploginAllowableFriendsCount
2018-02-07 17:44:08-main--INFO -com.ctaf.accelerators.TestEngine: Able to get TscreenShot
2018-02-07 17:53:21-main--INFO -com.ctaf.accelerators.TestEngine:Starting browser : chrome
2018-02-07 17:53:45-main--INFO -com.ctaf.accelerators.TestEngine:Current Test : TC_61_EmploginAllowableFriendsCount
2018-02-07 17:54:24-main--INFO -com.ctaf.accelerators.TestEngine: Able to get TscreenShot
2018-02-07 18:20:44-main--INFO -com.ctaf.accelerators.TestEngine:Starting browser : chrome
2018-02-07 18:21:01-main--INFO -com.ctaf.accelerators.TestEngine:Current Test : TC_61_EmploginAllowableFriendsCount
2018-02-07 18:21:23-main--INFO -com.ctaf.accelerators.TestEngine: Unable to get TscreenShot
2018-02-07 18:21:54-main--INFO -com.ctaf.accelerators.TestEngine:Starting browser : chrome
2018-02-07 18:22:12-main--INFO -com.ctaf.accelerators.TestEngine:Current Test : TC_61_EmploginAllowableFriendsCount
2018-02-07 18:47:21-main--INFO -com.ctaf.accelerators.TestEngine:Starting browser : chrome
2018-02-07 18:47:43-main--INFO -com.ctaf.accelerators.TestEngine:Current Test : TC_61A_EmploginAllowableFriendsCount
2018-02-07 18:48:55-main--INFO -com.ctaf.accelerators.TestEngine:Current Test : TC_61B_EmploginAllowableFriendsCount
2018-02-07 18:50:16-main--INFO -com.ctaf.accelerators.TestEngine:Current Test : TC_61C_EmploginAllowableFriendsCount
2018-02-07 18:51:23-main--INFO -com.ctaf.accelerators.TestEngine:Current Test : TC_61D_EmploginAllowableFriendsCount
