2018-04-26 11:44:38-main--INFO -com.ctaf.accelerators.TestEngine:Starting browser : chrome
2018-04-26 11:44:53-main--INFO -com.ctaf.accelerators.TestEngine:Current Test : TC_01_oneWayDomesticEconomy_RUH_JED
2018-04-26 11:46:10-main--INFO -com.ctaf.accelerators.TestEngine: Able to get TscreenShot
2018-04-26 12:39:22-main--INFO -com.ctaf.accelerators.TestEngine:Starting browser : chrome
2018-04-26 12:39:38-main--INFO -com.ctaf.accelerators.TestEngine:Current Test : TC_01_oneWayDomesticEconomy_RUH_JED
2018-04-26 13:22:23-main--INFO -com.ctaf.accelerators.TestEngine:Starting browser : chrome
2018-04-26 13:24:24-main--INFO -com.ctaf.accelerators.TestEngine:Starting browser : chrome
2018-04-26 13:24:38-main--INFO -com.ctaf.accelerators.TestEngine:Current Test : TC01_a_memberRegistration
2018-04-26 13:25:40-main--INFO -com.ctaf.accelerators.TestEngine: Able to get TscreenShot
2018-04-26 15:05:57-main--INFO -com.ctaf.accelerators.TestEngine:Starting browser : chrome
2018-04-26 15:06:13-main--INFO -com.ctaf.accelerators.TestEngine:Current Test : TC_01_verifingChildDiscount
2018-04-26 15:10:36-main--INFO -com.ctaf.accelerators.TestEngine: Able to get TscreenShot
2018-04-26 15:19:31-main--INFO -com.ctaf.accelerators.TestEngine:Starting browser : chrome
2018-04-26 15:19:46-main--INFO -com.ctaf.accelerators.TestEngine:Current Test : TC_01_verifingChildDiscount
2018-04-26 15:27:22-main--INFO -com.ctaf.accelerators.TestEngine:Starting browser : chrome
2018-04-26 15:27:35-main--INFO -com.ctaf.accelerators.TestEngine:Current Test : TC_01_verifingChildDiscount
2018-04-26 15:28:50-main--INFO -com.ctaf.accelerators.TestEngine:Starting browser : chrome
2018-04-26 15:29:02-main--INFO -com.ctaf.accelerators.TestEngine:Current Test : TC_01_verifingChildDiscount
2018-04-26 15:30:16-main--INFO -com.ctaf.accelerators.TestEngine: Able to get TscreenShot
2018-04-26 15:31:12-main--INFO -com.ctaf.accelerators.TestEngine:Starting browser : chrome
2018-04-26 15:31:25-main--INFO -com.ctaf.accelerators.TestEngine:Current Test : TC_01_verifingChildDiscount
2018-04-26 16:01:24-main--INFO -com.ctaf.accelerators.TestEngine:Starting browser : chrome
2018-04-26 16:07:38-main--INFO -com.ctaf.accelerators.TestEngine:Starting browser : chrome
2018-04-26 16:07:52-main--INFO -com.ctaf.accelerators.TestEngine:Current Test : TC_125_oneWayDomesticBusiness_RUH_JED
