2018-02-18 12:32:13-main--INFO -com.ctaf.accelerators.TestEngine:Starting browser : chrome
2018-02-18 12:32:30-main--INFO -com.ctaf.accelerators.TestEngine:Current Test : TC_66A_PricelockDomFeeVerificationBooking
2018-02-18 12:51:02-main--INFO -com.ctaf.accelerators.TestEngine:Starting browser : chrome
2018-02-18 12:51:17-main--INFO -com.ctaf.accelerators.TestEngine:Current Test : TC_66A_PricelockDomFeeVerificationBooking
2018-02-18 12:53:11-main--INFO -com.ctaf.accelerators.TestEngine: Able to get TscreenShot
2018-02-18 12:53:11-main--INFO -com.ctaf.accelerators.TestEngine: Able to get TscreenShot
2018-02-18 12:59:03-main--INFO -com.ctaf.accelerators.TestEngine:Starting browser : chrome
2018-02-18 12:59:20-main--INFO -com.ctaf.accelerators.TestEngine:Current Test : TC_01_a_memberRegistration
2018-02-18 13:00:17-main--INFO -com.ctaf.accelerators.TestEngine: Able to get TscreenShot
2018-02-18 18:14:42-main--INFO -com.ctaf.accelerators.TestEngine:Starting browser : chrome
2018-02-18 18:15:10-main--INFO -com.ctaf.accelerators.TestEngine:Current Test : TC_01_c_verifyRegistrationFailureWithExistingMailID
2018-02-18 18:16:07-main--INFO -com.ctaf.accelerators.TestEngine:Current Test : TC_01_d_updatemyProfileOfMemberDetails
2018-02-18 18:16:32-main--INFO -com.ctaf.accelerators.TestEngine: Unable to get TscreenShot
2018-02-18 18:16:50-main--INFO -com.ctaf.accelerators.TestEngine:Current Test : TC_01_e_VerifyAccLockOn10IncorrectPswdEntries
2018-02-18 18:17:49-main--INFO -com.ctaf.accelerators.TestEngine: Able to get TscreenShot
2018-02-18 18:18:04-main--INFO -com.ctaf.accelerators.TestEngine:Current Test : TC_01_f_VerifyAlertChildRegistrationNBooking
2018-02-18 18:19:01-main--INFO -com.ctaf.accelerators.TestEngine: Able to get TscreenShot
2018-02-18 18:19:18-main--INFO -com.ctaf.accelerators.TestEngine:Current Test : TC_02_a_oneWayDomSimple1AdultCC
2018-02-18 18:23:20-main--INFO -com.ctaf.accelerators.TestEngine:Current Test : TC_02_b_oneWayDomBusiness1AdultCC
2018-02-18 18:26:42-main--INFO -com.ctaf.accelerators.TestEngine:Current Test : TC_02_c_RTDomSimple1AdultCC
2018-02-18 18:30:19-main--INFO -com.ctaf.accelerators.TestEngine: Able to get TscreenShot
2018-02-18 18:30:19-main--INFO -com.ctaf.accelerators.TestEngine: Able to get TscreenShot
2018-02-18 18:30:35-main--INFO -com.ctaf.accelerators.TestEngine:Current Test : TC_02d_RTDomBusiness1AdultCC
2018-02-18 18:33:46-main--INFO -com.ctaf.accelerators.TestEngine: Able to get TscreenShot
2018-02-18 18:33:46-main--INFO -com.ctaf.accelerators.TestEngine: Able to get TscreenShot
2018-02-18 18:34:03-main--INFO -com.ctaf.accelerators.TestEngine:Current Test : TC_02e_RTIntlBusiness1AdultCC
2018-02-18 18:36:07-main--INFO -com.ctaf.accelerators.TestEngine: Able to get TscreenShot
2018-02-18 18:36:25-main--INFO -com.ctaf.accelerators.TestEngine:Current Test : TC_02_f_RTDomExtra1Adult1ChildCC
2018-02-18 18:40:21-main--INFO -com.ctaf.accelerators.TestEngine:Current Test : TC_02_g_oneWayDomesticSimpleSADAD
2018-02-18 18:42:29-main--INFO -com.ctaf.accelerators.TestEngine: Able to get TscreenShot
2018-02-18 18:42:44-main--INFO -com.ctaf.accelerators.TestEngine:Current Test : TC_03_oneWayDomesticChangeDate
2018-02-18 18:43:34-main--INFO -com.ctaf.accelerators.TestEngine: Able to get TscreenShot
2018-02-18 18:43:50-main--INFO -com.ctaf.accelerators.TestEngine:Current Test : TC03b_oneWayIntlChangeDate
2018-02-18 18:50:15-main--INFO -com.ctaf.accelerators.TestEngine:Current Test : TC04a_oneWaySimpleDomOneAdultCheckin
2018-02-18 18:53:38-main--INFO -com.ctaf.accelerators.TestEngine: Able to get TscreenShot
2018-02-18 18:53:54-main--INFO -com.ctaf.accelerators.TestEngine:Current Test : TC04b_RtIntlOneAdultCheckinFail
2018-02-18 18:57:40-main--INFO -com.ctaf.accelerators.TestEngine:Current Test : TC04c_oneWaySimpleIntlMutiPaxCheckinFail
2018-02-18 19:01:35-main--INFO -com.ctaf.accelerators.TestEngine:Current Test : TC04d_oneWayExtraIntlMutiPaxCheckinFail
2018-02-18 19:05:31-main--INFO -com.ctaf.accelerators.TestEngine:Current Test : TC04e_oneWayBusinessIntlMutiPaxCheckinFail
2018-02-18 19:06:33-main--INFO -com.ctaf.accelerators.TestEngine: Able to get TscreenShot
2018-02-18 19:06:50-main--INFO -com.ctaf.accelerators.TestEngine:Current Test : TC_06_oneWay2InternationalEco
2018-02-18 19:10:27-main--INFO -com.ctaf.accelerators.TestEngine:Current Test : TC_07_RTDom4adultBusinessCC
2018-02-18 19:11:35-main--INFO -com.ctaf.accelerators.TestEngine: Able to get TscreenShot
2018-02-18 19:11:53-main--INFO -com.ctaf.accelerators.TestEngine:Current Test : TC_08_RTInt1adult1Child1infantBus
2018-02-18 19:13:01-main--INFO -com.ctaf.accelerators.TestEngine: Able to get TscreenShot
2018-02-18 19:13:17-main--INFO -com.ctaf.accelerators.TestEngine:Current Test : TC_10_OwMultiSimpleIntlCordshareBookingMMB
2018-02-18 19:16:35-main--INFO -com.ctaf.accelerators.TestEngine:Current Test : TC_11oneAdultoneChildoneInfantPartCodeShare
2018-02-18 19:17:08-main--INFO -com.ctaf.accelerators.TestEngine: Able to get TscreenShot
2018-02-18 19:17:27-main--INFO -com.ctaf.accelerators.TestEngine:Current Test : TC_12_PayWithCreditShell
2018-02-18 19:21:29-main--INFO -com.ctaf.accelerators.TestEngine: Able to get TscreenShot
2018-02-18 19:21:46-main--INFO -com.ctaf.accelerators.TestEngine:Current Test : TC_13_onewayDomesticwithUSdollars
2018-02-18 19:24:38-main--INFO -com.ctaf.accelerators.TestEngine:Current Test : TC_14_oneWayDomesticwithEuro
2018-02-18 19:27:28-main--INFO -com.ctaf.accelerators.TestEngine:Current Test : TC_15_EmpLoginOnewayOneAdultStaffStandByChangFlightCancel
2018-02-18 19:35:09-main--INFO -com.ctaf.accelerators.TestEngine: Able to get TscreenShot
2018-02-18 19:35:26-main--INFO -com.ctaf.accelerators.TestEngine:Current Test : TC_16_EmpLoginStaffConfmedChangeDateCheckIn
2018-02-18 19:48:39-main--INFO -com.ctaf.accelerators.TestEngine: Able to get TscreenShot
2018-02-18 19:48:55-main--INFO -com.ctaf.accelerators.TestEngine:Current Test : TC_17_RTChangeflightCheckIN
2018-02-18 19:52:25-main--INFO -com.ctaf.accelerators.TestEngine: Able to get TscreenShot
2018-02-18 19:52:40-main--INFO -com.ctaf.accelerators.TestEngine:Current Test : TC_18_corporateLoginRToneAdultCancelFlight
2018-02-18 19:53:00-main--INFO -com.ctaf.accelerators.TestEngine: Unable to get TscreenShot
2018-02-18 19:53:18-main--INFO -com.ctaf.accelerators.TestEngine:Current Test : TC_19_agencyLoginRToneAdultoneChild
2018-02-18 19:55:13-main--INFO -com.ctaf.accelerators.TestEngine: Able to get TscreenShot
2018-02-18 19:55:29-main--INFO -com.ctaf.accelerators.TestEngine:Current Test : TC_23_oneWayDomesticOneAdultCheckInAR
2018-02-18 19:59:14-main--INFO -com.ctaf.accelerators.TestEngine: Able to get TscreenShot
2018-02-18 19:59:30-main--INFO -com.ctaf.accelerators.TestEngine:Current Test : TC_24_anonymousRtDomestic4AdultBusinessAR
2018-02-18 20:02:44-main--INFO -com.ctaf.accelerators.TestEngine:Current Test : TC_25_anonymousOneWayDomesticOneAdultCheckInTR
2018-02-18 20:08:14-main--INFO -com.ctaf.accelerators.TestEngine:Current Test : TC_26_anonymousRtDomestic4AdultBusinessTR
2018-02-18 20:11:27-main--INFO -com.ctaf.accelerators.TestEngine:Current Test : TC_27a_redemptionBookingwithBronzeMember
2018-02-18 20:14:42-main--INFO -com.ctaf.accelerators.TestEngine:Current Test : TC27b_BookingwithinsufficientBronzepoints
2018-02-18 20:16:40-main--INFO -com.ctaf.accelerators.TestEngine:Current Test : TC_28_redemptionBookingwithSilverMember
2018-02-18 20:19:44-main--INFO -com.ctaf.accelerators.TestEngine: Able to get TscreenShot
2018-02-18 20:19:44-main--INFO -com.ctaf.accelerators.TestEngine: Able to get TscreenShot
2018-02-18 20:19:59-main--INFO -com.ctaf.accelerators.TestEngine:Current Test : TC_29_redemptionBookingwithGoldMember
2018-02-18 20:23:04-main--INFO -com.ctaf.accelerators.TestEngine: Able to get TscreenShot
2018-02-18 20:23:04-main--INFO -com.ctaf.accelerators.TestEngine: Able to get TscreenShot
2018-02-18 20:23:19-main--INFO -com.ctaf.accelerators.TestEngine:Current Test : TC_30_redemptionBookingwithPlatinumMember
2018-02-18 20:26:22-main--INFO -com.ctaf.accelerators.TestEngine: Able to get TscreenShot
2018-02-18 20:26:22-main--INFO -com.ctaf.accelerators.TestEngine: Able to get TscreenShot
2018-02-18 20:26:37-main--INFO -com.ctaf.accelerators.TestEngine:Current Test : TC_31_anonymousVerifingBoardingPassVlues
2018-02-18 20:30:09-main--INFO -com.ctaf.accelerators.TestEngine: Able to get TscreenShot
2018-02-18 20:30:23-main--INFO -com.ctaf.accelerators.TestEngine:Current Test : TC_32_anonymousReissueTheTicketWithHigherFare
2018-02-18 20:33:26-main--INFO -com.ctaf.accelerators.TestEngine:Current Test : TC_33_anonymousRevalidateTheTicketWithSameFare
2018-02-18 20:34:19-main--INFO -com.ctaf.accelerators.TestEngine: Able to get TscreenShot
2018-02-18 20:34:36-main--INFO -com.ctaf.accelerators.TestEngine:Current Test : TC_34_BaggageValidation
2018-02-18 20:35:55-main--INFO -com.ctaf.accelerators.TestEngine: Able to get TscreenShot
2018-02-18 20:36:12-main--INFO -com.ctaf.accelerators.TestEngine:Current Test : TC_35_AnonymousOneWayDomesticEconomy_MMB_ModifyExtrasSeat
2018-02-18 20:37:03-main--INFO -com.ctaf.accelerators.TestEngine: Able to get TscreenShot
2018-02-18 20:37:20-main--INFO -com.ctaf.accelerators.TestEngine:Current Test : TC_35_b_AnonymousOwIntlEconomy_MMB_ModifyExtrasSeat
2018-02-18 20:38:10-main--INFO -com.ctaf.accelerators.TestEngine: Able to get TscreenShot
2018-02-18 20:38:30-main--INFO -com.ctaf.accelerators.TestEngine:Current Test : TC_36_EmpLoginOnewayOneAdultStaffStandByModifyEXtras
2018-02-18 20:46:38-main--INFO -com.ctaf.accelerators.TestEngine: Able to get TscreenShot
2018-02-18 20:46:54-main--INFO -com.ctaf.accelerators.TestEngine:Current Test : TC_37_EmpLoginStaffConfirmedModifyExtras
2018-02-18 21:00:34-main--INFO -com.ctaf.accelerators.TestEngine: Able to get TscreenShot
2018-02-18 21:00:54-main--INFO -com.ctaf.accelerators.TestEngine:Current Test : TC_38_corporateLoginRoundTripModifyExtras
2018-02-18 21:01:14-main--INFO -com.ctaf.accelerators.TestEngine: Unable to get TscreenShot
2018-02-18 21:01:30-main--INFO -com.ctaf.accelerators.TestEngine:Current Test : TC_39_agencyLoginRondTripModifyExtras
2018-02-18 21:07:00-main--INFO -com.ctaf.accelerators.TestEngine:Current Test : TC_45_oneWayDomCancelverifyMMB
2018-02-18 21:11:12-main--INFO -com.ctaf.accelerators.TestEngine: Able to get TscreenShot
2018-02-18 21:11:27-main--INFO -com.ctaf.accelerators.TestEngine:Current Test : TC_46_RTDomfullCancelVerifyMMB
2018-02-18 21:15:59-main--INFO -com.ctaf.accelerators.TestEngine: Able to get TscreenShot
2018-02-18 21:16:15-main--INFO -com.ctaf.accelerators.TestEngine:Current Test : TC_47_RTDomCancelDepartingleg
2018-02-18 21:19:54-main--INFO -com.ctaf.accelerators.TestEngine: Able to get TscreenShot
2018-02-18 21:19:55-main--INFO -com.ctaf.accelerators.TestEngine: Able to get TscreenShot
2018-02-18 21:20:10-main--INFO -com.ctaf.accelerators.TestEngine:Current Test : TC_48_RTDomCancelReturningleg
2018-02-18 21:23:47-main--INFO -com.ctaf.accelerators.TestEngine: Able to get TscreenShot
2018-02-18 21:23:48-main--INFO -com.ctaf.accelerators.TestEngine: Able to get TscreenShot
2018-02-18 21:24:03-main--INFO -com.ctaf.accelerators.TestEngine:Current Test : TC_49_RTIntlCancelDepartingleg
2018-02-18 21:28:30-main--INFO -com.ctaf.accelerators.TestEngine:Current Test : TC_50_RTIntlCancelReturningleg
2018-02-18 21:32:51-main--INFO -com.ctaf.accelerators.TestEngine:Current Test : TC_51_RTIntlfullCancelVerifyMMB
2018-02-18 21:32:53-main--INFO -com.ctaf.accelerators.TestEngine: Able to get TscreenShot
2018-02-18 21:33:09-main--INFO -com.ctaf.accelerators.TestEngine:Current Test : TC_52_oneWayDomMMBChangeDateCancel
2018-02-18 21:36:18-main--INFO -com.ctaf.accelerators.TestEngine: Able to get TscreenShot
2018-02-18 21:36:19-main--INFO -com.ctaf.accelerators.TestEngine: Able to get TscreenShot
2018-02-18 21:36:33-main--INFO -com.ctaf.accelerators.TestEngine:Current Test : TC_53_oneWayDomMMBChangeDateCheckIn
2018-02-18 21:43:05-main--INFO -com.ctaf.accelerators.TestEngine:Current Test : TC_54_RtDOMBookingCheckinNaSmiles
2018-02-18 21:47:14-main--INFO -com.ctaf.accelerators.TestEngine: Able to get TscreenShot
2018-02-18 21:47:14-main--INFO -com.ctaf.accelerators.TestEngine: Able to get TscreenShot
2018-02-18 21:47:33-main--INFO -com.ctaf.accelerators.TestEngine:Current Test : TC_55_oneWayDomesticBusOneAdultAmexBookingAR
2018-02-18 21:49:28-main--INFO -com.ctaf.accelerators.TestEngine: Able to get TscreenShot
2018-02-18 21:49:44-main--INFO -com.ctaf.accelerators.TestEngine:Current Test : TC_56_RTDomBothLegMMBChangedateSeatsExtrasBaggageLounge
2018-02-18 21:52:40-main--INFO -com.ctaf.accelerators.TestEngine: Able to get TscreenShot
2018-02-18 21:52:41-main--INFO -com.ctaf.accelerators.TestEngine: Able to get TscreenShot
2018-02-18 21:52:56-main--INFO -com.ctaf.accelerators.TestEngine:Current Test : TC_57_RTDomDepartingLegMMBChangedateSeatsExtrasBaggageLounge
2018-02-18 21:55:54-main--INFO -com.ctaf.accelerators.TestEngine: Able to get TscreenShot
2018-02-18 21:55:54-main--INFO -com.ctaf.accelerators.TestEngine: Able to get TscreenShot
2018-02-18 21:56:09-main--INFO -com.ctaf.accelerators.TestEngine:Current Test : TC_58_RTDomReturningLegMMBChangedateSeatsExtrasBaggageLounge
2018-02-18 21:59:07-main--INFO -com.ctaf.accelerators.TestEngine: Able to get TscreenShot
2018-02-18 21:59:07-main--INFO -com.ctaf.accelerators.TestEngine: Able to get TscreenShot
2018-02-18 21:59:25-main--INFO -com.ctaf.accelerators.TestEngine:Current Test : TC_59_RTIntlReturningLegMMBChangedateSeatsExtrasBaggageLounge
2018-02-18 22:02:21-main--INFO -com.ctaf.accelerators.TestEngine: Able to get TscreenShot
2018-02-18 22:02:22-main--INFO -com.ctaf.accelerators.TestEngine: Able to get TscreenShot
2018-02-18 22:02:38-main--INFO -com.ctaf.accelerators.TestEngine:Current Test : TC_56_RTDomBothLegMMBChangedateSeatsExtrasBaggageLounge
2018-02-18 22:05:35-main--INFO -com.ctaf.accelerators.TestEngine: Able to get TscreenShot
2018-02-18 22:05:36-main--INFO -com.ctaf.accelerators.TestEngine: Able to get TscreenShot
2018-02-18 22:05:52-main--INFO -com.ctaf.accelerators.TestEngine:Current Test : TC_61A_VerifyAllowableFriendsBooking2A3C1I
2018-02-18 22:06:55-main--INFO -com.ctaf.accelerators.TestEngine:Current Test : TC_62_VerifyAlertOnExceedingfriendsbookinglimit3A3C
2018-02-18 22:07:54-main--INFO -com.ctaf.accelerators.TestEngine:Current Test : TC_63_VerifyAlertOnExceedingfriendsbookinglimit6Adults
2018-02-18 22:08:26-main--INFO -com.ctaf.accelerators.TestEngine: Able to get TscreenShot
2018-02-18 22:08:44-main--INFO -com.ctaf.accelerators.TestEngine:Current Test : TC_64A_TravelPartnerBooking
2018-02-18 22:10:31-main--INFO -com.ctaf.accelerators.TestEngine: Able to get TscreenShot
2018-02-18 22:10:47-main--INFO -com.ctaf.accelerators.TestEngine:Current Test : TC_65A_DomStandByFriendsBookingFeeVerification
2018-02-18 22:12:34-main--INFO -com.ctaf.accelerators.TestEngine: Able to get TscreenShot
2018-02-18 22:12:50-main--INFO -com.ctaf.accelerators.TestEngine:Current Test : TC_65B_DomStaffCnfmdFriendsBookingFeeVerification
2018-02-18 22:14:36-main--INFO -com.ctaf.accelerators.TestEngine: Able to get TscreenShot
2018-02-18 22:14:51-main--INFO -com.ctaf.accelerators.TestEngine:Current Test : TC_65C_IntlStandByFriendsBookingChargeVerification
2018-02-18 22:16:37-main--INFO -com.ctaf.accelerators.TestEngine: Able to get TscreenShot
2018-02-18 22:16:53-main--INFO -com.ctaf.accelerators.TestEngine:Current Test : TC_65D_IntlStaffCnfmdFriendsBookingChargeVerification
2018-02-18 22:18:38-main--INFO -com.ctaf.accelerators.TestEngine: Able to get TscreenShot
2018-02-18 22:18:54-main--INFO -com.ctaf.accelerators.TestEngine:Current Test : TC_66A_PricelockDomFeeVerificationBooking
2018-02-18 22:20:46-main--INFO -com.ctaf.accelerators.TestEngine: Able to get TscreenShot
2018-02-18 22:20:47-main--INFO -com.ctaf.accelerators.TestEngine: Able to get TscreenShot
2018-02-18 22:21:02-main--INFO -com.ctaf.accelerators.TestEngine:Current Test : TC_67A_PricelockDomFeeVerificationBooking
2018-02-18 22:22:53-main--INFO -com.ctaf.accelerators.TestEngine: Able to get TscreenShot
2018-02-18 22:22:53-main--INFO -com.ctaf.accelerators.TestEngine: Able to get TscreenShot
