2018-02-19 17:37:18-main--INFO -com.ctaf.accelerators.TestEngine:Starting browser : chrome
2018-02-19 17:37:39-main--INFO -com.ctaf.accelerators.TestEngine:Current Test : TC04a_oneWaySimpleDomOneAdultCheckin
2018-02-19 17:37:58-main--INFO -com.ctaf.accelerators.TestEngine:Current Test : TC04a_oneWaySimpleDomOneAdultCheckin
2018-02-19 17:40:03-main--INFO -com.ctaf.accelerators.TestEngine: Able to get TscreenShot
2018-02-19 17:49:33-main--INFO -com.ctaf.accelerators.TestEngine:Starting browser : chrome
2018-02-19 17:49:48-main--INFO -com.ctaf.accelerators.TestEngine:Current Test : TC04a_oneWaySimpleDomOneAdultCheckin
2018-02-19 19:37:42-main--INFO -com.ctaf.accelerators.TestEngine:Starting browser : chrome
2018-02-19 19:38:02-main--INFO -com.ctaf.accelerators.TestEngine:Starting browser : chrome
2018-02-19 19:38:34-main--INFO -com.ctaf.accelerators.TestEngine:Current Test : TC04a_oneWaySimpleDomOneAdultCheckin
2018-02-19 20:11:57-main--INFO -com.ctaf.accelerators.TestEngine:Starting browser : chrome
2018-02-19 20:12:12-main--INFO -com.ctaf.accelerators.TestEngine:Current Test : TC_01_d_verifyRegistrationFailureWithExistingMailID
2018-02-19 20:13:08-main--INFO -com.ctaf.accelerators.TestEngine:Current Test : TC_01_e_VerifyAccLockOn10IncorrectPswdEntries
2018-02-19 20:14:07-main--INFO -com.ctaf.accelerators.TestEngine: Able to get TscreenShot
2018-02-19 20:14:25-main--INFO -com.ctaf.accelerators.TestEngine:Current Test : TC_01_f_VerifyAlertChildRegistrationNBooking
2018-02-19 20:15:21-main--INFO -com.ctaf.accelerators.TestEngine: Able to get TscreenShot
2018-02-19 20:15:38-main--INFO -com.ctaf.accelerators.TestEngine:Current Test : TC_02_a_oneWayDomSimple1AdultCC
2018-02-19 20:19:33-main--INFO -com.ctaf.accelerators.TestEngine:Current Test : TC_02_b_oneWayDomBusiness1AdultCC
2018-02-19 20:22:57-main--INFO -com.ctaf.accelerators.TestEngine:Current Test : TC_02_c_RTDomSimple1AdultCC
2018-02-19 20:26:37-main--INFO -com.ctaf.accelerators.TestEngine: Able to get TscreenShot
2018-02-19 20:26:37-main--INFO -com.ctaf.accelerators.TestEngine: Able to get TscreenShot
2018-02-19 20:26:54-main--INFO -com.ctaf.accelerators.TestEngine:Current Test : TC_02d_RTDomBusiness1AdultCC
2018-02-19 20:30:11-main--INFO -com.ctaf.accelerators.TestEngine: Able to get TscreenShot
2018-02-19 20:30:11-main--INFO -com.ctaf.accelerators.TestEngine: Able to get TscreenShot
2018-02-19 20:30:29-main--INFO -com.ctaf.accelerators.TestEngine:Current Test : TC_02e_RTIntlBusiness1AdultCC
2018-02-19 20:30:32-main--INFO -com.ctaf.accelerators.TestEngine: Able to get TscreenShot
2018-02-19 20:30:50-main--INFO -com.ctaf.accelerators.TestEngine:Current Test : TC_02_f_RTDomExtra1Adult1ChildCC
2018-02-19 20:34:49-main--INFO -com.ctaf.accelerators.TestEngine:Current Test : TC_02_g_oneWayDomesticSimpleSADAD
2018-02-19 20:36:57-main--INFO -com.ctaf.accelerators.TestEngine: Able to get TscreenShot
2018-02-19 20:37:13-main--INFO -com.ctaf.accelerators.TestEngine:Current Test : TC03a_oneWayDomesticChangeDate
2018-02-19 20:37:16-main--INFO -com.ctaf.accelerators.TestEngine: Able to get TscreenShot
2018-02-19 20:37:31-main--INFO -com.ctaf.accelerators.TestEngine:Current Test : TC03b_oneWayIntlChangeDate
2018-02-19 20:43:08-main--INFO -com.ctaf.accelerators.TestEngine:Current Test : TC04a_oneWaySimpleDomOneAdultCheckin
2018-02-19 20:48:23-main--INFO -com.ctaf.accelerators.TestEngine:Current Test : TC04b_RtIntlOneAdultCheckinFail
2018-02-19 20:52:00-main--INFO -com.ctaf.accelerators.TestEngine: Able to get TscreenShot
2018-02-19 20:52:18-main--INFO -com.ctaf.accelerators.TestEngine:Current Test : TC04c_oneWaySimpleIntlMutiPaxCheckinFail
2018-02-19 20:56:01-main--INFO -com.ctaf.accelerators.TestEngine: Able to get TscreenShot
2018-02-19 20:56:19-main--INFO -com.ctaf.accelerators.TestEngine:Current Test : TC04d_oneWayExtraIntlMutiPaxCheckinFail
2018-02-19 21:00:07-main--INFO -com.ctaf.accelerators.TestEngine: Able to get TscreenShot
2018-02-19 21:00:24-main--INFO -com.ctaf.accelerators.TestEngine:Current Test : TC04e_oneWayBusinessIntlMutiPaxCheckinFail
2018-02-19 21:04:17-main--INFO -com.ctaf.accelerators.TestEngine: Able to get TscreenShot
2018-02-19 21:04:32-main--INFO -com.ctaf.accelerators.TestEngine:Current Test : TC_06_oneWay2InternationalEco
2018-02-19 21:08:12-main--INFO -com.ctaf.accelerators.TestEngine:Current Test : TC_07_RTDom4adultBusinessCC
2018-02-19 21:12:27-main--INFO -com.ctaf.accelerators.TestEngine:Current Test : TC_08_RTInt1adult1Child1infantBus
2018-02-19 21:15:57-main--INFO -com.ctaf.accelerators.TestEngine:Current Test : TC_10_OwMultiSimpleIntlCordshareBookingMMB
2018-02-19 21:19:19-main--INFO -com.ctaf.accelerators.TestEngine:Current Test : TC_11oneAdultoneChildoneInfantPartCodeShare
2018-02-19 21:19:52-main--INFO -com.ctaf.accelerators.TestEngine: Able to get TscreenShot
2018-02-19 21:20:07-main--INFO -com.ctaf.accelerators.TestEngine:Current Test : TC_13_onewayDomesticwithUSdollars
2018-02-19 21:23:05-main--INFO -com.ctaf.accelerators.TestEngine:Current Test : TC_14_oneWayDomesticwithEuro
2018-02-19 21:25:54-main--INFO -com.ctaf.accelerators.TestEngine:Current Test : TC_17_RTChangeflightCheckIN
2018-02-19 21:29:31-main--INFO -com.ctaf.accelerators.TestEngine: Able to get TscreenShot
2018-02-19 21:29:49-main--INFO -com.ctaf.accelerators.TestEngine:Current Test : TC_18_corporateLoginRToneAdultCancelFlight
2018-02-19 21:31:05-main--INFO -com.ctaf.accelerators.TestEngine: Able to get TscreenShot
2018-02-19 21:31:23-main--INFO -com.ctaf.accelerators.TestEngine:Current Test : TC_19_agencyLoginRToneAdultoneChild
2018-02-19 21:33:23-main--INFO -com.ctaf.accelerators.TestEngine: Able to get TscreenShot
2018-02-19 21:33:42-main--INFO -com.ctaf.accelerators.TestEngine:Current Test : TC_23_oneWayDomesticOneAdultCheckInAR
2018-02-19 21:38:10-main--INFO -com.ctaf.accelerators.TestEngine:Current Test : TC_24_anonymousRtDomestic4AdultBusinessAR
2018-02-19 21:41:38-main--INFO -com.ctaf.accelerators.TestEngine:Current Test : TC_25_anonymousOneWayDomesticOneAdultCheckInTR
2018-02-19 21:47:38-main--INFO -com.ctaf.accelerators.TestEngine:Current Test : TC_26_anonymousRtDomestic4AdultBusinessTR
2018-02-19 21:51:00-main--INFO -com.ctaf.accelerators.TestEngine:Current Test : TC_27a_redemptionBookingwithBronzeMember
2018-02-19 21:54:22-main--INFO -com.ctaf.accelerators.TestEngine:Current Test : TC27b_BookingwithinsufficientBronzepoints
2018-02-19 21:54:40-main--INFO -com.ctaf.accelerators.TestEngine:Current Test : TC_28_redemptionBookingwithSilverMember
2018-02-19 21:57:54-main--INFO -com.ctaf.accelerators.TestEngine:Current Test : TC_29_redemptionBookingwithGoldMember
2018-02-19 21:58:12-main--INFO -com.ctaf.accelerators.TestEngine:Current Test : TC_30_redemptionBookingwithPlatinumMember
2018-02-19 21:58:30-main--INFO -com.ctaf.accelerators.TestEngine:Current Test : TC_31_anonymousVerifingBoardingPassVlues
2018-02-19 22:03:34-main--INFO -com.ctaf.accelerators.TestEngine: Able to get TscreenShot
2018-02-19 22:03:53-main--INFO -com.ctaf.accelerators.TestEngine:Current Test : TC_32_anonymousReissueTheTicketWithHigherFare
2018-02-19 22:07:07-main--INFO -com.ctaf.accelerators.TestEngine:Current Test : TC_33_anonymousRevalidateTheTicketWithSameFare
2018-02-19 22:12:43-main--INFO -com.ctaf.accelerators.TestEngine:Current Test : TC_34_BaggageValidation
2018-02-19 22:14:23-main--INFO -com.ctaf.accelerators.TestEngine:Current Test : TC_35_AnonymousOneWayDomesticEconomy_MMB_ModifyExtrasSeat
2018-02-19 22:19:31-main--INFO -com.ctaf.accelerators.TestEngine: Able to get TscreenShot
2018-02-19 22:19:49-main--INFO -com.ctaf.accelerators.TestEngine:Current Test : TC_35_b_AnonymousOwIntlEconomy_MMB_ModifyExtrasSeat
2018-02-19 22:22:43-main--INFO -com.ctaf.accelerators.TestEngine: Able to get TscreenShot
2018-02-19 22:22:59-main--INFO -com.ctaf.accelerators.TestEngine:Current Test : TC_38_corporateLoginRoundTripModifyExtras
2018-02-19 22:24:26-main--INFO -com.ctaf.accelerators.TestEngine: Able to get TscreenShot
2018-02-19 22:24:27-main--INFO -com.ctaf.accelerators.TestEngine: Able to get TscreenShot
2018-02-19 22:24:45-main--INFO -com.ctaf.accelerators.TestEngine:Current Test : TC_47_RTDomCancelDepartingleg
2018-02-19 22:29:09-main--INFO -com.ctaf.accelerators.TestEngine:Current Test : TC_48_RTDomCancelReturningleg
2018-02-19 22:33:32-main--INFO -com.ctaf.accelerators.TestEngine:Current Test : TC_49_RTIntlCancelDepartingleg
2018-02-19 22:37:55-main--INFO -com.ctaf.accelerators.TestEngine:Current Test : TC_50_RTIntlCancelReturningleg
2018-02-19 22:42:14-main--INFO -com.ctaf.accelerators.TestEngine:Current Test : TC_51_RTIntlfullCancelVerifyMMB
2018-02-19 22:46:52-main--INFO -com.ctaf.accelerators.TestEngine: Able to get TscreenShot
2018-02-19 22:47:10-main--INFO -com.ctaf.accelerators.TestEngine:Current Test : TC_52_oneWayDomMMBChangeDateCancel
2018-02-19 22:50:43-main--INFO -com.ctaf.accelerators.TestEngine: Able to get TscreenShot
2018-02-19 22:51:03-main--INFO -com.ctaf.accelerators.TestEngine:Current Test : TC_53_oneWayDomMMBChangeDateCheckIn
2018-02-19 22:57:35-main--INFO -com.ctaf.accelerators.TestEngine:Current Test : TC_54_RtDOMBookingCheckinNaSmiles
2018-02-19 23:01:50-main--INFO -com.ctaf.accelerators.TestEngine:Current Test : TC_55_oneWayDomesticBusOneAdultAmexBookingAR
2018-02-19 23:04:18-main--INFO -com.ctaf.accelerators.TestEngine: Able to get TscreenShot
2018-02-19 23:04:18-main--INFO -com.ctaf.accelerators.TestEngine: Able to get TscreenShot
2018-02-19 23:04:35-main--INFO -com.ctaf.accelerators.TestEngine:Current Test : TC_56_RTDomBothLegMMBChangedateSeatsExtrasBaggageLounge
2018-02-19 23:07:39-main--INFO -com.ctaf.accelerators.TestEngine: Able to get TscreenShot
2018-02-19 23:07:54-main--INFO -com.ctaf.accelerators.TestEngine:Current Test : TC_57_RTDomDepartingLegMMBChangedateSeatsExtrasBaggageLounge
2018-02-19 23:10:57-main--INFO -com.ctaf.accelerators.TestEngine: Able to get TscreenShot
2018-02-19 23:11:14-main--INFO -com.ctaf.accelerators.TestEngine:Current Test : TC_58_RTDomReturningLegMMBChangedateSeatsExtrasBaggageLounge
2018-02-19 23:14:43-main--INFO -com.ctaf.accelerators.TestEngine: Able to get TscreenShot
2018-02-19 23:15:01-main--INFO -com.ctaf.accelerators.TestEngine:Current Test : TC_59_RTIntlReturningLegMMBChangedateSeatsExtrasBaggageLounge
2018-02-19 23:18:07-main--INFO -com.ctaf.accelerators.TestEngine: Able to get TscreenShot
2018-02-19 23:18:24-main--INFO -com.ctaf.accelerators.TestEngine:Current Test : TC_60_RTIntlBothLegMMBChangedateSeatsExtrasBaggageLounge
2018-02-19 23:21:33-main--INFO -com.ctaf.accelerators.TestEngine: Able to get TscreenShot
