2018-02-08 11:30:45-main--INFO -com.ctaf.accelerators.TestEngine:Starting browser : chrome
2018-02-08 11:31:05-main--INFO -com.ctaf.accelerators.TestEngine:Current Test : TC_20_memberRegistration
2018-02-08 11:33:47-main--INFO -com.ctaf.accelerators.TestEngine:Starting browser : chrome
2018-02-08 11:34:05-main--INFO -com.ctaf.accelerators.TestEngine:Current Test : TC_20_memberRegistration
2018-02-08 12:25:13-main--INFO -com.ctaf.accelerators.TestEngine:Starting browser : chrome
2018-02-08 12:25:39-main--INFO -com.ctaf.accelerators.TestEngine:Current Test : TC_61A_EmploginAllowableFriendsCount
2018-02-08 12:26:04-main--INFO -com.ctaf.accelerators.TestEngine: Unable to get TscreenShot
2018-02-08 12:26:23-main--INFO -com.ctaf.accelerators.TestEngine:Current Test : TC_61A_EmploginAllowableFriendsCount
2018-02-08 12:26:46-main--INFO -com.ctaf.accelerators.TestEngine: Unable to get TscreenShot
2018-02-08 12:27:17-main--INFO -com.ctaf.accelerators.TestEngine:Current Test : TC_61A_EmploginAllowableFriendsCount
2018-02-08 12:27:39-main--INFO -com.ctaf.accelerators.TestEngine: Unable to get TscreenShot
2018-02-08 12:27:57-main--INFO -com.ctaf.accelerators.TestEngine:Current Test : TC_61A_EmploginAllowableFriendsCount
2018-02-08 12:28:20-main--INFO -com.ctaf.accelerators.TestEngine: Unable to get TscreenShot
2018-02-08 12:36:10-main--INFO -com.ctaf.accelerators.TestEngine:Starting browser : chrome
2018-02-08 12:36:28-main--INFO -com.ctaf.accelerators.TestEngine:Current Test : TC_61A_EmploginAllowableFriendsCount
2018-02-08 12:36:51-main--INFO -com.ctaf.accelerators.TestEngine: Unable to get TscreenShot
2018-02-08 12:40:45-main--INFO -com.ctaf.accelerators.TestEngine:Starting browser : chrome
2018-02-08 12:41:04-main--INFO -com.ctaf.accelerators.TestEngine:Current Test : TC_61A_EmploginAllowableFriendsCount
2018-02-08 12:42:28-main--INFO -com.ctaf.accelerators.TestEngine:Starting browser : chrome
2018-02-08 12:42:54-main--INFO -com.ctaf.accelerators.TestEngine:Current Test : TC_61A_EmploginAllowableFriendsCount
2018-02-08 12:44:01-main--INFO -com.ctaf.accelerators.TestEngine:Current Test : TC_61A_EmploginAllowableFriendsCount
2018-02-08 12:45:17-main--INFO -com.ctaf.accelerators.TestEngine:Current Test : TC_61A_EmploginAllowableFriendsCount
2018-02-08 12:45:39-main--INFO -com.ctaf.accelerators.TestEngine: Unable to get TscreenShot
2018-02-08 12:45:55-main--INFO -com.ctaf.accelerators.TestEngine:Current Test : TC_61A_EmploginAllowableFriendsCount
2018-02-08 16:44:25-main--INFO -com.ctaf.accelerators.TestEngine:Starting browser : chrome
2018-02-08 16:44:56-main--INFO -com.ctaf.accelerators.TestEngine:Current Test : TC_64B_VerifyAllowableFriendscountAfterbooking
2018-02-08 17:02:14-main--INFO -com.ctaf.accelerators.TestEngine:Starting browser : chrome
2018-02-08 17:03:46-main--INFO -com.ctaf.accelerators.TestEngine:Starting browser : chrome
2018-02-08 17:04:03-main--INFO -com.ctaf.accelerators.TestEngine:Current Test : TC_64A_TravelPartnerBooking
2018-02-08 17:12:30-main--INFO -com.ctaf.accelerators.TestEngine: Able to get TscreenShot
2018-02-08 17:12:31-main--INFO -com.ctaf.accelerators.TestEngine: Able to get TscreenShot
2018-02-08 19:01:48-main--INFO -com.ctaf.accelerators.TestEngine:Starting browser : chrome
2018-02-08 19:02:08-main--INFO -com.ctaf.accelerators.TestEngine:Current Test : TC_10_OwMultiSimpleIntlCordshareBookingMMB
2018-02-08 19:02:51-main--INFO -com.ctaf.accelerators.TestEngine: Able to get TscreenShot
2018-02-08 19:08:24-main--INFO -com.ctaf.accelerators.TestEngine:Starting browser : chrome
2018-02-08 19:08:41-main--INFO -com.ctaf.accelerators.TestEngine:Current Test : TC_10_OwMultiSimpleIntlCordshareBookingMMB
2018-02-08 19:24:52-main--INFO -com.ctaf.accelerators.TestEngine:Starting browser : chrome
2018-02-08 19:25:07-main--INFO -com.ctaf.accelerators.TestEngine:Current Test : TC_10_OwMultiSimpleIntlCordshareBookingMMB
