2018-05-02 14:41:55-main--INFO -com.ctaf.accelerators.TestEngine:Starting browser : chrome
2018-05-02 14:42:10-main--INFO -com.ctaf.accelerators.TestEngine:Current Test : TC01_a_memberRegistration
2018-05-02 14:43:12-main--INFO -com.ctaf.accelerators.TestEngine: Able to get TscreenShot
2018-05-02 14:43:27-main--INFO -com.ctaf.accelerators.TestEngine:Current Test : TC_01_d_verifyRegistrationFailureWithExistingMailID
2018-05-02 14:44:16-main--INFO -com.ctaf.accelerators.TestEngine:Current Test : TC_01_e_VerifyAccLockOn10IncorrectPswdEntries
2018-05-02 14:45:17-main--INFO -com.ctaf.accelerators.TestEngine: Able to get TscreenShot
2018-05-02 14:45:31-main--INFO -com.ctaf.accelerators.TestEngine:Current Test : TC_01_f_VerifyAlertChildRegistrationNBooking
2018-05-02 14:47:30-main--INFO -com.ctaf.accelerators.TestEngine:Current Test : TC_02_a_oneWayDomSimple1AdultCC
2018-05-02 14:52:32-main--INFO -com.ctaf.accelerators.TestEngine:Current Test : TC_02_b_oneWayDomBusiness1AdultCC
2018-05-02 14:56:59-main--INFO -com.ctaf.accelerators.TestEngine:Current Test : TC_02_c_RTDomSimple1AdultCC
2018-05-02 15:01:02-main--INFO -com.ctaf.accelerators.TestEngine:Starting browser : chrome
2018-05-02 15:01:20-main--INFO -com.ctaf.accelerators.TestEngine:Current Test : TC_02d_RTDomBusiness1AdultCC
2018-05-02 15:05:45-main--INFO -com.ctaf.accelerators.TestEngine:Current Test : TC_02_f_RTDomExtra1Adult1ChildCC
2018-05-02 15:11:29-main--INFO -com.ctaf.accelerators.TestEngine:Current Test : TC_02_g_oneWayDomesticSimpleSADAD
2018-05-02 15:14:47-main--INFO -com.ctaf.accelerators.TestEngine:Current Test : TC03a_oneWayDomesticChangeDate
2018-05-02 15:22:06-main--INFO -com.ctaf.accelerators.TestEngine:Current Test : TC03b_oneWayIntlChangeDate
2018-05-02 15:30:13-main--INFO -com.ctaf.accelerators.TestEngine:Current Test : TC04a_oneWaySimpleDomOneAdultCheckin
2018-05-02 15:37:18-main--INFO -com.ctaf.accelerators.TestEngine:Current Test : TC04b_RtIntlOneAdultCheckinFail
2018-05-02 15:42:19-main--INFO -com.ctaf.accelerators.TestEngine:Current Test : TC04c_oneWaySimpleIntlMutiPaxCheckinFail
2018-05-02 15:48:01-main--INFO -com.ctaf.accelerators.TestEngine:Current Test : TC04d_oneWayExtraIntlMutiPaxCheckinFail
2018-05-02 15:53:28-main--INFO -com.ctaf.accelerators.TestEngine:Current Test : TC04e_oneWayBusinessIntlMutiPaxCheckinFail
2018-05-02 15:59:10-main--INFO -com.ctaf.accelerators.TestEngine:Current Test : TC_06_oneWay2InternationalEco
2018-05-02 16:04:15-main--INFO -com.ctaf.accelerators.TestEngine:Current Test : TC_07_RTDom4adultBusinessCC
2018-05-02 16:10:00-main--INFO -com.ctaf.accelerators.TestEngine: Able to get TscreenShot
2018-05-02 16:10:16-main--INFO -com.ctaf.accelerators.TestEngine:Current Test : TC_08_RTInt1adult1Child1infantBus
2018-05-02 16:15:03-main--INFO -com.ctaf.accelerators.TestEngine:Current Test : TC_10_OwIntlMultiPaxEconomyCordshareBookingMMB
2018-05-02 16:17:01-main--INFO -com.ctaf.accelerators.TestEngine: Able to get TscreenShot
2018-05-02 16:17:01-main--INFO -com.ctaf.accelerators.TestEngine: Able to get TscreenShot
2018-05-02 16:17:14-main--INFO -com.ctaf.accelerators.TestEngine:Current Test : TC_11_RTIntlMultiPaxEconomyPartCodeShare
2018-05-02 16:18:35-main--INFO -com.ctaf.accelerators.TestEngine:Current Test : TC_12_PayWithCreditShell
2018-05-02 16:27:41-main--INFO -com.ctaf.accelerators.TestEngine:Current Test : TC_13_onewayDomesticwithUSdollars
2018-05-02 16:32:03-main--INFO -com.ctaf.accelerators.TestEngine:Current Test : TC_14_oneWayDomesticwithEuro
2018-05-02 16:36:19-main--INFO -com.ctaf.accelerators.TestEngine:Current Test : TC_15_EmpLoginOnewayOneAdultStaffStandByChangFlightCancel
2018-05-02 16:45:07-main--INFO -com.ctaf.accelerators.TestEngine:Current Test : TC_16_EmpLoginStaffConfmedChangeDateCheckIn
2018-05-02 16:50:06-main--INFO -com.ctaf.accelerators.TestEngine: Able to get TscreenShot
2018-05-02 16:50:19-main--INFO -com.ctaf.accelerators.TestEngine:Current Test : TC_17_RTChangeflightCheckIN
2018-05-02 16:54:41-main--INFO -com.ctaf.accelerators.TestEngine: Able to get TscreenShot
2018-05-02 16:54:42-main--INFO -com.ctaf.accelerators.TestEngine: Able to get TscreenShot
2018-05-02 16:55:02-main--INFO -com.ctaf.accelerators.TestEngine:Current Test : TC_18_corporateLoginRToneAdultCancelFlight
2018-05-02 16:55:13-main--INFO -com.ctaf.accelerators.TestEngine: Able to get TscreenShot
2018-05-02 16:55:24-main--INFO -com.ctaf.accelerators.TestEngine:Current Test : TC_19_agencyLoginRToneAdultoneChild
2018-05-02 16:55:35-main--INFO -com.ctaf.accelerators.TestEngine: Able to get TscreenShot
2018-05-02 16:55:47-main--INFO -com.ctaf.accelerators.TestEngine:Current Test : TC_23_oneWayDomesticOneAdultCheckInAR
2018-05-02 16:57:13-main--INFO -com.ctaf.accelerators.TestEngine: Able to get TscreenShot
2018-05-02 16:57:25-main--INFO -com.ctaf.accelerators.TestEngine:Current Test : TC_24_anonymousRtDomestic4AdultBusinessAR
2018-05-02 16:57:35-main--INFO -com.ctaf.accelerators.TestEngine: Able to get TscreenShot
2018-05-02 16:57:47-main--INFO -com.ctaf.accelerators.TestEngine:Current Test : TC_25_anonymousOneWayDomesticOneAdultCheckInTR
2018-05-02 16:57:57-main--INFO -com.ctaf.accelerators.TestEngine: Able to get TscreenShot
2018-05-02 16:58:09-main--INFO -com.ctaf.accelerators.TestEngine:Current Test : TC_26_anonymousRtDomestic4AdultBusinessTR
2018-05-02 16:58:19-main--INFO -com.ctaf.accelerators.TestEngine: Able to get TscreenShot
2018-05-02 16:58:33-main--INFO -com.ctaf.accelerators.TestEngine:Current Test : TC_27a_redemptionBookingwithBronzeMember
2018-05-02 16:59:36-main--INFO -com.ctaf.accelerators.TestEngine:Current Test : TC27b_BookingwithinsufficientBronzepoints
2018-05-02 17:01:06-main--INFO -com.ctaf.accelerators.TestEngine:Current Test : TC_28_redemptionBookingwithSilverMember
2018-05-02 17:01:16-main--INFO -com.ctaf.accelerators.TestEngine: Able to get TscreenShot
2018-05-02 17:01:31-main--INFO -com.ctaf.accelerators.TestEngine:Current Test : TC_29_redemptionBookingwithGoldMember
2018-05-02 17:01:49-main--INFO -com.ctaf.accelerators.TestEngine:Current Test : TC_30_redemptionBookingwithPlatinumMember
2018-05-02 17:02:50-main--INFO -com.ctaf.accelerators.TestEngine:Current Test : TC_31_anonymousVerifingBoardingPassVlues
2018-05-02 17:09:51-main--INFO -com.ctaf.accelerators.TestEngine: Able to get TscreenShot
2018-05-02 17:10:08-main--INFO -com.ctaf.accelerators.TestEngine:Current Test : TC_32_anonymousReissueTheTicketWithHigherFare
2018-05-02 17:11:46-main--INFO -com.ctaf.accelerators.TestEngine: Able to get TscreenShot
2018-05-02 17:11:47-main--INFO -com.ctaf.accelerators.TestEngine: Able to get TscreenShot
2018-05-02 17:12:00-main--INFO -com.ctaf.accelerators.TestEngine:Current Test : TC_33_anonymousRevalidateTheTicketWithSameFare
2018-05-02 17:13:09-main--INFO -com.ctaf.accelerators.TestEngine:Current Test : TC_34_BaggageValidation
2018-05-02 17:13:19-main--INFO -com.ctaf.accelerators.TestEngine: Able to get TscreenShot
2018-05-02 17:13:31-main--INFO -com.ctaf.accelerators.TestEngine:Current Test : TC_35_AnonymousOneWayDomesticEconomy_MMB_ModifyExtrasSeat
2018-05-02 17:14:24-main--INFO -com.ctaf.accelerators.TestEngine: Able to get TscreenShot
2018-05-02 17:14:38-main--INFO -com.ctaf.accelerators.TestEngine:Current Test : TC_35_b_AnonymousOwIntlEconomy_MMB_ModifyExtrasSeat
2018-05-02 17:15:33-main--INFO -com.ctaf.accelerators.TestEngine: Able to get TscreenShot
2018-05-02 17:15:46-main--INFO -com.ctaf.accelerators.TestEngine:Current Test : TC_36_EmpLoginOnewayOneAdultStaffStandByModifyEXtras
2018-05-02 17:15:57-main--INFO -com.ctaf.accelerators.TestEngine: Able to get TscreenShot
2018-05-02 17:16:08-main--INFO -com.ctaf.accelerators.TestEngine:Current Test : TC_37_EmpLoginStaffConfirmedModifyExtras
2018-05-02 17:16:19-main--INFO -com.ctaf.accelerators.TestEngine: Able to get TscreenShot
2018-05-02 17:16:31-main--INFO -com.ctaf.accelerators.TestEngine:Current Test : TC_38_corporateLoginRoundTripModifyExtras
2018-05-02 17:16:41-main--INFO -com.ctaf.accelerators.TestEngine: Able to get TscreenShot
2018-05-02 17:16:53-main--INFO -com.ctaf.accelerators.TestEngine:Current Test : TC_39_agencyLoginRondTripModifyExtras
2018-05-02 17:17:04-main--INFO -com.ctaf.accelerators.TestEngine: Able to get TscreenShot
2018-05-02 17:17:16-main--INFO -com.ctaf.accelerators.TestEngine:Current Test : TC_45_oneWayDomCancelverifyMMB
2018-05-02 17:17:26-main--INFO -com.ctaf.accelerators.TestEngine: Able to get TscreenShot
2018-05-02 17:17:40-main--INFO -com.ctaf.accelerators.TestEngine:Current Test : TC_46_RTDomfullCancelVerifyMMB
2018-05-02 17:24:24-main--INFO -com.ctaf.accelerators.TestEngine:Current Test : TC_47_RTDomCancelDepartingleg
2018-05-02 17:30:25-main--INFO -com.ctaf.accelerators.TestEngine:Current Test : TC_48_RTDomCancelReturningleg
2018-05-02 17:36:23-main--INFO -com.ctaf.accelerators.TestEngine:Current Test : TC_49_RTIntlCancelDepartingleg
2018-05-02 17:42:14-main--INFO -com.ctaf.accelerators.TestEngine:Current Test : TC_50_RTIntlCancelReturningleg
2018-05-02 17:42:25-main--INFO -com.ctaf.accelerators.TestEngine: Able to get TscreenShot
2018-05-02 17:42:52-main--INFO -com.ctaf.accelerators.TestEngine:Current Test : TC_51_RTIntlfullCancelVerifyMMB
2018-05-02 17:43:07-main--INFO -com.ctaf.accelerators.TestEngine: Able to get TscreenShot
2018-05-02 17:43:23-main--INFO -com.ctaf.accelerators.TestEngine:Current Test : TC_52_oneWayDomMMBChangeDateCancel
2018-05-02 17:51:40-main--INFO -com.ctaf.accelerators.TestEngine: Able to get TscreenShot
2018-05-02 17:52:07-main--INFO -com.ctaf.accelerators.TestEngine:Current Test : TC_53_oneWayDomMMBChangeDateCheckIn
2018-05-02 17:52:18-main--INFO -com.ctaf.accelerators.TestEngine: Able to get TscreenShot
2018-05-02 17:52:30-main--INFO -com.ctaf.accelerators.TestEngine:Current Test : TC_54_RtDOMBookingCheckinNaSmiles
2018-05-02 17:52:40-main--INFO -com.ctaf.accelerators.TestEngine: Able to get TscreenShot
2018-05-02 17:52:53-main--INFO -com.ctaf.accelerators.TestEngine:Current Test : TC_55_oneWayDomesticBusOneAdultAmexBookingAR
2018-05-02 17:53:04-main--INFO -com.ctaf.accelerators.TestEngine: Able to get TscreenShot
2018-05-02 17:53:19-main--INFO -com.ctaf.accelerators.TestEngine:Current Test : TC_56_RTDomBothLegMMBChangedateSeatsExtrasBaggageLounge
2018-05-02 17:53:29-main--INFO -com.ctaf.accelerators.TestEngine: Able to get TscreenShot
2018-05-02 17:53:44-main--INFO -com.ctaf.accelerators.TestEngine:Current Test : TC_57_RTDomDepartingLegMMBChangedateSeatsExtrasBaggageLounge
2018-05-02 17:59:03-main--INFO -com.ctaf.accelerators.TestEngine: Able to get TscreenShot
2018-05-02 17:59:16-main--INFO -com.ctaf.accelerators.TestEngine:Current Test : TC_58_RTDomReturningLegMMBChangedateSeatsExtrasBaggageLounge
2018-05-02 17:59:26-main--INFO -com.ctaf.accelerators.TestEngine: Able to get TscreenShot
2018-05-02 17:59:39-main--INFO -com.ctaf.accelerators.TestEngine:Current Test : TC_59_RTIntlReturningLegMMBChangedateSeatsExtrasBaggageLounge
2018-05-02 17:59:50-main--INFO -com.ctaf.accelerators.TestEngine: Able to get TscreenShot
2018-05-02 18:00:01-main--INFO -com.ctaf.accelerators.TestEngine:Current Test : TC_60_RTIntlBothLegMMBChangedateSeatsExtrasBaggageLounge
2018-05-02 18:00:04-main--INFO -com.ctaf.accelerators.TestEngine: Able to get TscreenShot
2018-05-02 18:00:18-main--INFO -com.ctaf.accelerators.TestEngine:Current Test : TC_61A_VerifyAllowableFriendsBooking2A3C1I
2018-05-02 18:00:34-main--INFO -com.ctaf.accelerators.TestEngine: Able to get TscreenShot
2018-05-02 18:00:48-main--INFO -com.ctaf.accelerators.TestEngine:Current Test : TC_62_VerifyAlertOnExceedingfriendsbookinglimit3A3C
2018-05-02 18:01:45-main--INFO -com.ctaf.accelerators.TestEngine:Current Test : TC_63_VerifyAlertOnExceedingfriendsbookinglimit6Adults
2018-05-02 18:02:00-main--INFO -com.ctaf.accelerators.TestEngine: Able to get TscreenShot
2018-05-02 18:02:14-main--INFO -com.ctaf.accelerators.TestEngine:Current Test : TC_64A_TravelPartnerBooking
2018-05-02 18:02:30-main--INFO -com.ctaf.accelerators.TestEngine: Able to get TscreenShot
2018-05-02 18:02:42-main--INFO -com.ctaf.accelerators.TestEngine:Current Test : TC_65A_DomStandByFriendsBookingFeeVerification
2018-05-02 18:02:57-main--INFO -com.ctaf.accelerators.TestEngine: Able to get TscreenShot
2018-05-02 18:03:09-main--INFO -com.ctaf.accelerators.TestEngine:Current Test : TC_65C_IntlStandByFriendsBookingChargeVerification
2018-05-02 18:03:25-main--INFO -com.ctaf.accelerators.TestEngine: Able to get TscreenShot
2018-05-02 18:03:39-main--INFO -com.ctaf.accelerators.TestEngine:Current Test : TC_65D_IntlStaffCnfmdFriendsBookingChargeVerification
2018-05-02 18:05:31-main--INFO -com.ctaf.accelerators.TestEngine: Able to get TscreenShot
2018-05-02 18:05:44-main--INFO -com.ctaf.accelerators.TestEngine:Current Test : TC_66A_PricelockDomFeeVerificationBooking
2018-05-02 18:05:59-main--INFO -com.ctaf.accelerators.TestEngine: Able to get TscreenShot
2018-05-02 18:06:15-main--INFO -com.ctaf.accelerators.TestEngine:Current Test : TC_67A_PricelockDomFeeVerificationBooking
2018-05-02 18:08:53-main--INFO -com.ctaf.accelerators.TestEngine: Able to get TscreenShot
2018-05-02 18:08:54-main--INFO -com.ctaf.accelerators.TestEngine: Able to get TscreenShot
