2018-02-20 15:20:51-main--INFO -com.ctaf.accelerators.TestEngine:Starting browser : chrome
2018-02-20 15:21:17-main--INFO -com.ctaf.accelerators.TestEngine:Current Test : TC04b_RtIntlOneAdultCheckinFail
2018-02-20 15:38:16-main--INFO -com.ctaf.accelerators.TestEngine:Starting browser : chrome
2018-02-20 15:38:47-main--INFO -com.ctaf.accelerators.TestEngine:Starting browser : chrome
2018-02-20 15:39:12-main--INFO -com.ctaf.accelerators.TestEngine:Current Test : TC_02_g_oneWayDomesticSimpleSADAD
2018-02-20 15:41:23-main--INFO -com.ctaf.accelerators.TestEngine: Able to get TscreenShot
2018-02-20 15:42:28-main--INFO -com.ctaf.accelerators.TestEngine:Starting browser : chrome
2018-02-20 15:42:51-main--INFO -com.ctaf.accelerators.TestEngine:Current Test : TC_02_g_oneWayDomesticSimpleSADAD
2018-02-20 15:53:05-main--INFO -com.ctaf.accelerators.TestEngine: Able to get TscreenShot
2018-02-20 15:56:28-main--INFO -com.ctaf.accelerators.TestEngine:Starting browser : chrome
2018-02-20 15:56:55-main--INFO -com.ctaf.accelerators.TestEngine:Current Test : TC_02_g_oneWayDomesticSimpleSADAD
2018-02-20 15:59:15-main--INFO -com.ctaf.accelerators.TestEngine: Able to get TscreenShot
2018-02-20 16:01:12-main--INFO -com.ctaf.accelerators.TestEngine:Starting browser : chrome
2018-02-20 16:01:27-main--INFO -com.ctaf.accelerators.TestEngine:Current Test : TC_02_g_oneWayDomesticSimpleSADAD
2018-02-20 16:24:23-main--INFO -com.ctaf.accelerators.TestEngine:Starting browser : chrome
2018-02-20 16:24:42-main--INFO -com.ctaf.accelerators.TestEngine:Current Test : TC_02_c_RTDomSimple1AdultCC
2018-02-20 16:33:40-main--INFO -com.ctaf.accelerators.TestEngine: Able to get TscreenShot
2018-02-20 16:33:58-main--INFO -com.ctaf.accelerators.TestEngine:Current Test : TC_02d_RTDomBusiness1AdultCC
2018-02-20 16:37:28-main--INFO -com.ctaf.accelerators.TestEngine:Current Test : TC_02e_RTIntlBusiness1AdultCC
2018-02-20 16:37:30-main--INFO -com.ctaf.accelerators.TestEngine: Able to get TscreenShot
2018-02-20 16:37:48-main--INFO -com.ctaf.accelerators.TestEngine:Current Test : TC_02_f_RTDomExtra1Adult1ChildCC
2018-02-20 16:45:55-main--INFO -com.ctaf.accelerators.TestEngine: Able to get TscreenShot
2018-02-20 16:45:55-main--INFO -com.ctaf.accelerators.TestEngine: Able to get TscreenShot
2018-02-20 16:46:15-main--INFO -com.ctaf.accelerators.TestEngine:Current Test : TC03a_oneWayDomesticChangeDate
2018-02-20 16:54:58-main--INFO -com.ctaf.accelerators.TestEngine: Able to get TscreenShot
2018-02-20 17:29:45-main--INFO -com.ctaf.accelerators.TestEngine:Starting browser : chrome
2018-02-20 17:30:10-main--INFO -com.ctaf.accelerators.TestEngine:Current Test : TC_02e_RTIntlBusiness1AdultCC
2018-02-20 17:30:23-main--INFO -com.ctaf.accelerators.TestEngine: Able to get TscreenShot
2018-02-20 17:32:43-main--INFO -com.ctaf.accelerators.TestEngine:Starting browser : chrome
2018-02-20 17:33:02-main--INFO -com.ctaf.accelerators.TestEngine:Current Test : TC_02_c_RTDomSimple1AdultCC
2018-02-20 19:08:58-main--INFO -com.ctaf.accelerators.TestEngine:Starting browser : chrome
2018-02-20 19:09:16-main--INFO -com.ctaf.accelerators.TestEngine:Current Test : TC_01_verifingChildDiscount
2018-02-20 19:10:30-main--INFO -com.ctaf.accelerators.TestEngine:Starting browser : chrome
2018-02-20 19:10:44-main--INFO -com.ctaf.accelerators.TestEngine:Current Test : TC_01_verifingChildDiscount
2018-02-20 19:12:14-main--INFO -com.ctaf.accelerators.TestEngine: Able to get TscreenShot
2018-02-20 19:12:29-main--INFO -com.ctaf.accelerators.TestEngine:Current Test : TC_02_verifingServiceChargeperPerson
2018-02-20 19:14:20-main--INFO -com.ctaf.accelerators.TestEngine: Able to get TscreenShot
2018-02-20 19:14:38-main--INFO -com.ctaf.accelerators.TestEngine:Current Test : TC_03_verifingServiceChargeperPerson
2018-02-20 19:27:34-main--INFO -com.ctaf.accelerators.TestEngine:Current Test : TC_04_verifingserviceChargeForRTEconyDomestic
2018-02-20 19:30:23-main--INFO -com.ctaf.accelerators.TestEngine: Able to get TscreenShot
2018-02-20 19:30:38-main--INFO -com.ctaf.accelerators.TestEngine:Current Test : TC_05_verifingSerCharChildDisRTFlexDom
2018-02-20 19:33:00-main--INFO -com.ctaf.accelerators.TestEngine:Current Test : TC_06_verifingServiceChargeRTBusinessDomestic
2018-02-20 19:34:58-main--INFO -com.ctaf.accelerators.TestEngine: Able to get TscreenShot
2018-02-20 19:35:13-main--INFO -com.ctaf.accelerators.TestEngine:Current Test : TC_07_verifingServiceChargewithMTEco
2018-02-20 19:41:32-main--INFO -com.ctaf.accelerators.TestEngine: Able to get TscreenShot
2018-02-20 19:41:32-main--INFO -com.ctaf.accelerators.TestEngine: Able to get TscreenShot
2018-02-20 19:41:48-main--INFO -com.ctaf.accelerators.TestEngine:Current Test : TC_08_verifingServiceChragewithMTSingleFlex
2018-02-20 19:44:27-main--INFO -com.ctaf.accelerators.TestEngine: Able to get TscreenShot
2018-02-20 19:44:40-main--INFO -com.ctaf.accelerators.TestEngine:Current Test : TC_09_verifingServiceChargewithMTBussiness
2018-02-20 19:46:56-main--INFO -com.ctaf.accelerators.TestEngine: Able to get TscreenShot
2018-02-20 19:47:11-main--INFO -com.ctaf.accelerators.TestEngine:Current Test : TC_10_verifingSerCharChildDisInArabic
2018-02-20 19:49:08-main--INFO -com.ctaf.accelerators.TestEngine: Able to get TscreenShot
2018-02-20 19:49:23-main--INFO -com.ctaf.accelerators.TestEngine:Current Test : TC_11_verifingServiceChargeOWSingleBusAR
2018-02-20 19:49:43-main--INFO -com.ctaf.accelerators.TestEngine: Unable to get TscreenShot
2018-02-20 19:49:57-main--INFO -com.ctaf.accelerators.TestEngine:Current Test : TC_12_verifingServiceChargeRTSingleFlexIntAR
2018-02-20 19:50:17-main--INFO -com.ctaf.accelerators.TestEngine: Unable to get TscreenShot
2018-02-20 19:50:29-main--INFO -com.ctaf.accelerators.TestEngine:Current Test : TC_13_verifingServiceChargeRTSingleECoDOMAR
2018-02-20 19:50:49-main--INFO -com.ctaf.accelerators.TestEngine: Unable to get TscreenShot
2018-02-20 19:51:04-main--INFO -com.ctaf.accelerators.TestEngine:Current Test : TC_14_verifingSerCharChilDdisRTMulFlexDOMAR
2018-02-20 19:51:24-main--INFO -com.ctaf.accelerators.TestEngine: Unable to get TscreenShot
2018-02-20 19:51:39-main--INFO -com.ctaf.accelerators.TestEngine:Current Test : TC_15_verifingServiceChargeRTSingleBusDomesticAR
2018-02-20 19:51:58-main--INFO -com.ctaf.accelerators.TestEngine: Unable to get TscreenShot
2018-02-20 19:52:13-main--INFO -com.ctaf.accelerators.TestEngine:Current Test : TC_19_verifingSerCharChildDisOWMultiEcoIntlTR
2018-02-20 19:54:43-main--INFO -com.ctaf.accelerators.TestEngine: Able to get TscreenShot
2018-02-20 19:54:58-main--INFO -com.ctaf.accelerators.TestEngine:Current Test : TC_20_verifingServiceChargeOWSigleBusinessDomTR
2018-02-20 19:55:18-main--INFO -com.ctaf.accelerators.TestEngine: Unable to get TscreenShot
2018-02-20 19:55:35-main--INFO -com.ctaf.accelerators.TestEngine:Current Test : TC_21_verfingServiceChargeRTSingleFlexIntlTR
2018-02-20 19:55:54-main--INFO -com.ctaf.accelerators.TestEngine: Unable to get TscreenShot
2018-02-20 19:56:08-main--INFO -com.ctaf.accelerators.TestEngine:Current Test : TC_22_verifingServiceChargeRTSingleEcoDomTR
2018-02-20 19:56:27-main--INFO -com.ctaf.accelerators.TestEngine: Unable to get TscreenShot
2018-02-20 19:56:43-main--INFO -com.ctaf.accelerators.TestEngine:Current Test : TC_23_verifingSerCharChildDisRTMultiFlexDomTR
2018-02-20 19:57:03-main--INFO -com.ctaf.accelerators.TestEngine: Unable to get TscreenShot
2018-02-20 19:57:18-main--INFO -com.ctaf.accelerators.TestEngine:Current Test : TC_24_verifingServiceChargeRTSingleBusDomTR
2018-02-20 19:57:38-main--INFO -com.ctaf.accelerators.TestEngine: Unable to get TscreenShot
2018-02-20 19:57:53-main--INFO -com.ctaf.accelerators.TestEngine:Current Test : TC_25_verifingServiceChargeMTSingleEcoIntlTR
2018-02-20 19:58:12-main--INFO -com.ctaf.accelerators.TestEngine: Unable to get TscreenShot
2018-02-20 19:58:28-main--INFO -com.ctaf.accelerators.TestEngine:Current Test : TC_26_verifingServiceChargeMTSingleFlexDomTR
2018-02-20 19:58:48-main--INFO -com.ctaf.accelerators.TestEngine: Unable to get TscreenShot
2018-02-20 19:59:03-main--INFO -com.ctaf.accelerators.TestEngine:Current Test : TC_27_verifingSerCharChildDisMTSingleBusIntlTR
2018-02-20 19:59:23-main--INFO -com.ctaf.accelerators.TestEngine: Unable to get TscreenShot
2018-02-20 19:59:38-main--INFO -com.ctaf.accelerators.TestEngine:Current Test : TC_01_a_memberRegistration
2018-02-20 20:00:46-main--INFO -com.ctaf.accelerators.TestEngine:Current Test : TC_29_modifyProfileNewRegister
2018-02-20 20:01:36-main--INFO -com.ctaf.accelerators.TestEngine:Current Test : TC_30_BaggageValidation
