2018-04-12 13:16:01-main--INFO -com.ctaf.accelerators.TestEngine:Starting browser : chrome
2018-04-12 13:16:15-main--INFO -com.ctaf.accelerators.TestEngine:Current Test : TC_11_RTIntlMultiPaxEconomyPartCodeShare
2018-04-12 14:49:17-main--INFO -com.ctaf.accelerators.TestEngine:Starting browser : chrome
2018-04-12 14:49:34-main--INFO -com.ctaf.accelerators.TestEngine:Current Test : TC_10_OwIntlMultiPaxEconomyCordshareBookingMMB
2018-04-12 15:35:28-main--INFO -com.ctaf.accelerators.TestEngine:Starting browser : chrome
2018-04-12 15:35:43-main--INFO -com.ctaf.accelerators.TestEngine:Current Test : TC_11_RTIntlMultiPaxEconomyPartCodeShare
2018-04-12 16:06:43-main--INFO -com.ctaf.accelerators.TestEngine:Starting browser : chrome
2018-04-12 16:06:59-main--INFO -com.ctaf.accelerators.TestEngine:Current Test : TC_11_RTIntlMultiPaxEconomyPartCodeShare
2018-04-12 17:08:52-main--INFO -com.ctaf.accelerators.TestEngine:Starting browser : chrome
2018-04-12 17:09:08-main--INFO -com.ctaf.accelerators.TestEngine:Current Test : TC_11_RTIntlMultiPaxEconomyPartCodeShare
2018-04-12 17:25:36-main--INFO -com.ctaf.accelerators.TestEngine:Starting browser : chrome
2018-04-12 17:25:54-main--INFO -com.ctaf.accelerators.TestEngine:Current Test : TC_11_RTIntlMultiPaxEconomyPartCodeShare
2018-04-12 17:32:17-main--INFO -com.ctaf.accelerators.TestEngine:Starting browser : chrome
2018-04-12 17:32:39-main--INFO -com.ctaf.accelerators.TestEngine:Current Test : TC_11_RTIntlMultiPaxEconomyPartCodeShare
2018-04-12 17:39:42-main--INFO -com.ctaf.accelerators.TestEngine:Starting browser : chrome
2018-04-12 17:40:39-main--INFO -com.ctaf.accelerators.TestEngine:Current Test : TC_11_RTIntlMultiPaxEconomyPartCodeShare
2018-04-12 17:45:50-main--INFO -com.ctaf.accelerators.TestEngine:Starting browser : chrome
2018-04-12 17:46:07-main--INFO -com.ctaf.accelerators.TestEngine:Current Test : TC_11_RTIntlMultiPaxEconomyPartCodeShare
2018-04-12 18:00:11-main--INFO -com.ctaf.accelerators.TestEngine:Starting browser : chrome
2018-04-12 18:00:24-main--INFO -com.ctaf.accelerators.TestEngine:Current Test : TC_11_RTIntlMultiPaxEconomyPartCodeShare
2018-04-12 18:05:30-main--INFO -com.ctaf.accelerators.TestEngine:Starting browser : chrome
2018-04-12 18:05:47-main--INFO -com.ctaf.accelerators.TestEngine:Current Test : TC_11_RTIntlMultiPaxEconomyPartCodeShare
2018-04-12 18:21:41-main--INFO -com.ctaf.accelerators.TestEngine:Starting browser : chrome
2018-04-12 18:22:04-main--INFO -com.ctaf.accelerators.TestEngine:Current Test : TC_10_OwIntlMultiPaxEconomyCordshareBookingMMB
2018-04-12 18:24:30-main--INFO -com.ctaf.accelerators.TestEngine: Able to get TscreenShot
2018-04-12 18:48:04-main--INFO -com.ctaf.accelerators.TestEngine:Starting browser : chrome
2018-04-12 18:48:20-main--INFO -com.ctaf.accelerators.TestEngine:Current Test : TC_37_EmpLoginStaffConfirmedModifyExtras
2018-04-12 19:25:50-main--INFO -com.ctaf.accelerators.TestEngine:Starting browser : chrome
2018-04-12 19:26:07-main--INFO -com.ctaf.accelerators.TestEngine:Current Test : TC_01_d_verifyRegistrationFailureWithExistingMailID
2018-04-12 19:26:41-main--INFO -com.ctaf.accelerators.TestEngine: Able to get TscreenShot
2018-04-12 19:28:16-main--INFO -com.ctaf.accelerators.TestEngine:Starting browser : chrome
2018-04-12 19:28:35-main--INFO -com.ctaf.accelerators.TestEngine:Current Test : TC_01_d_verifyRegistrationFailureWithExistingMailID
2018-04-12 19:29:33-main--INFO -com.ctaf.accelerators.TestEngine:Current Test : TC_01_e_VerifyAccLockOn10IncorrectPswdEntries
2018-04-12 19:30:27-main--INFO -com.ctaf.accelerators.TestEngine: Able to get TscreenShot
2018-04-12 19:30:43-main--INFO -com.ctaf.accelerators.TestEngine:Current Test : TC_01_f_VerifyAlertChildRegistrationNBooking
2018-04-12 19:31:37-main--INFO -com.ctaf.accelerators.TestEngine: Able to get TscreenShot
2018-04-12 19:31:51-main--INFO -com.ctaf.accelerators.TestEngine:Current Test : TC_02_a_oneWayDomSimple1AdultCC
2018-04-12 19:35:52-main--INFO -com.ctaf.accelerators.TestEngine:Current Test : TC_02_b_oneWayDomBusiness1AdultCC
2018-04-12 19:39:13-main--INFO -com.ctaf.accelerators.TestEngine:Current Test : TC_02_c_RTDomSimple1AdultCC
2018-04-12 19:43:04-main--INFO -com.ctaf.accelerators.TestEngine:Current Test : TC_02d_RTDomBusiness1AdultCC
2018-04-12 19:46:28-main--INFO -com.ctaf.accelerators.TestEngine:Current Test : TC_02_f_RTDomExtra1Adult1ChildCC
2018-04-12 19:47:54-main--INFO -com.ctaf.accelerators.TestEngine: Able to get TscreenShot
2018-04-12 19:48:09-main--INFO -com.ctaf.accelerators.TestEngine:Current Test : TC_02_g_oneWayDomesticSimpleSADAD
2018-04-12 19:50:21-main--INFO -com.ctaf.accelerators.TestEngine: Able to get TscreenShot
2018-04-12 19:50:39-main--INFO -com.ctaf.accelerators.TestEngine:Current Test : TC03a_oneWayDomesticChangeDate
2018-04-12 19:53:09-main--INFO -com.ctaf.accelerators.TestEngine:Current Test : TC03b_oneWayIntlChangeDate
2018-04-12 19:59:12-main--INFO -com.ctaf.accelerators.TestEngine:Current Test : TC04a_oneWaySimpleDomOneAdultCheckin
2018-04-12 20:04:24-main--INFO -com.ctaf.accelerators.TestEngine:Current Test : TC04b_RtIntlOneAdultCheckinFail
2018-04-12 20:08:20-main--INFO -com.ctaf.accelerators.TestEngine:Current Test : TC04c_oneWaySimpleIntlMutiPaxCheckinFail
2018-04-12 20:09:21-main--INFO -com.ctaf.accelerators.TestEngine: Able to get TscreenShot
2018-04-12 20:09:34-main--INFO -com.ctaf.accelerators.TestEngine:Current Test : TC04d_oneWayExtraIntlMutiPaxCheckinFail
2018-04-12 20:10:34-main--INFO -com.ctaf.accelerators.TestEngine: Able to get TscreenShot
2018-04-12 20:10:48-main--INFO -com.ctaf.accelerators.TestEngine:Current Test : TC04e_oneWayBusinessIntlMutiPaxCheckinFail
2018-04-12 20:11:53-main--INFO -com.ctaf.accelerators.TestEngine: Able to get TscreenShot
2018-04-12 20:12:07-main--INFO -com.ctaf.accelerators.TestEngine:Current Test : TC_06_oneWay2InternationalEco
2018-04-12 20:13:07-main--INFO -com.ctaf.accelerators.TestEngine: Able to get TscreenShot
2018-04-12 20:13:23-main--INFO -com.ctaf.accelerators.TestEngine:Current Test : TC_07_RTDom4adultBusinessCC
2018-04-12 20:14:53-main--INFO -com.ctaf.accelerators.TestEngine: Able to get TscreenShot
2018-04-12 20:15:10-main--INFO -com.ctaf.accelerators.TestEngine:Current Test : TC_08_RTInt1adult1Child1infantBus
2018-04-12 20:16:36-main--INFO -com.ctaf.accelerators.TestEngine: Able to get TscreenShot
2018-04-12 20:16:50-main--INFO -com.ctaf.accelerators.TestEngine:Current Test : TC_10_OwIntlMultiPaxEconomyCordshareBookingMMB
2018-04-12 20:17:54-main--INFO -com.ctaf.accelerators.TestEngine: Able to get TscreenShot
2018-04-12 20:18:09-main--INFO -com.ctaf.accelerators.TestEngine:Current Test : TC_11_RTIntlMultiPaxEconomyPartCodeShare
2018-04-12 20:19:09-main--INFO -com.ctaf.accelerators.TestEngine:Current Test : TC_12_PayWithCreditShell
2018-04-12 20:19:48-main--INFO -com.ctaf.accelerators.TestEngine: Unable to get TscreenShot
2018-04-12 20:20:04-main--INFO -com.ctaf.accelerators.TestEngine:Current Test : TC_13_onewayDomesticwithUSdollars
2018-04-12 20:23:01-main--INFO -com.ctaf.accelerators.TestEngine:Current Test : TC_14_oneWayDomesticwithEuro
2018-04-12 20:25:52-main--INFO -com.ctaf.accelerators.TestEngine:Current Test : TC_15_EmpLoginOnewayOneAdultStaffStandByChangFlightCancel
2018-04-12 20:28:44-main--INFO -com.ctaf.accelerators.TestEngine: Able to get TscreenShot
2018-04-12 20:28:59-main--INFO -com.ctaf.accelerators.TestEngine:Current Test : TC_16_EmpLoginStaffConfmedChangeDateCheckIn
2018-04-12 20:32:26-main--INFO -com.ctaf.accelerators.TestEngine: Able to get TscreenShot
2018-04-12 20:32:43-main--INFO -com.ctaf.accelerators.TestEngine:Current Test : TC_17_RTChangeflightCheckIN
2018-04-12 20:36:41-main--INFO -com.ctaf.accelerators.TestEngine: Able to get TscreenShot
2018-04-12 20:36:57-main--INFO -com.ctaf.accelerators.TestEngine:Current Test : TC_18_corporateLoginRToneAdultCancelFlight
2018-04-12 20:41:09-main--INFO -com.ctaf.accelerators.TestEngine: Able to get TscreenShot
2018-04-12 20:41:25-main--INFO -com.ctaf.accelerators.TestEngine:Current Test : TC_19_agencyLoginRToneAdultoneChild
2018-04-12 20:45:00-main--INFO -com.ctaf.accelerators.TestEngine:Current Test : TC_23_oneWayDomesticOneAdultCheckInAR
2018-04-12 20:46:19-main--INFO -com.ctaf.accelerators.TestEngine: Able to get TscreenShot
2018-04-12 20:46:19-main--INFO -com.ctaf.accelerators.TestEngine: Able to get TscreenShot
2018-04-12 20:46:35-main--INFO -com.ctaf.accelerators.TestEngine:Current Test : TC_24_anonymousRtDomestic4AdultBusinessAR
2018-04-12 20:47:52-main--INFO -com.ctaf.accelerators.TestEngine: Able to get TscreenShot
2018-04-12 20:48:06-main--INFO -com.ctaf.accelerators.TestEngine:Current Test : TC_25_anonymousOneWayDomesticOneAdultCheckInTR
2018-04-12 20:51:03-main--INFO -com.ctaf.accelerators.TestEngine: Able to get TscreenShot
2018-04-12 20:51:17-main--INFO -com.ctaf.accelerators.TestEngine:Current Test : TC_26_anonymousRtDomestic4AdultBusinessTR
2018-04-12 20:54:10-main--INFO -com.ctaf.accelerators.TestEngine: Able to get TscreenShot
2018-04-12 20:54:10-main--INFO -com.ctaf.accelerators.TestEngine: Able to get TscreenShot
2018-04-12 20:54:23-main--INFO -com.ctaf.accelerators.TestEngine:Current Test : TC_27a_redemptionBookingwithBronzeMember
2018-04-12 20:55:03-main--INFO -com.ctaf.accelerators.TestEngine: Unable to get TscreenShot
2018-04-12 20:55:17-main--INFO -com.ctaf.accelerators.TestEngine:Current Test : TC27b_BookingwithinsufficientBronzepoints
2018-04-12 20:55:36-main--INFO -com.ctaf.accelerators.TestEngine:Current Test : TC_31_anonymousVerifingBoardingPassVlues
2018-04-12 21:00:34-main--INFO -com.ctaf.accelerators.TestEngine: Able to get TscreenShot
2018-04-12 21:00:51-main--INFO -com.ctaf.accelerators.TestEngine:Current Test : TC_32_anonymousReissueTheTicketWithHigherFare
2018-04-12 21:02:08-main--INFO -com.ctaf.accelerators.TestEngine: Able to get TscreenShot
2018-04-12 21:02:09-main--INFO -com.ctaf.accelerators.TestEngine: Able to get TscreenShot
2018-04-12 21:02:23-main--INFO -com.ctaf.accelerators.TestEngine:Current Test : TC_33_anonymousRevalidateTheTicketWithSameFare
2018-04-12 21:06:09-main--INFO -com.ctaf.accelerators.TestEngine:Current Test : TC_34_BaggageValidation
2018-04-12 21:07:36-main--INFO -com.ctaf.accelerators.TestEngine: Able to get TscreenShot
2018-04-12 21:07:50-main--INFO -com.ctaf.accelerators.TestEngine:Current Test : TC_35_AnonymousOneWayDomesticEconomy_MMB_ModifyExtrasSeat
2018-04-12 21:14:19-main--INFO -com.ctaf.accelerators.TestEngine:Current Test : TC_35_b_AnonymousOwIntlEconomy_MMB_ModifyExtrasSeat
2018-04-12 21:17:12-main--INFO -com.ctaf.accelerators.TestEngine: Able to get TscreenShot
2018-04-12 21:17:25-main--INFO -com.ctaf.accelerators.TestEngine:Current Test : TC_36_EmpLoginOnewayOneAdultStaffStandByModifyEXtras
2018-04-12 21:20:40-main--INFO -com.ctaf.accelerators.TestEngine: Able to get TscreenShot
2018-04-12 21:20:56-main--INFO -com.ctaf.accelerators.TestEngine:Current Test : TC_37_EmpLoginStaffConfirmedModifyExtras
2018-04-12 21:25:29-main--INFO -com.ctaf.accelerators.TestEngine: Able to get TscreenShot
2018-04-12 21:25:43-main--INFO -com.ctaf.accelerators.TestEngine:Current Test : TC_38_corporateLoginRoundTripModifyExtras
2018-04-12 21:27:21-main--INFO -com.ctaf.accelerators.TestEngine: Able to get TscreenShot
2018-04-12 21:27:22-main--INFO -com.ctaf.accelerators.TestEngine: Able to get TscreenShot
2018-04-12 21:28:03-main--INFO -com.ctaf.accelerators.TestEngine:Current Test : TC_39_agencyLoginRondTripModifyExtras
2018-04-12 21:29:48-main--INFO -com.ctaf.accelerators.TestEngine: Able to get TscreenShot
2018-04-12 21:29:48-main--INFO -com.ctaf.accelerators.TestEngine: Able to get TscreenShot
2018-04-12 21:30:29-main--INFO -com.ctaf.accelerators.TestEngine:Current Test : TC_45_oneWayDomCancelverifyMMB
2018-04-12 21:34:30-main--INFO -com.ctaf.accelerators.TestEngine: Able to get TscreenShot
2018-04-12 21:35:10-main--INFO -com.ctaf.accelerators.TestEngine:Current Test : TC_46_RTDomfullCancelVerifyMMB
2018-04-12 21:39:27-main--INFO -com.ctaf.accelerators.TestEngine: Able to get TscreenShot
2018-04-12 21:39:41-main--INFO -com.ctaf.accelerators.TestEngine:Current Test : TC_47_RTDomCancelDepartingleg
2018-04-12 21:43:24-main--INFO -com.ctaf.accelerators.TestEngine: Able to get TscreenShot
2018-04-12 21:43:38-main--INFO -com.ctaf.accelerators.TestEngine:Current Test : TC_48_RTDomCancelReturningleg
2018-04-12 21:47:42-main--INFO -com.ctaf.accelerators.TestEngine: Able to get TscreenShot
2018-04-12 21:47:58-main--INFO -com.ctaf.accelerators.TestEngine:Current Test : TC_49_RTIntlCancelDepartingleg
2018-04-12 21:51:56-main--INFO -com.ctaf.accelerators.TestEngine: Able to get TscreenShot
2018-04-12 21:52:10-main--INFO -com.ctaf.accelerators.TestEngine:Current Test : TC_50_RTIntlCancelReturningleg
2018-04-12 21:56:06-main--INFO -com.ctaf.accelerators.TestEngine: Able to get TscreenShot
2018-04-12 21:56:21-main--INFO -com.ctaf.accelerators.TestEngine:Current Test : TC_51_RTIntlfullCancelVerifyMMB
2018-04-12 22:00:20-main--INFO -com.ctaf.accelerators.TestEngine: Able to get TscreenShot
2018-04-12 22:00:34-main--INFO -com.ctaf.accelerators.TestEngine:Current Test : TC_52_oneWayDomMMBChangeDateCancel
2018-04-12 22:01:42-main--INFO -com.ctaf.accelerators.TestEngine: Able to get TscreenShot
2018-04-12 22:02:21-main--INFO -com.ctaf.accelerators.TestEngine:Current Test : TC_53_oneWayDomMMBChangeDateCheckIn
2018-04-12 22:03:28-main--INFO -com.ctaf.accelerators.TestEngine: Able to get TscreenShot
2018-04-12 22:04:08-main--INFO -com.ctaf.accelerators.TestEngine:Current Test : TC_54_RtDOMBookingCheckinNaSmiles
2018-04-12 22:04:47-main--INFO -com.ctaf.accelerators.TestEngine: Unable to get TscreenShot
2018-04-12 22:05:27-main--INFO -com.ctaf.accelerators.TestEngine:Current Test : TC_56_RTDomBothLegMMBChangedateSeatsExtrasBaggageLounge
2018-04-12 22:08:56-main--INFO -com.ctaf.accelerators.TestEngine: Able to get TscreenShot
2018-04-12 22:09:09-main--INFO -com.ctaf.accelerators.TestEngine:Current Test : TC_57_RTDomDepartingLegMMBChangedateSeatsExtrasBaggageLounge
2018-04-12 22:12:30-main--INFO -com.ctaf.accelerators.TestEngine: Able to get TscreenShot
2018-04-12 22:12:45-main--INFO -com.ctaf.accelerators.TestEngine:Current Test : TC_58_RTDomReturningLegMMBChangedateSeatsExtrasBaggageLounge
2018-04-12 22:15:44-main--INFO -com.ctaf.accelerators.TestEngine: Able to get TscreenShot
2018-04-12 22:15:58-main--INFO -com.ctaf.accelerators.TestEngine:Current Test : TC_59_RTIntlReturningLegMMBChangedateSeatsExtrasBaggageLounge
2018-04-12 22:19:09-main--INFO -com.ctaf.accelerators.TestEngine: Able to get TscreenShot
2018-04-12 22:19:23-main--INFO -com.ctaf.accelerators.TestEngine:Current Test : TC_60_RTIntlBothLegMMBChangedateSeatsExtrasBaggageLounge
2018-04-12 22:22:44-main--INFO -com.ctaf.accelerators.TestEngine: Able to get TscreenShot
2018-04-12 22:22:58-main--INFO -com.ctaf.accelerators.TestEngine:Current Test : TC_61A_VerifyAllowableFriendsBooking2A3C1I
2018-04-12 22:23:54-main--INFO -com.ctaf.accelerators.TestEngine:Current Test : TC_62_VerifyAlertOnExceedingfriendsbookinglimit3A3C
2018-04-12 22:24:50-main--INFO -com.ctaf.accelerators.TestEngine:Current Test : TC_63_VerifyAlertOnExceedingfriendsbookinglimit6Adults
2018-04-12 22:24:54-main--INFO -com.ctaf.accelerators.TestEngine: Able to get TscreenShot
2018-04-12 22:25:09-main--INFO -com.ctaf.accelerators.TestEngine:Current Test : TC_64A_TravelPartnerBooking
2018-04-12 22:26:56-main--INFO -com.ctaf.accelerators.TestEngine: Able to get TscreenShot
2018-04-12 22:27:10-main--INFO -com.ctaf.accelerators.TestEngine:Current Test : TC_65A_DomStandByFriendsBookingFeeVerification
2018-04-12 22:28:54-main--INFO -com.ctaf.accelerators.TestEngine: Able to get TscreenShot
2018-04-12 22:29:10-main--INFO -com.ctaf.accelerators.TestEngine:Current Test : TC_65C_IntlStandByFriendsBookingChargeVerification
2018-04-12 22:30:55-main--INFO -com.ctaf.accelerators.TestEngine: Able to get TscreenShot
2018-04-12 22:31:09-main--INFO -com.ctaf.accelerators.TestEngine:Current Test : TC_65D_IntlStaffCnfmdFriendsBookingChargeVerification
2018-04-12 22:32:53-main--INFO -com.ctaf.accelerators.TestEngine: Able to get TscreenShot
2018-04-12 22:33:34-main--INFO -com.ctaf.accelerators.TestEngine:Current Test : TC_66A_PricelockDomFeeVerificationBooking
2018-04-12 22:35:45-main--INFO -com.ctaf.accelerators.TestEngine: Able to get TscreenShot
2018-04-12 22:35:45-main--INFO -com.ctaf.accelerators.TestEngine: Able to get TscreenShot
2018-04-12 22:36:24-main--INFO -com.ctaf.accelerators.TestEngine:Current Test : TC_67A_PricelockDomFeeVerificationBooking
2018-04-12 22:38:31-main--INFO -com.ctaf.accelerators.TestEngine: Able to get TscreenShot
2018-04-12 22:38:31-main--INFO -com.ctaf.accelerators.TestEngine: Able to get TscreenShot
