2018-07-09 13:41:28-main--INFO -com.ctaf.accelerators.TestEngine:Starting browser : chrome
2018-07-09 13:41:42-main--INFO -com.ctaf.accelerators.TestEngine:Current Test : TC01_a_memberRegistration
2018-07-09 13:42:00-main--INFO -com.ctaf.accelerators.TestEngine: Able to get TscreenShot
2018-07-09 13:42:15-main--INFO -com.ctaf.accelerators.TestEngine:Current Test : TC_01_d_verifyRegistrationFailureWithExistingMailID
2018-07-09 13:42:30-main--INFO -com.ctaf.accelerators.TestEngine: Able to get TscreenShot
2018-07-09 13:42:47-main--INFO -com.ctaf.accelerators.TestEngine:Current Test : TC_01_e_VerifyAccLockOn10IncorrectPswdEntries
2018-07-09 13:45:03-main--INFO -com.ctaf.accelerators.TestEngine:Current Test : TC_01_f_VerifyAlertChildRegistrationNBooking
2018-07-09 13:45:38-main--INFO -com.ctaf.accelerators.TestEngine: Able to get TscreenShot
2018-07-09 13:45:59-main--INFO -com.ctaf.accelerators.TestEngine:Current Test : TC_02_a_oneWayDomSimple1AdultCC
2018-07-09 13:51:31-main--INFO -com.ctaf.accelerators.TestEngine:Current Test : TC_02_b_oneWayDomBusiness1AdultCC
2018-07-09 13:51:41-main--INFO -com.ctaf.accelerators.TestEngine: Able to get TscreenShot
2018-07-09 13:51:54-main--INFO -com.ctaf.accelerators.TestEngine:Current Test : TC_02_c_RTDomSimple1AdultCC
2018-07-09 13:52:04-main--INFO -com.ctaf.accelerators.TestEngine: Able to get TscreenShot
2018-07-09 13:52:17-main--INFO -com.ctaf.accelerators.TestEngine:Current Test : TC_02d_RTDomBusiness1AdultCC
2018-07-09 13:52:27-main--INFO -com.ctaf.accelerators.TestEngine: Able to get TscreenShot
2018-07-09 13:52:41-main--INFO -com.ctaf.accelerators.TestEngine:Current Test : TC_02_f_RTDomExtra1Adult1ChildCC
2018-07-09 13:52:51-main--INFO -com.ctaf.accelerators.TestEngine: Able to get TscreenShot
2018-07-09 13:53:04-main--INFO -com.ctaf.accelerators.TestEngine:Current Test : TC_02_g_oneWayDomesticSimpleSADAD
2018-07-09 13:53:14-main--INFO -com.ctaf.accelerators.TestEngine: Able to get TscreenShot
2018-07-09 13:53:28-main--INFO -com.ctaf.accelerators.TestEngine:Current Test : TC03a_oneWayDomesticChangeDate
2018-07-09 13:58:08-main--INFO -com.ctaf.accelerators.TestEngine: Able to get TscreenShot
2018-07-09 13:58:20-main--INFO -com.ctaf.accelerators.TestEngine:Current Test : TC03b_oneWayIntlChangeDate
2018-07-09 13:58:31-main--INFO -com.ctaf.accelerators.TestEngine: Able to get TscreenShot
2018-07-09 13:58:44-main--INFO -com.ctaf.accelerators.TestEngine:Current Test : TC04a_oneWaySimpleDomOneAdultCheckin
2018-07-09 13:58:54-main--INFO -com.ctaf.accelerators.TestEngine: Able to get TscreenShot
2018-07-09 13:59:08-main--INFO -com.ctaf.accelerators.TestEngine:Current Test : TC04b_RtIntlOneAdultCheckinFail
2018-07-09 14:01:56-main--INFO -com.ctaf.accelerators.TestEngine: Able to get TscreenShot
2018-07-09 14:02:08-main--INFO -com.ctaf.accelerators.TestEngine:Current Test : TC04c_oneWaySimpleIntlMutiPaxCheckinFail
2018-07-09 14:02:19-main--INFO -com.ctaf.accelerators.TestEngine: Able to get TscreenShot
2018-07-09 14:02:31-main--INFO -com.ctaf.accelerators.TestEngine:Current Test : TC04d_oneWayExtraIntlMutiPaxCheckinFail
2018-07-09 14:02:42-main--INFO -com.ctaf.accelerators.TestEngine: Able to get TscreenShot
2018-07-09 14:02:56-main--INFO -com.ctaf.accelerators.TestEngine:Current Test : TC04e_oneWayBusinessIntlMutiPaxCheckinFail
2018-07-09 14:03:06-main--INFO -com.ctaf.accelerators.TestEngine: Able to get TscreenShot
2018-07-09 14:03:19-main--INFO -com.ctaf.accelerators.TestEngine:Current Test : TC_06_oneWay2InternationalEco
2018-07-09 14:03:29-main--INFO -com.ctaf.accelerators.TestEngine: Able to get TscreenShot
2018-07-09 14:03:42-main--INFO -com.ctaf.accelerators.TestEngine:Current Test : TC_07_RTDom4adultBusinessCC
2018-07-09 14:10:21-main--INFO -com.ctaf.accelerators.TestEngine:Current Test : TC_08_RTInt1adult1Child1infantBus
2018-07-09 14:13:39-main--INFO -com.ctaf.accelerators.TestEngine: Able to get TscreenShot
2018-07-09 14:13:54-main--INFO -com.ctaf.accelerators.TestEngine:Current Test : TC_10_OwIntlMultiPaxEconomyCordshareBookingMMB
2018-07-09 14:14:05-main--INFO -com.ctaf.accelerators.TestEngine: Able to get TscreenShot
2018-07-09 14:14:20-main--INFO -com.ctaf.accelerators.TestEngine:Current Test : TC_11_RTIntlMultiPaxEconomyPartCodeShare
2018-07-09 14:15:47-main--INFO -com.ctaf.accelerators.TestEngine:Current Test : TC_12_PayWithCreditShell
2018-07-09 14:22:01-main--INFO -com.ctaf.accelerators.TestEngine: Able to get TscreenShot
2018-07-09 14:22:14-main--INFO -com.ctaf.accelerators.TestEngine:Current Test : TC_13_onewayDomesticwithUSdollars
2018-07-09 14:22:54-main--INFO -com.ctaf.accelerators.TestEngine: Able to get TscreenShot
2018-07-09 14:23:07-main--INFO -com.ctaf.accelerators.TestEngine:Current Test : TC_14_oneWayDomesticwithEuro
2018-07-09 14:27:40-main--INFO -com.ctaf.accelerators.TestEngine:Current Test : TC_15_EmpLoginOnewayOneAdultStaffStandByChangFlightCancel
2018-07-09 14:34:23-main--INFO -com.ctaf.accelerators.TestEngine: Able to get TscreenShot
2018-07-09 14:34:36-main--INFO -com.ctaf.accelerators.TestEngine:Current Test : TC_16_EmpLoginStaffConfmedChangeDateCheckIn
2018-07-09 14:34:47-main--INFO -com.ctaf.accelerators.TestEngine: Able to get TscreenShot
2018-07-09 14:35:00-main--INFO -com.ctaf.accelerators.TestEngine:Current Test : TC_17_RTChangeflightCheckIN
2018-07-09 14:41:15-main--INFO -com.ctaf.accelerators.TestEngine: Able to get TscreenShot
2018-07-09 14:41:29-main--INFO -com.ctaf.accelerators.TestEngine:Current Test : TC_18_corporateLoginRToneAdultCancelFlight
2018-07-09 14:42:16-main--INFO -com.ctaf.accelerators.TestEngine: Unable to get TscreenShot
2018-07-09 14:42:29-main--INFO -com.ctaf.accelerators.TestEngine:Current Test : TC_19_agencyLoginRToneAdultoneChild
2018-07-09 14:42:40-main--INFO -com.ctaf.accelerators.TestEngine: Able to get TscreenShot
2018-07-09 14:42:55-main--INFO -com.ctaf.accelerators.TestEngine:Current Test : TC_23_oneWayDomesticOneAdultCheckInAR
2018-07-09 14:43:05-main--INFO -com.ctaf.accelerators.TestEngine: Able to get TscreenShot
2018-07-09 14:43:19-main--INFO -com.ctaf.accelerators.TestEngine:Current Test : TC_24_anonymousRtDomestic4AdultBusinessAR
2018-07-09 14:43:29-main--INFO -com.ctaf.accelerators.TestEngine: Able to get TscreenShot
2018-07-09 14:43:42-main--INFO -com.ctaf.accelerators.TestEngine:Current Test : TC_25_anonymousOneWayDomesticOneAdultCheckInTR
2018-07-09 14:43:53-main--INFO -com.ctaf.accelerators.TestEngine: Able to get TscreenShot
2018-07-09 14:44:05-main--INFO -com.ctaf.accelerators.TestEngine:Current Test : TC_26_anonymousRtDomestic4AdultBusinessTR
2018-07-09 14:44:16-main--INFO -com.ctaf.accelerators.TestEngine: Able to get TscreenShot
2018-07-09 14:44:31-main--INFO -com.ctaf.accelerators.TestEngine:Current Test : TC_27a_redemptionBookingwithBronzeMember
2018-07-09 14:45:31-main--INFO -com.ctaf.accelerators.TestEngine:Current Test : TC27b_BookingwithinsufficientBronzepoints
2018-07-09 14:45:42-main--INFO -com.ctaf.accelerators.TestEngine: Able to get TscreenShot
2018-07-09 14:45:55-main--INFO -com.ctaf.accelerators.TestEngine:Current Test : TC_28_redemptionBookingwithSilverMember
2018-07-09 14:46:05-main--INFO -com.ctaf.accelerators.TestEngine: Able to get TscreenShot
2018-07-09 14:46:18-main--INFO -com.ctaf.accelerators.TestEngine:Current Test : TC_29_redemptionBookingwithGoldMember
2018-07-09 14:46:34-main--INFO -com.ctaf.accelerators.TestEngine:Current Test : TC_30_redemptionBookingwithPlatinumMember
2018-07-09 14:46:44-main--INFO -com.ctaf.accelerators.TestEngine: Able to get TscreenShot
2018-07-09 14:46:58-main--INFO -com.ctaf.accelerators.TestEngine:Current Test : TC_31_anonymousVerifingBoardingPassVlues
2018-07-09 14:47:50-main--INFO -com.ctaf.accelerators.TestEngine: Able to get TscreenShot
2018-07-09 14:48:03-main--INFO -com.ctaf.accelerators.TestEngine:Current Test : TC_32_anonymousReissueTheTicketWithHigherFare
2018-07-09 14:49:08-main--INFO -com.ctaf.accelerators.TestEngine:Current Test : TC_33_anonymousRevalidateTheTicketWithSameFare
2018-07-09 14:50:16-main--INFO -com.ctaf.accelerators.TestEngine:Current Test : TC_34_BaggageValidation
2018-07-09 14:52:43-main--INFO -com.ctaf.accelerators.TestEngine:Current Test : TC_35_AnonymousOneWayDomesticEconomy_MMB_ModifyExtrasSeat
2018-07-09 15:00:39-main--INFO -com.ctaf.accelerators.TestEngine: Able to get TscreenShot
2018-07-09 15:00:52-main--INFO -com.ctaf.accelerators.TestEngine:Current Test : TC_35_b_AnonymousOwIntlEconomy_MMB_ModifyExtrasSeat
2018-07-09 15:01:44-main--INFO -com.ctaf.accelerators.TestEngine: Able to get TscreenShot
2018-07-09 15:01:57-main--INFO -com.ctaf.accelerators.TestEngine:Current Test : TC_36_EmpLoginOnewayOneAdultStaffStandByModifyEXtras
2018-07-09 15:02:07-main--INFO -com.ctaf.accelerators.TestEngine: Able to get TscreenShot
2018-07-09 15:02:20-main--INFO -com.ctaf.accelerators.TestEngine:Current Test : TC_37_EmpLoginStaffConfirmedModifyExtras
2018-07-09 15:02:30-main--INFO -com.ctaf.accelerators.TestEngine: Able to get TscreenShot
2018-07-09 15:02:44-main--INFO -com.ctaf.accelerators.TestEngine:Current Test : TC_38_corporateLoginRoundTripModifyExtras
2018-07-09 15:02:55-main--INFO -com.ctaf.accelerators.TestEngine: Able to get TscreenShot
2018-07-09 15:03:07-main--INFO -com.ctaf.accelerators.TestEngine:Current Test : TC_39_agencyLoginRondTripModifyExtras
2018-07-09 15:03:17-main--INFO -com.ctaf.accelerators.TestEngine: Able to get TscreenShot
2018-07-09 15:03:31-main--INFO -com.ctaf.accelerators.TestEngine:Current Test : TC_45_oneWayDomCancelverifyMMB
2018-07-09 15:03:41-main--INFO -com.ctaf.accelerators.TestEngine: Able to get TscreenShot
2018-07-09 15:03:55-main--INFO -com.ctaf.accelerators.TestEngine:Current Test : TC_46_RTDomfullCancelVerifyMMB
2018-07-09 15:04:05-main--INFO -com.ctaf.accelerators.TestEngine: Able to get TscreenShot
2018-07-09 15:04:17-main--INFO -com.ctaf.accelerators.TestEngine:Current Test : TC_47_RTDomCancelDepartingleg
2018-07-09 15:04:28-main--INFO -com.ctaf.accelerators.TestEngine: Able to get TscreenShot
2018-07-09 15:04:41-main--INFO -com.ctaf.accelerators.TestEngine:Current Test : TC_48_RTDomCancelReturningleg
2018-07-09 15:04:51-main--INFO -com.ctaf.accelerators.TestEngine: Able to get TscreenShot
2018-07-09 15:05:05-main--INFO -com.ctaf.accelerators.TestEngine:Current Test : TC_49_RTIntlCancelDepartingleg
2018-07-09 15:05:15-main--INFO -com.ctaf.accelerators.TestEngine: Able to get TscreenShot
2018-07-09 15:05:28-main--INFO -com.ctaf.accelerators.TestEngine:Current Test : TC_50_RTIntlCancelReturningleg
2018-07-09 15:05:38-main--INFO -com.ctaf.accelerators.TestEngine: Able to get TscreenShot
2018-07-09 15:05:51-main--INFO -com.ctaf.accelerators.TestEngine:Current Test : TC_51_RTIntlfullCancelVerifyMMB
2018-07-09 15:06:01-main--INFO -com.ctaf.accelerators.TestEngine: Able to get TscreenShot
2018-07-09 15:06:16-main--INFO -com.ctaf.accelerators.TestEngine:Current Test : TC_52_oneWayDomMMBChangeDateCancel
2018-07-09 15:06:26-main--INFO -com.ctaf.accelerators.TestEngine: Able to get TscreenShot
2018-07-09 15:06:39-main--INFO -com.ctaf.accelerators.TestEngine:Current Test : TC_53_oneWayDomMMBChangeDateCheckIn
2018-07-09 15:13:56-main--INFO -com.ctaf.accelerators.TestEngine: Able to get TscreenShot
2018-07-09 15:14:10-main--INFO -com.ctaf.accelerators.TestEngine:Current Test : TC_54_RtDOMBookingCheckinNaSmiles
