2018-07-08 19:40:05-main--INFO -com.ctaf.accelerators.TestEngine:Starting browser : chrome
2018-07-08 19:42:14-main--INFO -com.ctaf.accelerators.TestEngine:Starting browser : chrome
2018-07-08 19:42:22-main--INFO -com.ctaf.accelerators.TestEngine:Starting browser : chrome
2018-07-08 19:42:33-TestNG--INFO -com.ctaf.accelerators.TestEngine:Current Test : TC_01_oneWayDomesticEconomy_RUH_JED
2018-07-08 19:42:44-TestNG--INFO -com.ctaf.accelerators.TestEngine: Able to get TscreenShot
2018-07-08 19:42:56-TestNG--INFO -com.ctaf.accelerators.TestEngine:Current Test : TC_02_oneWayDomesticEconomy_RUH_DMM
2018-07-08 19:43:06-TestNG--INFO -com.ctaf.accelerators.TestEngine: Able to get TscreenShot
2018-07-08 19:43:18-TestNG--INFO -com.ctaf.accelerators.TestEngine:Current Test : TC_03_oneWayDomesticEconomy_RUH_GIZ
2018-07-08 19:43:28-TestNG--INFO -com.ctaf.accelerators.TestEngine: Able to get TscreenShot
2018-07-08 19:43:40-TestNG--INFO -com.ctaf.accelerators.TestEngine:Current Test : TC_04_oneWayDomesticEconomy_RUH_MED
2018-07-08 19:43:50-TestNG--INFO -com.ctaf.accelerators.TestEngine: Able to get TscreenShot
2018-07-08 19:44:02-TestNG--INFO -com.ctaf.accelerators.TestEngine:Current Test : TC_05_oneWayDomesticEconomy_RUH_TIF
2018-07-08 19:48:19-TestNG--INFO -com.ctaf.accelerators.TestEngine:Current Test : TC_06_oneWayDomesticEconomy_RUH_HAS
2018-07-08 19:52:26-TestNG--INFO -com.ctaf.accelerators.TestEngine:Current Test : TC_07_oneWayDomesticEconomy_RUH_TUU
2018-07-08 19:56:31-TestNG--INFO -com.ctaf.accelerators.TestEngine:Current Test : TC_08_oneWayDomesticEconomy_RUH_URY
2018-07-08 19:56:41-TestNG--INFO -com.ctaf.accelerators.TestEngine: Able to get TscreenShot
2018-07-08 19:56:54-TestNG--INFO -com.ctaf.accelerators.TestEngine:Current Test : TC_09_oneWayDomesticEconomy_RUH_AJF
2018-07-08 20:02:50-TestNG--INFO -com.ctaf.accelerators.TestEngine: Able to get TscreenShot
2018-07-08 20:03:02-TestNG--INFO -com.ctaf.accelerators.TestEngine:Current Test : TC_10_oneWayDomesticEconomy_RUH_ABT
2018-07-08 20:08:58-TestNG--INFO -com.ctaf.accelerators.TestEngine: Able to get TscreenShot
2018-07-08 20:09:11-TestNG--INFO -com.ctaf.accelerators.TestEngine:Current Test : TC_11_roundTripDomesticEconomy_JED_DMM
2018-07-08 20:13:32-TestNG--INFO -com.ctaf.accelerators.TestEngine:Current Test : TC_12_roundTripDomesticEconomy_JED_GIZ
2018-07-08 20:17:53-TestNG--INFO -com.ctaf.accelerators.TestEngine:Current Test : TC_13_roundTripDomesticEconomy_JED_MED
2018-07-08 20:22:16-TestNG--INFO -com.ctaf.accelerators.TestEngine:Current Test : TC_14_roundTripDomesticEconomy_JED_AHB
2018-07-08 20:26:36-TestNG--INFO -com.ctaf.accelerators.TestEngine:Current Test : TC_15_roundTripDomesticEconomy_JED_TUU
2018-07-08 20:30:58-TestNG--INFO -com.ctaf.accelerators.TestEngine:Current Test : TC_16_roundTripDomesticEconomy_JED_ELQ
2018-07-08 20:31:08-TestNG--INFO -com.ctaf.accelerators.TestEngine: Able to get TscreenShot
2018-07-08 20:31:22-TestNG--INFO -com.ctaf.accelerators.TestEngine:Current Test : TC_17_roundTripDomesticEconomy_DMM_TIF
2018-07-08 20:31:33-TestNG--INFO -com.ctaf.accelerators.TestEngine: Able to get TscreenShot
2018-07-08 20:31:45-TestNG--INFO -com.ctaf.accelerators.TestEngine:Current Test : TC_18_roundTripDomesticEconomy_DMM_AHB
2018-07-08 20:36:04-TestNG--INFO -com.ctaf.accelerators.TestEngine:Current Test : TC_19_roundTripDomesticEconomy_DMM_YNB
2018-07-08 20:36:14-TestNG--INFO -com.ctaf.accelerators.TestEngine: Able to get TscreenShot
2018-07-08 20:36:26-TestNG--INFO -com.ctaf.accelerators.TestEngine:Current Test : TC_20_roundTripDomesticEconomy_DMM_MED
2018-07-08 20:36:36-TestNG--INFO -com.ctaf.accelerators.TestEngine: Able to get TscreenShot
2018-07-08 20:36:50-TestNG--INFO -com.ctaf.accelerators.TestEngine:Current Test : TC_21_roundTripDomesticEconomy_DMM_GIZ
2018-07-08 20:41:09-TestNG--INFO -com.ctaf.accelerators.TestEngine:Current Test : TC_22_roundTripDomesticEconomy_DMM_ELQ
2018-07-08 20:45:30-TestNG--INFO -com.ctaf.accelerators.TestEngine:Current Test : TC_23_roundTripDomesticEconomy_DMM_HAS
2018-07-08 20:45:40-TestNG--INFO -com.ctaf.accelerators.TestEngine: Able to get TscreenShot
2018-07-08 20:45:55-TestNG--INFO -com.ctaf.accelerators.TestEngine:Current Test : TC_24_roundTripDomesticEconomy_DMM_TUU
2018-07-08 20:50:13-TestNG--INFO -com.ctaf.accelerators.TestEngine:Current Test : TC_25_roundTripDomesticEconomy_DMM_ABT
2018-07-08 20:50:23-TestNG--INFO -com.ctaf.accelerators.TestEngine: Able to get TscreenShot
2018-07-08 20:50:36-TestNG--INFO -com.ctaf.accelerators.TestEngine:Current Test : TC_26_oneWayDomesticEconomy_AHB_ABT
2018-07-08 20:55:27-TestNG--INFO -com.ctaf.accelerators.TestEngine:Current Test : TC_27_oneWayDomesticEconomy_AHB_BHH
2018-07-08 20:55:37-TestNG--INFO -com.ctaf.accelerators.TestEngine: Able to get TscreenShot
2018-07-08 20:55:50-TestNG--INFO -com.ctaf.accelerators.TestEngine:Current Test : TC_28_oneWayDomesticEconomy_AHB_WAE
2018-07-08 21:00:01-TestNG--INFO -com.ctaf.accelerators.TestEngine: Able to get TscreenShot
2018-07-08 21:00:01-TestNG--INFO -com.ctaf.accelerators.TestEngine: Able to get TscreenShot
2018-07-08 21:00:13-TestNG--INFO -com.ctaf.accelerators.TestEngine:Current Test : TC_29_oneWayDomesticEconomy_AHB_GIZ
2018-07-08 21:00:23-TestNG--INFO -com.ctaf.accelerators.TestEngine: Able to get TscreenShot
2018-07-08 21:00:37-TestNG--INFO -com.ctaf.accelerators.TestEngine:Current Test : TC_30_oneWayDomesticEconomy_AHB_SHW
2018-07-08 21:00:47-TestNG--INFO -com.ctaf.accelerators.TestEngine: Able to get TscreenShot
2018-07-08 21:00:59-TestNG--INFO -com.ctaf.accelerators.TestEngine:Current Test : TC_31_oneWayDomesticEconomy_JED_DXB
2018-07-08 21:01:09-TestNG--INFO -com.ctaf.accelerators.TestEngine: Able to get TscreenShot
2018-07-08 21:01:21-TestNG--INFO -com.ctaf.accelerators.TestEngine:Current Test : TC_32_oneWayInternationalEconomy_RUH_DXB
2018-07-08 21:05:30-TestNG--INFO -com.ctaf.accelerators.TestEngine:Current Test : TC_33_oneWayInternationalEconomy_RUH_AUH
2018-07-08 21:06:42-TestNG--INFO -com.ctaf.accelerators.TestEngine: Able to get TscreenShot
2018-07-08 21:06:55-TestNG--INFO -com.ctaf.accelerators.TestEngine:Current Test : TC_34_oneWayInternationalEconomy_JED_AUH
2018-07-08 21:08:05-TestNG--INFO -com.ctaf.accelerators.TestEngine: Able to get TscreenShot
2018-07-08 21:08:19-TestNG--INFO -com.ctaf.accelerators.TestEngine:Current Test : TC_35_oneWayInternationalEconomy_JED_KWI
2018-07-08 21:12:23-TestNG--INFO -com.ctaf.accelerators.TestEngine:Current Test : TC_36_oneWayInternationalEconomy_RUH_KWI
2018-07-08 21:16:31-TestNG--INFO -com.ctaf.accelerators.TestEngine:Current Test : TC_37_oneWayInternationalEconomy_MED_KWI
2018-07-08 21:21:02-TestNG--INFO -com.ctaf.accelerators.TestEngine:Current Test : TC_38_oneWayInternationalEconomy_TIF_KWI
2018-07-08 21:25:34-TestNG--INFO -com.ctaf.accelerators.TestEngine:Current Test : TC_39_oneWayInternationalEconomy_JED_ASW
2018-07-08 21:25:44-TestNG--INFO -com.ctaf.accelerators.TestEngine: Able to get TscreenShot
2018-07-08 21:25:59-TestNG--INFO -com.ctaf.accelerators.TestEngine:Current Test : TC_40_oneWayInternationalEconomy_JED_HBE
2018-07-08 21:30:02-TestNG--INFO -com.ctaf.accelerators.TestEngine:Current Test : TC_41_oneWayInternationalEconomy_JED_HMB
2018-07-08 21:30:13-TestNG--INFO -com.ctaf.accelerators.TestEngine: Able to get TscreenShot
2018-07-08 21:30:26-TestNG--INFO -com.ctaf.accelerators.TestEngine:Current Test : TC_42_oneWayInternationalEconomy_RUH_HMB
2018-07-08 21:30:37-TestNG--INFO -com.ctaf.accelerators.TestEngine: Able to get TscreenShot
2018-07-08 21:30:50-TestNG--INFO -com.ctaf.accelerators.TestEngine:Current Test : TC_43_oneWayInternationalEconomy_JED_LXR
2018-07-08 21:35:20-TestNG--INFO -com.ctaf.accelerators.TestEngine:Current Test : TC_44_roundTripInternationalEconomy_JED_SSH
2018-07-08 21:35:31-TestNG--INFO -com.ctaf.accelerators.TestEngine: Able to get TscreenShot
2018-07-08 21:35:42-TestNG--INFO -com.ctaf.accelerators.TestEngine:Current Test : TC_45_roundTripInternationalEconomy_JED_CAI
2018-07-08 21:35:53-TestNG--INFO -com.ctaf.accelerators.TestEngine: Able to get TscreenShot
2018-07-08 21:36:05-TestNG--INFO -com.ctaf.accelerators.TestEngine:Current Test : TC_46_roundTripInternationalEconomy_RUH_CAI
2018-07-08 21:37:20-TestNG--INFO -com.ctaf.accelerators.TestEngine: Able to get TscreenShot
2018-07-08 21:37:34-TestNG--INFO -com.ctaf.accelerators.TestEngine:Current Test : TC_47_roundTripInternationalEconomy_RUH_ATZ
2018-07-08 21:41:51-TestNG--INFO -com.ctaf.accelerators.TestEngine:Current Test : TC_48_roundTripInternationalEconomy_JED_ATZ
2018-07-08 21:46:09-TestNG--INFO -com.ctaf.accelerators.TestEngine:Current Test : TC_49_roundTripInternationalEconomy_JED_AMM
2018-07-08 21:50:28-TestNG--INFO -com.ctaf.accelerators.TestEngine:Current Test : TC_50_roundTripInternationalEconomy_RUH_AMM
2018-07-08 21:54:46-TestNG--INFO -com.ctaf.accelerators.TestEngine:Current Test : TC_62_roundTripDomesticEconomyAddExtra_RUH_AHB
2018-07-08 21:59:04-TestNG--INFO -com.ctaf.accelerators.TestEngine: Able to get TscreenShot
