2018-04-19 18:16:13-main--INFO -com.ctaf.accelerators.TestEngine:Starting browser : chrome
2018-04-19 18:16:29-main--INFO -com.ctaf.accelerators.TestEngine:Current Test : TC_01_d_verifyRegistrationFailureWithExistingMailID
2018-04-19 18:17:23-main--INFO -com.ctaf.accelerators.TestEngine:Current Test : TC_01_e_VerifyAccLockOn10IncorrectPswdEntries
2018-04-19 18:18:24-main--INFO -com.ctaf.accelerators.TestEngine: Able to get TscreenShot
2018-04-19 18:18:37-main--INFO -com.ctaf.accelerators.TestEngine:Current Test : TC_01_f_VerifyAlertChildRegistrationNBooking
2018-04-19 18:20:40-main--INFO -com.ctaf.accelerators.TestEngine:Current Test : TC_02_a_oneWayDomSimple1AdultCC
2018-04-19 18:25:40-main--INFO -com.ctaf.accelerators.TestEngine:Current Test : TC_02_b_oneWayDomBusiness1AdultCC
2018-04-19 18:30:07-main--INFO -com.ctaf.accelerators.TestEngine:Current Test : TC_02_c_RTDomSimple1AdultCC
2018-04-19 18:35:08-main--INFO -com.ctaf.accelerators.TestEngine:Current Test : TC_02d_RTDomBusiness1AdultCC
2018-04-19 18:39:32-main--INFO -com.ctaf.accelerators.TestEngine:Current Test : TC_02_f_RTDomExtra1Adult1ChildCC
2018-04-19 18:42:36-main--INFO -com.ctaf.accelerators.TestEngine: Able to get TscreenShot
2018-04-19 18:42:52-main--INFO -com.ctaf.accelerators.TestEngine:Current Test : TC_02_g_oneWayDomesticSimpleSADAD
2018-04-19 18:46:11-main--INFO -com.ctaf.accelerators.TestEngine:Current Test : TC03a_oneWayDomesticChangeDate
2018-04-19 18:53:57-main--INFO -com.ctaf.accelerators.TestEngine: Able to get TscreenShot
2018-04-19 18:54:12-main--INFO -com.ctaf.accelerators.TestEngine:Current Test : TC03b_oneWayIntlChangeDate
2018-04-19 19:02:22-main--INFO -com.ctaf.accelerators.TestEngine:Current Test : TC04a_oneWaySimpleDomOneAdultCheckin
2018-04-19 19:09:30-main--INFO -com.ctaf.accelerators.TestEngine:Current Test : TC04b_RtIntlOneAdultCheckinFail
2018-04-19 19:14:36-main--INFO -com.ctaf.accelerators.TestEngine:Current Test : TC04c_oneWaySimpleIntlMutiPaxCheckinFail
2018-04-19 19:19:54-main--INFO -com.ctaf.accelerators.TestEngine:Current Test : TC04d_oneWayExtraIntlMutiPaxCheckinFail
2018-04-19 19:25:07-main--INFO -com.ctaf.accelerators.TestEngine:Current Test : TC04e_oneWayBusinessIntlMutiPaxCheckinFail
2018-04-19 19:30:32-main--INFO -com.ctaf.accelerators.TestEngine:Current Test : TC_06_oneWay2InternationalEco
2018-04-19 19:35:15-main--INFO -com.ctaf.accelerators.TestEngine:Current Test : TC_07_RTDom4adultBusinessCC
2018-04-19 19:38:51-main--INFO -com.ctaf.accelerators.TestEngine: Able to get TscreenShot
2018-04-19 19:39:08-main--INFO -com.ctaf.accelerators.TestEngine:Current Test : TC_08_RTInt1adult1Child1infantBus
2018-04-19 19:43:39-main--INFO -com.ctaf.accelerators.TestEngine:Current Test : TC_10_OwIntlMultiPaxEconomyCordshareBookingMMB
2018-04-19 19:48:11-main--INFO -com.ctaf.accelerators.TestEngine:Current Test : TC_11_RTIntlMultiPaxEconomyPartCodeShare
2018-04-19 19:49:31-main--INFO -com.ctaf.accelerators.TestEngine:Current Test : TC_12_PayWithCreditShell
2018-04-19 19:58:36-main--INFO -com.ctaf.accelerators.TestEngine:Current Test : TC_13_onewayDomesticwithUSdollars
2018-04-19 20:01:02-main--INFO -com.ctaf.accelerators.TestEngine: Able to get TscreenShot
2018-04-19 20:01:17-main--INFO -com.ctaf.accelerators.TestEngine:Current Test : TC_14_oneWayDomesticwithEuro
2018-04-19 20:05:07-main--INFO -com.ctaf.accelerators.TestEngine: Able to get TscreenShot
2018-04-19 20:05:21-main--INFO -com.ctaf.accelerators.TestEngine:Current Test : TC_15_EmpLoginOnewayOneAdultStaffStandByChangFlightCancel
2018-04-19 20:09:26-main--INFO -com.ctaf.accelerators.TestEngine: Able to get TscreenShot
2018-04-19 20:09:40-main--INFO -com.ctaf.accelerators.TestEngine:Current Test : TC_16_EmpLoginStaffConfmedChangeDateCheckIn
2018-04-19 20:14:07-main--INFO -com.ctaf.accelerators.TestEngine: Able to get TscreenShot
2018-04-19 20:14:22-main--INFO -com.ctaf.accelerators.TestEngine:Current Test : TC_17_RTChangeflightCheckIN
2018-04-19 20:20:18-main--INFO -com.ctaf.accelerators.TestEngine: Able to get TscreenShot
2018-04-19 20:20:32-main--INFO -com.ctaf.accelerators.TestEngine:Current Test : TC_18_corporateLoginRToneAdultCancelFlight
2018-04-19 20:23:30-main--INFO -com.ctaf.accelerators.TestEngine: Able to get TscreenShot
2018-04-19 20:23:44-main--INFO -com.ctaf.accelerators.TestEngine:Current Test : TC_19_agencyLoginRToneAdultoneChild
2018-04-19 20:27:54-main--INFO -com.ctaf.accelerators.TestEngine:Current Test : TC_23_oneWayDomesticOneAdultCheckInAR
2018-04-19 20:30:19-main--INFO -com.ctaf.accelerators.TestEngine: Able to get TscreenShot
2018-04-19 20:30:34-main--INFO -com.ctaf.accelerators.TestEngine:Current Test : TC_24_anonymousRtDomestic4AdultBusinessAR
2018-04-19 20:34:52-main--INFO -com.ctaf.accelerators.TestEngine: Able to get TscreenShot
2018-04-19 20:35:09-main--INFO -com.ctaf.accelerators.TestEngine:Current Test : TC_25_anonymousOneWayDomesticOneAdultCheckInTR
2018-04-19 20:37:29-main--INFO -com.ctaf.accelerators.TestEngine: Able to get TscreenShot
2018-04-19 20:37:45-main--INFO -com.ctaf.accelerators.TestEngine:Current Test : TC_26_anonymousRtDomestic4AdultBusinessTR
2018-04-19 20:39:40-main--INFO -com.ctaf.accelerators.TestEngine: Able to get TscreenShot
2018-04-19 20:39:40-main--INFO -com.ctaf.accelerators.TestEngine: Able to get TscreenShot
2018-04-19 20:39:56-main--INFO -com.ctaf.accelerators.TestEngine:Current Test : TC_27a_redemptionBookingwithBronzeMember
2018-04-19 20:42:37-main--INFO -com.ctaf.accelerators.TestEngine: Able to get TscreenShot
2018-04-19 20:42:52-main--INFO -com.ctaf.accelerators.TestEngine:Current Test : TC27b_BookingwithinsufficientBronzepoints
2018-04-19 20:45:34-main--INFO -com.ctaf.accelerators.TestEngine: Able to get TscreenShot
2018-04-19 20:45:51-main--INFO -com.ctaf.accelerators.TestEngine:Current Test : TC_28_redemptionBookingwithSilverMember
2018-04-19 20:48:32-main--INFO -com.ctaf.accelerators.TestEngine: Able to get TscreenShot
2018-04-19 20:48:45-main--INFO -com.ctaf.accelerators.TestEngine:Current Test : TC_29_redemptionBookingwithGoldMember
2018-04-19 20:49:01-main--INFO -com.ctaf.accelerators.TestEngine:Current Test : TC_30_redemptionBookingwithPlatinumMember
2018-04-19 20:51:42-main--INFO -com.ctaf.accelerators.TestEngine: Able to get TscreenShot
2018-04-19 20:51:55-main--INFO -com.ctaf.accelerators.TestEngine:Current Test : TC_31_anonymousVerifingBoardingPassVlues
2018-04-19 20:54:18-main--INFO -com.ctaf.accelerators.TestEngine: Able to get TscreenShot
2018-04-19 20:54:32-main--INFO -com.ctaf.accelerators.TestEngine:Current Test : TC_32_anonymousReissueTheTicketWithHigherFare
2018-04-19 20:56:10-main--INFO -com.ctaf.accelerators.TestEngine: Able to get TscreenShot
2018-04-19 20:56:10-main--INFO -com.ctaf.accelerators.TestEngine: Able to get TscreenShot
2018-04-19 20:56:23-main--INFO -com.ctaf.accelerators.TestEngine:Current Test : TC_33_anonymousRevalidateTheTicketWithSameFare
2018-04-19 20:58:21-main--INFO -com.ctaf.accelerators.TestEngine:Current Test : TC_34_BaggageValidation
2018-04-19 21:00:39-main--INFO -com.ctaf.accelerators.TestEngine:Current Test : TC_35_AnonymousOneWayDomesticEconomy_MMB_ModifyExtrasSeat
2018-04-19 21:04:26-main--INFO -com.ctaf.accelerators.TestEngine: Able to get TscreenShot
2018-04-19 21:04:40-main--INFO -com.ctaf.accelerators.TestEngine:Current Test : TC_35_b_AnonymousOwIntlEconomy_MMB_ModifyExtrasSeat
2018-04-19 21:12:08-main--INFO -com.ctaf.accelerators.TestEngine: Able to get TscreenShot
2018-04-19 21:12:24-main--INFO -com.ctaf.accelerators.TestEngine:Current Test : TC_36_EmpLoginOnewayOneAdultStaffStandByModifyEXtras
2018-04-19 21:16:28-main--INFO -com.ctaf.accelerators.TestEngine: Able to get TscreenShot
2018-04-19 21:16:42-main--INFO -com.ctaf.accelerators.TestEngine:Current Test : TC_37_EmpLoginStaffConfirmedModifyExtras
2018-04-19 21:21:24-main--INFO -com.ctaf.accelerators.TestEngine: Able to get TscreenShot
2018-04-19 21:21:40-main--INFO -com.ctaf.accelerators.TestEngine:Current Test : TC_38_corporateLoginRoundTripModifyExtras
2018-04-19 21:26:00-main--INFO -com.ctaf.accelerators.TestEngine: Able to get TscreenShot
2018-04-19 21:26:15-main--INFO -com.ctaf.accelerators.TestEngine:Current Test : TC_39_agencyLoginRondTripModifyExtras
2018-04-19 21:30:29-main--INFO -com.ctaf.accelerators.TestEngine:Current Test : TC_45_oneWayDomCancelverifyMMB
2018-04-19 21:33:12-main--INFO -com.ctaf.accelerators.TestEngine: Able to get TscreenShot
2018-04-19 21:33:28-main--INFO -com.ctaf.accelerators.TestEngine:Current Test : TC_46_RTDomfullCancelVerifyMMB
2018-04-19 21:40:13-main--INFO -com.ctaf.accelerators.TestEngine:Current Test : TC_47_RTDomCancelDepartingleg
2018-04-19 21:46:14-main--INFO -com.ctaf.accelerators.TestEngine:Current Test : TC_48_RTDomCancelReturningleg
2018-04-19 21:52:18-main--INFO -com.ctaf.accelerators.TestEngine:Current Test : TC_49_RTIntlCancelDepartingleg
2018-04-19 21:58:24-main--INFO -com.ctaf.accelerators.TestEngine:Current Test : TC_50_RTIntlCancelReturningleg
2018-04-19 22:04:27-main--INFO -com.ctaf.accelerators.TestEngine:Current Test : TC_51_RTIntlfullCancelVerifyMMB
2018-04-19 22:11:19-main--INFO -com.ctaf.accelerators.TestEngine:Current Test : TC_52_oneWayDomMMBChangeDateCancel
2018-04-19 22:16:14-main--INFO -com.ctaf.accelerators.TestEngine: Able to get TscreenShot
2018-04-19 22:16:31-main--INFO -com.ctaf.accelerators.TestEngine:Current Test : TC_53_oneWayDomMMBChangeDateCheckIn
2018-04-19 22:26:30-main--INFO -com.ctaf.accelerators.TestEngine:Current Test : TC_54_RtDOMBookingCheckinNaSmiles
2018-04-19 22:29:27-main--INFO -com.ctaf.accelerators.TestEngine: Able to get TscreenShot
2018-04-19 22:29:42-main--INFO -com.ctaf.accelerators.TestEngine:Current Test : TC_55_oneWayDomesticBusOneAdultAmexBookingAR
2018-04-19 22:33:26-main--INFO -com.ctaf.accelerators.TestEngine: Able to get TscreenShot
2018-04-19 22:33:26-main--INFO -com.ctaf.accelerators.TestEngine: Able to get TscreenShot
2018-04-19 22:33:40-main--INFO -com.ctaf.accelerators.TestEngine:Current Test : TC_56_RTDomBothLegMMBChangedateSeatsExtrasBaggageLounge
2018-04-19 22:42:48-main--INFO -com.ctaf.accelerators.TestEngine:Current Test : TC_57_RTDomDepartingLegMMBChangedateSeatsExtrasBaggageLounge
2018-04-19 22:48:15-main--INFO -com.ctaf.accelerators.TestEngine: Able to get TscreenShot
2018-04-19 22:48:29-main--INFO -com.ctaf.accelerators.TestEngine:Current Test : TC_58_RTDomReturningLegMMBChangedateSeatsExtrasBaggageLounge
2018-04-19 22:53:47-main--INFO -com.ctaf.accelerators.TestEngine: Able to get TscreenShot
2018-04-19 22:54:01-main--INFO -com.ctaf.accelerators.TestEngine:Current Test : TC_59_RTIntlReturningLegMMBChangedateSeatsExtrasBaggageLounge
2018-04-19 22:59:21-main--INFO -com.ctaf.accelerators.TestEngine: Able to get TscreenShot
2018-04-19 22:59:34-main--INFO -com.ctaf.accelerators.TestEngine:Current Test : TC_60_RTIntlBothLegMMBChangedateSeatsExtrasBaggageLounge
2018-04-19 22:59:37-main--INFO -com.ctaf.accelerators.TestEngine: Able to get TscreenShot
2018-04-19 22:59:49-main--INFO -com.ctaf.accelerators.TestEngine:Current Test : TC_61A_VerifyAllowableFriendsBooking2A3C1I
2018-04-19 23:00:48-main--INFO -com.ctaf.accelerators.TestEngine:Current Test : TC_62_VerifyAlertOnExceedingfriendsbookinglimit3A3C
2018-04-19 23:01:41-main--INFO -com.ctaf.accelerators.TestEngine:Current Test : TC_63_VerifyAlertOnExceedingfriendsbookinglimit6Adults
2018-04-19 23:02:35-main--INFO -com.ctaf.accelerators.TestEngine:Current Test : TC_64A_TravelPartnerBooking
2018-04-19 23:04:28-main--INFO -com.ctaf.accelerators.TestEngine: Able to get TscreenShot
2018-04-19 23:04:45-main--INFO -com.ctaf.accelerators.TestEngine:Current Test : TC_65A_DomStandByFriendsBookingFeeVerification
2018-04-19 23:06:37-main--INFO -com.ctaf.accelerators.TestEngine: Able to get TscreenShot
2018-04-19 23:06:50-main--INFO -com.ctaf.accelerators.TestEngine:Current Test : TC_65C_IntlStandByFriendsBookingChargeVerification
2018-04-19 23:08:46-main--INFO -com.ctaf.accelerators.TestEngine: Able to get TscreenShot
2018-04-19 23:09:00-main--INFO -com.ctaf.accelerators.TestEngine:Current Test : TC_65D_IntlStaffCnfmdFriendsBookingChargeVerification
2018-04-19 23:10:52-main--INFO -com.ctaf.accelerators.TestEngine: Able to get TscreenShot
2018-04-19 23:11:07-main--INFO -com.ctaf.accelerators.TestEngine:Current Test : TC_66A_PricelockDomFeeVerificationBooking
2018-04-19 23:13:49-main--INFO -com.ctaf.accelerators.TestEngine: Able to get TscreenShot
2018-04-19 23:13:49-main--INFO -com.ctaf.accelerators.TestEngine: Able to get TscreenShot
2018-04-19 23:14:07-main--INFO -com.ctaf.accelerators.TestEngine:Current Test : TC_67A_PricelockDomFeeVerificationBooking
2018-04-19 23:16:42-main--INFO -com.ctaf.accelerators.TestEngine: Able to get TscreenShot
2018-04-19 23:16:42-main--INFO -com.ctaf.accelerators.TestEngine: Able to get TscreenShot
