2018-05-29 17:42:05-main--INFO -com.ctaf.accelerators.TestEngine:Starting browser : chrome
2018-05-29 17:42:22-main--INFO -com.ctaf.accelerators.TestEngine:Current Test : TC01_a_memberRegistration
2018-05-29 17:42:38-main--INFO -com.ctaf.accelerators.TestEngine: Able to get TscreenShot
2018-05-29 17:42:52-main--INFO -com.ctaf.accelerators.TestEngine:Current Test : TC_01_d_verifyRegistrationFailureWithExistingMailID
2018-05-29 17:43:08-main--INFO -com.ctaf.accelerators.TestEngine: Able to get TscreenShot
2018-05-29 17:43:22-main--INFO -com.ctaf.accelerators.TestEngine:Current Test : TC_01_e_VerifyAccLockOn10IncorrectPswdEntries
2018-05-29 17:43:37-main--INFO -com.ctaf.accelerators.TestEngine: Able to get TscreenShot
2018-05-29 17:43:56-main--INFO -com.ctaf.accelerators.TestEngine:Current Test : TC_01_f_VerifyAlertChildRegistrationNBooking
2018-05-29 17:44:37-main--INFO -com.ctaf.accelerators.TestEngine: Able to get TscreenShot
2018-05-29 17:44:53-main--INFO -com.ctaf.accelerators.TestEngine:Current Test : TC_02_a_oneWayDomSimple1AdultCC
2018-05-29 17:49:54-main--INFO -com.ctaf.accelerators.TestEngine:Current Test : TC_02_b_oneWayDomBusiness1AdultCC
2018-05-29 17:50:05-main--INFO -com.ctaf.accelerators.TestEngine: Able to get TscreenShot
2018-05-29 17:50:20-main--INFO -com.ctaf.accelerators.TestEngine:Current Test : TC_02_c_RTDomSimple1AdultCC
2018-05-29 17:55:17-main--INFO -com.ctaf.accelerators.TestEngine:Current Test : TC_02d_RTDomBusiness1AdultCC
2018-05-29 17:59:53-main--INFO -com.ctaf.accelerators.TestEngine:Current Test : TC_02_f_RTDomExtra1Adult1ChildCC
2018-05-29 18:00:03-main--INFO -com.ctaf.accelerators.TestEngine: Able to get TscreenShot
2018-05-29 18:00:16-main--INFO -com.ctaf.accelerators.TestEngine:Current Test : TC_02_g_oneWayDomesticSimpleSADAD
2018-05-29 18:00:26-main--INFO -com.ctaf.accelerators.TestEngine: Able to get TscreenShot
2018-05-29 18:00:39-main--INFO -com.ctaf.accelerators.TestEngine:Current Test : TC03a_oneWayDomesticChangeDate
2018-05-29 18:00:50-main--INFO -com.ctaf.accelerators.TestEngine: Able to get TscreenShot
2018-05-29 18:01:04-main--INFO -com.ctaf.accelerators.TestEngine:Current Test : TC03b_oneWayIntlChangeDate
2018-05-29 18:09:23-main--INFO -com.ctaf.accelerators.TestEngine:Current Test : TC04a_oneWaySimpleDomOneAdultCheckin
2018-05-29 18:16:32-main--INFO -com.ctaf.accelerators.TestEngine:Current Test : TC04b_RtIntlOneAdultCheckinFail
2018-05-29 18:16:42-main--INFO -com.ctaf.accelerators.TestEngine: Able to get TscreenShot
2018-05-29 18:16:55-main--INFO -com.ctaf.accelerators.TestEngine:Current Test : TC04c_oneWaySimpleIntlMutiPaxCheckinFail
2018-05-29 18:17:05-main--INFO -com.ctaf.accelerators.TestEngine: Able to get TscreenShot
2018-05-29 18:17:18-main--INFO -com.ctaf.accelerators.TestEngine:Current Test : TC04d_oneWayExtraIntlMutiPaxCheckinFail
2018-05-29 18:17:29-main--INFO -com.ctaf.accelerators.TestEngine: Able to get TscreenShot
2018-05-29 18:17:42-main--INFO -com.ctaf.accelerators.TestEngine:Current Test : TC04e_oneWayBusinessIntlMutiPaxCheckinFail
2018-05-29 18:17:52-main--INFO -com.ctaf.accelerators.TestEngine: Able to get TscreenShot
2018-05-29 18:18:05-main--INFO -com.ctaf.accelerators.TestEngine:Current Test : TC_06_oneWay2InternationalEco
2018-05-29 18:18:15-main--INFO -com.ctaf.accelerators.TestEngine: Able to get TscreenShot
2018-05-29 18:18:32-main--INFO -com.ctaf.accelerators.TestEngine:Current Test : TC_07_RTDom4adultBusinessCC
2018-05-29 18:22:42-main--INFO -com.ctaf.accelerators.TestEngine: Able to get TscreenShot
2018-05-29 18:22:55-main--INFO -com.ctaf.accelerators.TestEngine:Current Test : TC_08_RTInt1adult1Child1infantBus
2018-05-29 18:23:06-main--INFO -com.ctaf.accelerators.TestEngine: Able to get TscreenShot
2018-05-29 18:23:18-main--INFO -com.ctaf.accelerators.TestEngine:Current Test : TC_10_OwIntlMultiPaxEconomyCordshareBookingMMB
2018-05-29 18:23:29-main--INFO -com.ctaf.accelerators.TestEngine: Able to get TscreenShot
2018-05-29 18:23:41-main--INFO -com.ctaf.accelerators.TestEngine:Current Test : TC_11_RTIntlMultiPaxEconomyPartCodeShare
2018-05-29 18:23:52-main--INFO -com.ctaf.accelerators.TestEngine: Able to get TscreenShot
2018-05-29 18:24:06-main--INFO -com.ctaf.accelerators.TestEngine:Current Test : TC_12_PayWithCreditShell
2018-05-29 18:33:20-main--INFO -com.ctaf.accelerators.TestEngine:Current Test : TC_13_onewayDomesticwithUSdollars
2018-05-29 18:34:01-main--INFO -com.ctaf.accelerators.TestEngine: Able to get TscreenShot
2018-05-29 18:34:13-main--INFO -com.ctaf.accelerators.TestEngine:Current Test : TC_14_oneWayDomesticwithEuro
2018-05-29 18:34:54-main--INFO -com.ctaf.accelerators.TestEngine: Able to get TscreenShot
2018-05-29 18:35:07-main--INFO -com.ctaf.accelerators.TestEngine:Current Test : TC_15_EmpLoginOnewayOneAdultStaffStandByChangFlightCancel
2018-05-29 18:35:17-main--INFO -com.ctaf.accelerators.TestEngine: Able to get TscreenShot
2018-05-29 18:35:31-main--INFO -com.ctaf.accelerators.TestEngine:Current Test : TC_16_EmpLoginStaffConfmedChangeDateCheckIn
2018-05-29 18:35:41-main--INFO -com.ctaf.accelerators.TestEngine: Able to get TscreenShot
2018-05-29 18:35:54-main--INFO -com.ctaf.accelerators.TestEngine:Current Test : TC_17_RTChangeflightCheckIN
2018-05-29 18:36:05-main--INFO -com.ctaf.accelerators.TestEngine: Able to get TscreenShot
2018-05-29 18:36:19-main--INFO -com.ctaf.accelerators.TestEngine:Current Test : TC_18_corporateLoginRToneAdultCancelFlight
2018-05-29 18:37:07-main--INFO -com.ctaf.accelerators.TestEngine: Unable to get TscreenShot
2018-05-29 18:37:20-main--INFO -com.ctaf.accelerators.TestEngine:Current Test : TC_19_agencyLoginRToneAdultoneChild
2018-05-29 18:37:30-main--INFO -com.ctaf.accelerators.TestEngine: Able to get TscreenShot
2018-05-29 18:37:43-main--INFO -com.ctaf.accelerators.TestEngine:Current Test : TC_23_oneWayDomesticOneAdultCheckInAR
2018-05-29 18:37:53-main--INFO -com.ctaf.accelerators.TestEngine: Able to get TscreenShot
2018-05-29 18:38:07-main--INFO -com.ctaf.accelerators.TestEngine:Current Test : TC_24_anonymousRtDomestic4AdultBusinessAR
2018-05-29 18:39:52-main--INFO -com.ctaf.accelerators.TestEngine: Able to get TscreenShot
2018-05-29 18:40:04-main--INFO -com.ctaf.accelerators.TestEngine:Current Test : TC_25_anonymousOneWayDomesticOneAdultCheckInTR
2018-05-29 18:40:15-main--INFO -com.ctaf.accelerators.TestEngine: Able to get TscreenShot
2018-05-29 18:40:29-main--INFO -com.ctaf.accelerators.TestEngine:Current Test : TC_26_anonymousRtDomestic4AdultBusinessTR
2018-05-29 18:42:13-main--INFO -com.ctaf.accelerators.TestEngine: Able to get TscreenShot
2018-05-29 18:42:25-main--INFO -com.ctaf.accelerators.TestEngine:Current Test : TC_27a_redemptionBookingwithBronzeMember
2018-05-29 18:42:36-main--INFO -com.ctaf.accelerators.TestEngine: Able to get TscreenShot
2018-05-29 18:42:50-main--INFO -com.ctaf.accelerators.TestEngine:Current Test : TC27b_BookingwithinsufficientBronzepoints
2018-05-29 18:43:51-main--INFO -com.ctaf.accelerators.TestEngine:Current Test : TC_28_redemptionBookingwithSilverMember
2018-05-29 18:44:02-main--INFO -com.ctaf.accelerators.TestEngine: Able to get TscreenShot
2018-05-29 18:44:16-main--INFO -com.ctaf.accelerators.TestEngine:Current Test : TC_29_redemptionBookingwithGoldMember
2018-05-29 18:44:34-main--INFO -com.ctaf.accelerators.TestEngine:Current Test : TC_30_redemptionBookingwithPlatinumMember
2018-05-29 18:45:35-main--INFO -com.ctaf.accelerators.TestEngine:Current Test : TC_31_anonymousVerifingBoardingPassVlues
2018-05-29 18:46:29-main--INFO -com.ctaf.accelerators.TestEngine: Able to get TscreenShot
2018-05-29 18:46:42-main--INFO -com.ctaf.accelerators.TestEngine:Current Test : TC_32_anonymousReissueTheTicketWithHigherFare
2018-05-29 18:47:53-main--INFO -com.ctaf.accelerators.TestEngine:Current Test : TC_33_anonymousRevalidateTheTicketWithSameFare
2018-05-29 18:49:11-main--INFO -com.ctaf.accelerators.TestEngine:Current Test : TC_34_BaggageValidation
2018-05-29 18:51:36-main--INFO -com.ctaf.accelerators.TestEngine:Current Test : TC_35_AnonymousOneWayDomesticEconomy_MMB_ModifyExtrasSeat
2018-05-29 18:55:32-main--INFO -com.ctaf.accelerators.TestEngine: Able to get TscreenShot
2018-05-29 18:55:47-main--INFO -com.ctaf.accelerators.TestEngine:Current Test : TC_35_b_AnonymousOwIntlEconomy_MMB_ModifyExtrasSeat
2018-05-29 18:59:47-main--INFO -com.ctaf.accelerators.TestEngine: Able to get TscreenShot
2018-05-29 18:59:59-main--INFO -com.ctaf.accelerators.TestEngine:Current Test : TC_36_EmpLoginOnewayOneAdultStaffStandByModifyEXtras
2018-05-29 19:00:10-main--INFO -com.ctaf.accelerators.TestEngine: Able to get TscreenShot
2018-05-29 19:00:25-main--INFO -com.ctaf.accelerators.TestEngine:Current Test : TC_37_EmpLoginStaffConfirmedModifyExtras
2018-05-29 19:05:11-main--INFO -com.ctaf.accelerators.TestEngine: Able to get TscreenShot
2018-05-29 19:05:24-main--INFO -com.ctaf.accelerators.TestEngine:Current Test : TC_38_corporateLoginRoundTripModifyExtras
2018-05-29 19:05:34-main--INFO -com.ctaf.accelerators.TestEngine: Able to get TscreenShot
2018-05-29 19:05:48-main--INFO -com.ctaf.accelerators.TestEngine:Current Test : TC_39_agencyLoginRondTripModifyExtras
2018-05-29 19:10:19-main--INFO -com.ctaf.accelerators.TestEngine:Current Test : TC_45_oneWayDomCancelverifyMMB
2018-05-29 19:16:42-main--INFO -com.ctaf.accelerators.TestEngine:Current Test : TC_46_RTDomfullCancelVerifyMMB
2018-05-29 19:16:53-main--INFO -com.ctaf.accelerators.TestEngine: Able to get TscreenShot
2018-05-29 19:17:06-main--INFO -com.ctaf.accelerators.TestEngine:Current Test : TC_47_RTDomCancelDepartingleg
2018-05-29 19:17:16-main--INFO -com.ctaf.accelerators.TestEngine: Able to get TscreenShot
2018-05-29 19:17:30-main--INFO -com.ctaf.accelerators.TestEngine:Current Test : TC_48_RTDomCancelReturningleg
2018-05-29 19:23:29-main--INFO -com.ctaf.accelerators.TestEngine:Current Test : TC_49_RTIntlCancelDepartingleg
2018-05-29 19:23:39-main--INFO -com.ctaf.accelerators.TestEngine: Able to get TscreenShot
2018-05-29 19:23:53-main--INFO -com.ctaf.accelerators.TestEngine:Current Test : TC_50_RTIntlCancelReturningleg
2018-05-29 19:25:44-main--INFO -com.ctaf.accelerators.TestEngine: Able to get TscreenShot
2018-05-29 19:25:57-main--INFO -com.ctaf.accelerators.TestEngine:Current Test : TC_51_RTIntlfullCancelVerifyMMB
2018-05-29 19:26:07-main--INFO -com.ctaf.accelerators.TestEngine: Able to get TscreenShot
2018-05-29 19:26:21-main--INFO -com.ctaf.accelerators.TestEngine:Current Test : TC_52_oneWayDomMMBChangeDateCancel
2018-05-29 19:26:31-main--INFO -com.ctaf.accelerators.TestEngine: Able to get TscreenShot
2018-05-29 19:26:46-main--INFO -com.ctaf.accelerators.TestEngine:Current Test : TC_53_oneWayDomMMBChangeDateCheckIn
2018-05-29 19:26:57-main--INFO -com.ctaf.accelerators.TestEngine: Able to get TscreenShot
2018-05-29 19:27:12-main--INFO -com.ctaf.accelerators.TestEngine:Current Test : TC_54_RtDOMBookingCheckinNaSmiles
