2018-05-30 12:58:53-main--INFO -com.ctaf.accelerators.TestEngine:Starting browser : chrome
2018-05-30 12:59:11-main--INFO -com.ctaf.accelerators.TestEngine:Current Test : TC_01_verifingChildDiscount
2018-05-30 12:59:58-main--INFO -com.ctaf.accelerators.TestEngine: Unable to get TscreenShot
2018-05-30 13:00:48-main--INFO -com.ctaf.accelerators.TestEngine:Starting browser : chrome
2018-05-30 13:01:02-main--INFO -com.ctaf.accelerators.TestEngine:Current Test : TC_01_verifingChildDiscount
2018-05-30 13:08:02-main--INFO -com.ctaf.accelerators.TestEngine:Starting browser : chrome
2018-05-30 13:09:17-main--INFO -com.ctaf.accelerators.TestEngine:Current Test : TC_01_verifingChildDiscount
2018-05-30 13:09:27-main--INFO -com.ctaf.accelerators.TestEngine: Able to get TscreenShot
2018-05-30 13:10:08-main--INFO -com.ctaf.accelerators.TestEngine:Current Test : TC_02_verifingServiceChargeperPerson
2018-05-30 13:10:19-main--INFO -com.ctaf.accelerators.TestEngine: Able to get TscreenShot
2018-05-30 13:10:36-main--INFO -com.ctaf.accelerators.TestEngine:Current Test : TC_03_verifingServiceChargeperPerson
2018-05-30 13:12:10-main--INFO -com.ctaf.accelerators.TestEngine:Current Test : TC_04_verifingserviceChargeForRTEconyDomestic
2018-05-30 13:16:11-main--INFO -com.ctaf.accelerators.TestEngine:Current Test : TC_05_verifingSerCharChildDisRTFlexDom
2018-05-30 13:17:14-main--INFO -com.ctaf.accelerators.TestEngine:Current Test : TC_06_verifingServiceChargeRTBusinessDomestic
2018-05-30 13:21:22-main--INFO -com.ctaf.accelerators.TestEngine:Current Test : TC_07_verifingServiceChargewithMTEco
2018-05-30 13:22:15-main--INFO -com.ctaf.accelerators.TestEngine: Able to get TscreenShot
2018-05-30 13:22:29-main--INFO -com.ctaf.accelerators.TestEngine:Current Test : TC_08_verifingServiceChragewithMTSingleFlex
2018-05-30 13:27:18-main--INFO -com.ctaf.accelerators.TestEngine:Starting browser : chrome
2018-05-30 13:27:33-main--INFO -com.ctaf.accelerators.TestEngine:Current Test : TC_01_verifingChildDiscount
2018-05-30 13:31:46-main--INFO -com.ctaf.accelerators.TestEngine:Starting browser : chrome
2018-05-30 13:31:59-main--INFO -com.ctaf.accelerators.TestEngine:Current Test : TC_01_verifingChildDiscount
2018-05-30 13:32:09-main--INFO -com.ctaf.accelerators.TestEngine:Starting browser : chrome
2018-05-30 13:32:21-main--INFO -com.ctaf.accelerators.TestEngine:Current Test : TC_01_verifingChildDiscount
2018-05-30 13:32:23-main--INFO -com.ctaf.accelerators.TestEngine: Able to get TscreenShot
2018-05-30 13:32:34-main--INFO -com.ctaf.accelerators.TestEngine:Current Test : TC_02_verifingServiceChargeperPerson
2018-05-30 13:32:44-main--INFO -com.ctaf.accelerators.TestEngine: Able to get TscreenShot
2018-05-30 13:32:59-main--INFO -com.ctaf.accelerators.TestEngine:Current Test : TC_03_verifingServiceChargeperPerson
2018-05-30 13:33:10-main--INFO -com.ctaf.accelerators.TestEngine: Able to get TscreenShot
2018-05-30 13:33:26-main--INFO -com.ctaf.accelerators.TestEngine:Starting browser : chrome
2018-05-30 13:33:43-main--INFO -com.ctaf.accelerators.TestEngine:Current Test : TC_01_verifingChildDiscount
2018-05-30 13:38:39-main--INFO -com.ctaf.accelerators.TestEngine:Current Test : TC_02_verifingServiceChargeperPerson
2018-05-30 13:42:26-main--INFO -com.ctaf.accelerators.TestEngine:Current Test : TC_03_verifingServiceChargeperPerson
2018-05-30 13:42:36-main--INFO -com.ctaf.accelerators.TestEngine: Able to get TscreenShot
2018-05-30 13:42:50-main--INFO -com.ctaf.accelerators.TestEngine:Current Test : TC_04_verifingserviceChargeForRTEconyDomestic
2018-05-30 13:47:49-main--INFO -com.ctaf.accelerators.TestEngine:Current Test : TC_05_verifingSerCharChildDisRTFlexDom
2018-05-30 13:48:52-main--INFO -com.ctaf.accelerators.TestEngine:Current Test : TC_06_verifingServiceChargeRTBusinessDomestic
2018-05-30 13:49:43-main--INFO -com.ctaf.accelerators.TestEngine: Able to get TscreenShot
2018-05-30 13:49:56-main--INFO -com.ctaf.accelerators.TestEngine:Current Test : TC_10_verifingSerCharChildDisInArabic
2018-05-30 13:53:27-main--INFO -com.ctaf.accelerators.TestEngine: Able to get TscreenShot
2018-05-30 13:53:41-main--INFO -com.ctaf.accelerators.TestEngine:Current Test : TC_11_verifingServiceChargeOWSingleBusAR
2018-05-30 13:58:16-main--INFO -com.ctaf.accelerators.TestEngine: Able to get TscreenShot
2018-05-30 13:58:27-main--INFO -com.ctaf.accelerators.TestEngine:Current Test : TC_12_verifingServiceChargeRTSingleFlexIntAR
2018-05-30 13:58:38-main--INFO -com.ctaf.accelerators.TestEngine: Able to get TscreenShot
2018-05-30 13:58:48-main--INFO -com.ctaf.accelerators.TestEngine:Current Test : TC_13_verifingServiceChargeRTSingleECoDOMAR
2018-05-30 13:58:58-main--INFO -com.ctaf.accelerators.TestEngine: Able to get TscreenShot
2018-05-30 13:59:08-main--INFO -com.ctaf.accelerators.TestEngine:Current Test : TC_14_verifingSerCharChilDdisRTMulFlexDOMAR
2018-05-30 13:59:19-main--INFO -com.ctaf.accelerators.TestEngine: Able to get TscreenShot
2018-05-30 13:59:31-main--INFO -com.ctaf.accelerators.TestEngine:Current Test : TC_15_verifingServiceChargeRTSingleBusDomesticAR
2018-05-30 14:03:57-main--INFO -com.ctaf.accelerators.TestEngine:Current Test : TC_01_a_memberRegistration
2018-05-30 14:05:12-main--INFO -com.ctaf.accelerators.TestEngine:Current Test : TC_29_modifyProfileNewRegister
2018-05-30 14:06:26-main--INFO -com.ctaf.accelerators.TestEngine:Current Test : TC_30_BaggageValidation
2018-05-30 14:06:37-main--INFO -com.ctaf.accelerators.TestEngine: Able to get TscreenShot
