2018-05-14 11:10:21-main--INFO -com.ctaf.accelerators.TestEngine:Starting browser : chrome
2018-05-14 11:10:36-main--INFO -com.ctaf.accelerators.TestEngine:Current Test : TC_04_verifingserviceChargeForRTEconyDomestic
2018-05-14 11:39:00-main--INFO -com.ctaf.accelerators.TestEngine:Starting browser : chrome
2018-05-14 11:39:14-main--INFO -com.ctaf.accelerators.TestEngine:Current Test : TC_10_verifingSerCharChildDisInArabic
2018-05-14 11:39:25-main--INFO -com.ctaf.accelerators.TestEngine: Able to get TscreenShot
2018-05-14 11:40:51-main--INFO -com.ctaf.accelerators.TestEngine:Starting browser : chrome
2018-05-14 11:41:23-main--INFO -com.ctaf.accelerators.TestEngine:Starting browser : chrome
2018-05-14 11:41:39-main--INFO -com.ctaf.accelerators.TestEngine:Current Test : TC_10_verifingSerCharChildDisInArabic
2018-05-14 11:43:25-main--INFO -com.ctaf.accelerators.TestEngine: Able to get TscreenShot
2018-05-14 11:58:25-main--INFO -com.ctaf.accelerators.TestEngine:Starting browser : chrome
2018-05-14 11:58:38-main--INFO -com.ctaf.accelerators.TestEngine:Current Test : TC_10_verifingSerCharChildDisInArabic
2018-05-14 12:04:30-main--INFO -com.ctaf.accelerators.TestEngine:Starting browser : chrome
2018-05-14 12:04:46-main--INFO -com.ctaf.accelerators.TestEngine:Current Test : TC_10_verifingSerCharChildDisInArabic
2018-05-14 12:07:33-main--INFO -com.ctaf.accelerators.TestEngine:Starting browser : chrome
2018-05-14 12:07:47-main--INFO -com.ctaf.accelerators.TestEngine:Current Test : TC_10_verifingSerCharChildDisInArabic
2018-05-14 12:10:26-main--INFO -com.ctaf.accelerators.TestEngine:Starting browser : chrome
2018-05-14 12:10:36-main--INFO -com.ctaf.accelerators.TestEngine:Current Test : TC_10_verifingSerCharChildDisInArabic
2018-05-14 12:10:47-main--INFO -com.ctaf.accelerators.TestEngine: Able to get TscreenShot
2018-05-14 12:14:26-main--INFO -com.ctaf.accelerators.TestEngine:Starting browser : chrome
2018-05-14 12:14:39-main--INFO -com.ctaf.accelerators.TestEngine:Current Test : TC_10_verifingSerCharChildDisInArabic
2018-05-14 12:14:49-main--INFO -com.ctaf.accelerators.TestEngine: Able to get TscreenShot
2018-05-14 12:15:24-main--INFO -com.ctaf.accelerators.TestEngine:Starting browser : chrome
2018-05-14 12:15:39-main--INFO -com.ctaf.accelerators.TestEngine:Current Test : TC_10_verifingSerCharChildDisInArabic
2018-05-14 12:26:40-main--INFO -com.ctaf.accelerators.TestEngine:Starting browser : chrome
2018-05-14 12:26:54-main--INFO -com.ctaf.accelerators.TestEngine:Current Test : TC_10_verifingSerCharChildDisInArabic
2018-05-14 12:42:31-main--INFO -com.ctaf.accelerators.TestEngine:Starting browser : chrome
2018-05-14 12:42:43-main--INFO -com.ctaf.accelerators.TestEngine:Current Test : TC_10_verifingSerCharChildDisInArabic
2018-05-14 12:54:00-main--INFO -com.ctaf.accelerators.TestEngine:Starting browser : chrome
2018-05-14 12:54:19-main--INFO -com.ctaf.accelerators.TestEngine:Current Test : TC_10_verifingSerCharChildDisInArabic
2018-05-14 13:00:15-main--INFO -com.ctaf.accelerators.TestEngine:Starting browser : chrome
2018-05-14 13:00:27-main--INFO -com.ctaf.accelerators.TestEngine:Current Test : TC_10_verifingSerCharChildDisInArabic
2018-05-14 13:03:14-main--INFO -com.ctaf.accelerators.TestEngine: Able to get TscreenShot
2018-05-14 13:07:19-main--INFO -com.ctaf.accelerators.TestEngine:Starting browser : chrome
2018-05-14 13:07:30-main--INFO -com.ctaf.accelerators.TestEngine:Current Test : TC_10_verifingSerCharChildDisInArabic
2018-05-14 13:14:03-main--INFO -com.ctaf.accelerators.TestEngine: Able to get TscreenShot
2018-05-14 13:17:35-main--INFO -com.ctaf.accelerators.TestEngine:Starting browser : chrome
2018-05-14 13:17:49-main--INFO -com.ctaf.accelerators.TestEngine:Current Test : TC_10_verifingSerCharChildDisInArabic
2018-05-14 13:26:42-main--INFO -com.ctaf.accelerators.TestEngine: Able to get TscreenShot
2018-05-14 13:47:44-main--INFO -com.ctaf.accelerators.TestEngine:Starting browser : chrome
2018-05-14 13:47:58-main--INFO -com.ctaf.accelerators.TestEngine:Current Test : TC_10_verifingSerCharChildDisInArabic
2018-05-14 13:49:26-main--INFO -com.ctaf.accelerators.TestEngine: Able to get TscreenShot
2018-05-14 13:54:54-main--INFO -com.ctaf.accelerators.TestEngine:Starting browser : chrome
2018-05-14 13:55:10-main--INFO -com.ctaf.accelerators.TestEngine:Current Test : TC_10_verifingSerCharChildDisInArabic
2018-05-14 15:07:17-main--INFO -com.ctaf.accelerators.TestEngine:Starting browser : chrome
2018-05-14 15:07:30-main--INFO -com.ctaf.accelerators.TestEngine:Current Test : TC_10_verifingSerCharChildDisInArabic
2018-05-14 15:07:40-main--INFO -com.ctaf.accelerators.TestEngine: Able to get TscreenShot
2018-05-14 15:08:09-main--INFO -com.ctaf.accelerators.TestEngine:Starting browser : chrome
2018-05-14 15:08:20-main--INFO -com.ctaf.accelerators.TestEngine:Starting browser : chrome
2018-05-14 15:08:33-main--INFO -com.ctaf.accelerators.TestEngine:Current Test : TC_10_verifingSerCharChildDisInArabic
2018-05-14 15:11:18-main--INFO -com.ctaf.accelerators.TestEngine:Starting browser : chrome
2018-05-14 15:11:32-main--INFO -com.ctaf.accelerators.TestEngine:Current Test : TC_10_verifingSerCharChildDisInArabic
2018-05-14 15:22:39-main--INFO -com.ctaf.accelerators.TestEngine:Starting browser : chrome
2018-05-14 15:22:55-main--INFO -com.ctaf.accelerators.TestEngine:Current Test : TC_10_verifingSerCharChildDisInArabic
2018-05-14 15:41:40-main--INFO -com.ctaf.accelerators.TestEngine:Starting browser : chrome
2018-05-14 15:41:51-main--INFO -com.ctaf.accelerators.TestEngine:Current Test : TC_10_verifingSerCharChildDisInArabic
2018-05-14 15:46:04-main--INFO -com.ctaf.accelerators.TestEngine:Starting browser : chrome
2018-05-14 15:46:14-main--INFO -com.ctaf.accelerators.TestEngine:Current Test : TC_10_verifingSerCharChildDisInArabic
2018-05-14 15:46:25-main--INFO -com.ctaf.accelerators.TestEngine: Able to get TscreenShot
2018-05-14 15:46:38-main--INFO -com.ctaf.accelerators.TestEngine:Starting browser : chrome
2018-05-14 15:46:49-main--INFO -com.ctaf.accelerators.TestEngine:Current Test : TC_10_verifingSerCharChildDisInArabic
2018-05-14 15:46:59-main--INFO -com.ctaf.accelerators.TestEngine: Able to get TscreenShot
2018-05-14 15:47:17-main--INFO -com.ctaf.accelerators.TestEngine:Starting browser : chrome
2018-05-14 15:47:27-main--INFO -com.ctaf.accelerators.TestEngine:Current Test : TC_10_verifingSerCharChildDisInArabic
2018-05-14 15:52:05-main--INFO -com.ctaf.accelerators.TestEngine:Starting browser : chrome
2018-05-14 15:52:19-main--INFO -com.ctaf.accelerators.TestEngine:Current Test : TC_10_verifingSerCharChildDisInArabic
2018-05-14 16:32:55-main--INFO -com.ctaf.accelerators.TestEngine:Starting browser : chrome
2018-05-14 16:33:09-main--INFO -com.ctaf.accelerators.TestEngine:Current Test : TC_23_verifingSerCharChildDisRTMultiFlexDomTR
2018-05-14 16:33:19-main--INFO -com.ctaf.accelerators.TestEngine: Able to get TscreenShot
2018-05-14 16:33:31-main--INFO -com.ctaf.accelerators.TestEngine:Starting browser : chrome
2018-05-14 16:33:47-main--INFO -com.ctaf.accelerators.TestEngine:Current Test : TC_23_verifingSerCharChildDisRTMultiFlexDomTR
2018-05-14 16:37:44-main--INFO -com.ctaf.accelerators.TestEngine: Able to get TscreenShot
2018-05-14 20:06:12-main--INFO -com.ctaf.accelerators.TestEngine:Starting browser : chrome
2018-05-14 20:06:24-main--INFO -com.ctaf.accelerators.TestEngine:Current Test : TC01_a_memberRegistration
2018-05-14 20:06:40-main--INFO -com.ctaf.accelerators.TestEngine: Able to get TscreenShot
2018-05-14 20:07:56-main--INFO -com.ctaf.accelerators.TestEngine:Starting browser : chrome
2018-05-14 20:08:08-main--INFO -com.ctaf.accelerators.TestEngine:Current Test : TC01_a_memberRegistration
2018-05-14 20:10:01-main--INFO -com.ctaf.accelerators.TestEngine:Starting browser : chrome
2018-05-14 20:10:15-main--INFO -com.ctaf.accelerators.TestEngine:Current Test : TC01_a_memberRegistration
2018-05-14 20:11:16-main--INFO -com.ctaf.accelerators.TestEngine: Able to get TscreenShot
2018-05-14 20:11:31-main--INFO -com.ctaf.accelerators.TestEngine:Current Test : TC_01_d_verifyRegistrationFailureWithExistingMailID
2018-05-14 20:12:20-main--INFO -com.ctaf.accelerators.TestEngine:Current Test : TC_01_e_VerifyAccLockOn10IncorrectPswdEntries
2018-05-14 20:12:35-main--INFO -com.ctaf.accelerators.TestEngine: Able to get TscreenShot
2018-05-14 20:12:48-main--INFO -com.ctaf.accelerators.TestEngine:Current Test : TC_01_f_VerifyAlertChildRegistrationNBooking
2018-05-14 20:13:03-main--INFO -com.ctaf.accelerators.TestEngine: Able to get TscreenShot
2018-05-14 20:13:17-main--INFO -com.ctaf.accelerators.TestEngine:Current Test : TC_02_a_oneWayDomSimple1AdultCC
2018-05-14 20:13:27-main--INFO -com.ctaf.accelerators.TestEngine: Able to get TscreenShot
2018-05-14 20:13:41-main--INFO -com.ctaf.accelerators.TestEngine:Current Test : TC_02_b_oneWayDomBusiness1AdultCC
2018-05-14 20:16:21-main--INFO -com.ctaf.accelerators.TestEngine: Able to get TscreenShot
2018-05-14 20:16:34-main--INFO -com.ctaf.accelerators.TestEngine:Current Test : TC_02_c_RTDomSimple1AdultCC
2018-05-14 20:16:44-main--INFO -com.ctaf.accelerators.TestEngine: Able to get TscreenShot
2018-05-14 20:16:58-main--INFO -com.ctaf.accelerators.TestEngine:Current Test : TC_02d_RTDomBusiness1AdultCC
2018-05-14 20:19:40-main--INFO -com.ctaf.accelerators.TestEngine: Able to get TscreenShot
2018-05-14 20:19:56-main--INFO -com.ctaf.accelerators.TestEngine:Current Test : TC_02_f_RTDomExtra1Adult1ChildCC
2018-05-14 20:20:07-main--INFO -com.ctaf.accelerators.TestEngine: Able to get TscreenShot
2018-05-14 20:20:20-main--INFO -com.ctaf.accelerators.TestEngine:Current Test : TC_02_g_oneWayDomesticSimpleSADAD
2018-05-14 20:20:30-main--INFO -com.ctaf.accelerators.TestEngine: Able to get TscreenShot
2018-05-14 20:20:45-main--INFO -com.ctaf.accelerators.TestEngine:Current Test : TC03a_oneWayDomesticChangeDate
2018-05-14 20:20:55-main--INFO -com.ctaf.accelerators.TestEngine: Able to get TscreenShot
2018-05-14 20:21:09-main--INFO -com.ctaf.accelerators.TestEngine:Current Test : TC03b_oneWayIntlChangeDate
2018-05-14 20:21:19-main--INFO -com.ctaf.accelerators.TestEngine: Able to get TscreenShot
2018-05-14 20:21:32-main--INFO -com.ctaf.accelerators.TestEngine:Current Test : TC04a_oneWaySimpleDomOneAdultCheckin
2018-05-14 20:21:42-main--INFO -com.ctaf.accelerators.TestEngine: Able to get TscreenShot
2018-05-14 20:21:57-main--INFO -com.ctaf.accelerators.TestEngine:Current Test : TC04b_RtIntlOneAdultCheckinFail
2018-05-14 20:24:40-main--INFO -com.ctaf.accelerators.TestEngine: Able to get TscreenShot
2018-05-14 20:24:51-main--INFO -com.ctaf.accelerators.TestEngine:Current Test : TC04c_oneWaySimpleIntlMutiPaxCheckinFail
2018-05-14 20:25:01-main--INFO -com.ctaf.accelerators.TestEngine: Able to get TscreenShot
2018-05-14 20:25:15-main--INFO -com.ctaf.accelerators.TestEngine:Current Test : TC04d_oneWayExtraIntlMutiPaxCheckinFail
2018-05-14 20:28:21-main--INFO -com.ctaf.accelerators.TestEngine: Able to get TscreenShot
2018-05-14 20:28:34-main--INFO -com.ctaf.accelerators.TestEngine:Current Test : TC04e_oneWayBusinessIntlMutiPaxCheckinFail
2018-05-14 20:28:44-main--INFO -com.ctaf.accelerators.TestEngine: Able to get TscreenShot
2018-05-14 20:28:55-main--INFO -com.ctaf.accelerators.TestEngine:Current Test : TC_06_oneWay2InternationalEco
2018-05-14 20:29:06-main--INFO -com.ctaf.accelerators.TestEngine: Able to get TscreenShot
2018-05-14 20:29:17-main--INFO -com.ctaf.accelerators.TestEngine:Current Test : TC_07_RTDom4adultBusinessCC
2018-05-14 20:29:27-main--INFO -com.ctaf.accelerators.TestEngine: Able to get TscreenShot
2018-05-14 20:29:39-main--INFO -com.ctaf.accelerators.TestEngine:Current Test : TC_08_RTInt1adult1Child1infantBus
2018-05-14 20:32:27-main--INFO -com.ctaf.accelerators.TestEngine: Able to get TscreenShot
2018-05-14 20:32:39-main--INFO -com.ctaf.accelerators.TestEngine:Current Test : TC_10_OwIntlMultiPaxEconomyCordshareBookingMMB
2018-05-14 20:32:49-main--INFO -com.ctaf.accelerators.TestEngine: Able to get TscreenShot
2018-05-14 20:33:05-main--INFO -com.ctaf.accelerators.TestEngine:Current Test : TC_11_RTIntlMultiPaxEconomyPartCodeShare
2018-05-14 20:34:26-main--INFO -com.ctaf.accelerators.TestEngine:Current Test : TC_12_PayWithCreditShell
2018-05-14 20:37:05-main--INFO -com.ctaf.accelerators.TestEngine: Able to get TscreenShot
2018-05-14 20:37:19-main--INFO -com.ctaf.accelerators.TestEngine:Current Test : TC_13_onewayDomesticwithUSdollars
2018-05-14 20:38:00-main--INFO -com.ctaf.accelerators.TestEngine: Able to get TscreenShot
2018-05-14 20:38:13-main--INFO -com.ctaf.accelerators.TestEngine:Current Test : TC_14_oneWayDomesticwithEuro
2018-05-14 20:38:54-main--INFO -com.ctaf.accelerators.TestEngine: Able to get TscreenShot
2018-05-14 20:39:08-main--INFO -com.ctaf.accelerators.TestEngine:Current Test : TC_15_EmpLoginOnewayOneAdultStaffStandByChangFlightCancel
2018-05-14 20:43:16-main--INFO -com.ctaf.accelerators.TestEngine: Able to get TscreenShot
2018-05-14 20:43:29-main--INFO -com.ctaf.accelerators.TestEngine:Current Test : TC_16_EmpLoginStaffConfmedChangeDateCheckIn
2018-05-14 20:43:39-main--INFO -com.ctaf.accelerators.TestEngine: Able to get TscreenShot
2018-05-14 20:43:52-main--INFO -com.ctaf.accelerators.TestEngine:Current Test : TC_17_RTChangeflightCheckIN
2018-05-14 20:44:02-main--INFO -com.ctaf.accelerators.TestEngine: Able to get TscreenShot
2018-05-14 20:44:14-main--INFO -com.ctaf.accelerators.TestEngine:Current Test : TC_18_corporateLoginRToneAdultCancelFlight
2018-05-14 20:44:24-main--INFO -com.ctaf.accelerators.TestEngine: Able to get TscreenShot
2018-05-14 20:44:36-main--INFO -com.ctaf.accelerators.TestEngine:Current Test : TC_19_agencyLoginRToneAdultoneChild
2018-05-14 20:44:46-main--INFO -com.ctaf.accelerators.TestEngine: Able to get TscreenShot
2018-05-14 20:45:02-main--INFO -com.ctaf.accelerators.TestEngine:Current Test : TC_23_oneWayDomesticOneAdultCheckInAR
2018-05-14 20:46:28-main--INFO -com.ctaf.accelerators.TestEngine: Able to get TscreenShot
2018-05-14 20:46:41-main--INFO -com.ctaf.accelerators.TestEngine:Current Test : TC_24_anonymousRtDomestic4AdultBusinessAR
2018-05-14 20:46:51-main--INFO -com.ctaf.accelerators.TestEngine: Able to get TscreenShot
2018-05-14 20:47:05-main--INFO -com.ctaf.accelerators.TestEngine:Current Test : TC_31_anonymousVerifingBoardingPassVlues
2018-05-14 20:49:37-main--INFO -com.ctaf.accelerators.TestEngine: Able to get TscreenShot
2018-05-14 20:49:56-main--INFO -com.ctaf.accelerators.TestEngine:Current Test : TC_32_anonymousReissueTheTicketWithHigherFare
2018-05-14 20:51:35-main--INFO -com.ctaf.accelerators.TestEngine: Able to get TscreenShot
2018-05-14 20:51:35-main--INFO -com.ctaf.accelerators.TestEngine: Able to get TscreenShot
2018-05-14 20:51:48-main--INFO -com.ctaf.accelerators.TestEngine:Current Test : TC_33_anonymousRevalidateTheTicketWithSameFare
2018-05-14 20:52:56-main--INFO -com.ctaf.accelerators.TestEngine:Current Test : TC_34_BaggageValidation
2018-05-14 20:53:06-main--INFO -com.ctaf.accelerators.TestEngine: Able to get TscreenShot
2018-05-14 20:53:17-main--INFO -com.ctaf.accelerators.TestEngine:Current Test : TC_35_AnonymousOneWayDomesticEconomy_MMB_ModifyExtrasSeat
2018-05-14 20:54:11-main--INFO -com.ctaf.accelerators.TestEngine: Able to get TscreenShot
2018-05-14 20:54:22-main--INFO -com.ctaf.accelerators.TestEngine:Current Test : TC_35_b_AnonymousOwIntlEconomy_MMB_ModifyExtrasSeat
2018-05-14 20:55:17-main--INFO -com.ctaf.accelerators.TestEngine: Able to get TscreenShot
2018-05-14 20:55:29-main--INFO -com.ctaf.accelerators.TestEngine:Current Test : TC_36_EmpLoginOnewayOneAdultStaffStandByModifyEXtras
2018-05-14 20:55:39-main--INFO -com.ctaf.accelerators.TestEngine: Able to get TscreenShot
2018-05-14 20:55:51-main--INFO -com.ctaf.accelerators.TestEngine:Current Test : TC_37_EmpLoginStaffConfirmedModifyExtras
2018-05-14 20:56:01-main--INFO -com.ctaf.accelerators.TestEngine: Able to get TscreenShot
2018-05-14 20:56:13-main--INFO -com.ctaf.accelerators.TestEngine:Current Test : TC_38_corporateLoginRoundTripModifyExtras
2018-05-14 20:56:23-main--INFO -com.ctaf.accelerators.TestEngine: Able to get TscreenShot
2018-05-14 20:56:34-main--INFO -com.ctaf.accelerators.TestEngine:Current Test : TC_39_agencyLoginRondTripModifyExtras
2018-05-14 20:56:45-main--INFO -com.ctaf.accelerators.TestEngine: Able to get TscreenShot
2018-05-14 20:56:56-main--INFO -com.ctaf.accelerators.TestEngine:Current Test : TC_45_oneWayDomCancelverifyMMB
2018-05-14 20:57:06-main--INFO -com.ctaf.accelerators.TestEngine: Able to get TscreenShot
2018-05-14 20:57:18-main--INFO -com.ctaf.accelerators.TestEngine:Current Test : TC_46_RTDomfullCancelVerifyMMB
2018-05-14 20:57:28-main--INFO -com.ctaf.accelerators.TestEngine: Able to get TscreenShot
2018-05-14 20:57:43-main--INFO -com.ctaf.accelerators.TestEngine:Current Test : TC_47_RTDomCancelDepartingleg
2018-05-14 21:00:38-main--INFO -com.ctaf.accelerators.TestEngine: Able to get TscreenShot
2018-05-14 21:00:50-main--INFO -com.ctaf.accelerators.TestEngine:Current Test : TC_48_RTDomCancelReturningleg
2018-05-14 21:03:47-main--INFO -com.ctaf.accelerators.TestEngine: Able to get TscreenShot
2018-05-14 21:04:00-main--INFO -com.ctaf.accelerators.TestEngine:Current Test : TC_49_RTIntlCancelDepartingleg
2018-05-14 21:06:54-main--INFO -com.ctaf.accelerators.TestEngine: Able to get TscreenShot
2018-05-14 21:07:10-main--INFO -com.ctaf.accelerators.TestEngine:Current Test : TC_50_RTIntlCancelReturningleg
2018-05-14 21:10:04-main--INFO -com.ctaf.accelerators.TestEngine: Able to get TscreenShot
2018-05-14 21:10:21-main--INFO -com.ctaf.accelerators.TestEngine:Current Test : TC_51_RTIntlfullCancelVerifyMMB
2018-05-14 21:13:16-main--INFO -com.ctaf.accelerators.TestEngine: Able to get TscreenShot
2018-05-14 21:13:28-main--INFO -com.ctaf.accelerators.TestEngine:Current Test : TC_52_oneWayDomMMBChangeDateCancel
2018-05-14 21:13:38-main--INFO -com.ctaf.accelerators.TestEngine: Able to get TscreenShot
2018-05-14 21:13:54-main--INFO -com.ctaf.accelerators.TestEngine:Current Test : TC_53_oneWayDomMMBChangeDateCheckIn
2018-05-14 21:16:35-main--INFO -com.ctaf.accelerators.TestEngine: Able to get TscreenShot
2018-05-14 21:16:47-main--INFO -com.ctaf.accelerators.TestEngine:Current Test : TC_54_RtDOMBookingCheckinNaSmiles
2018-05-14 21:16:57-main--INFO -com.ctaf.accelerators.TestEngine: Able to get TscreenShot
